03-09-2022 @ 09:18:33 - ---[ New import started at 2022-03-09 09:18:33 ] PHP Memory: 512 Mo, WP Memory: 40 Mo
03-09-2022 @ 09:18:33 - Preparing for import.
03-09-2022 @ 09:18:33 - Row :1 - Parsing item.
03-09-2022 @ 09:18:33 - Importing as new order ID:6653
03-09-2022 @ 09:18:33 - Row :1 - Processing item.
03-09-2022 @ 09:18:33 - Found order object. ID:6653
03-09-2022 @ 09:18:33 - Row :1 - Order imported successfully.
03-09-2022 @ 09:18:33 - Row :2 - Parsing item.
03-09-2022 @ 09:18:33 - Importing as new order ID:6654
03-09-2022 @ 09:18:33 - Row :2 - Processing item.
03-09-2022 @ 09:18:33 - Found order object. ID:6654
03-09-2022 @ 09:18:33 - Row :2 - Order imported successfully.
03-09-2022 @ 09:18:33 - Row :3 - Parsing item.
03-09-2022 @ 09:18:33 - Importing as new order ID:6655
03-09-2022 @ 09:18:33 - Row :3 - Processing item.
03-09-2022 @ 09:18:33 - Found order object. ID:6655
03-09-2022 @ 09:18:33 - Row :3 - Order imported successfully.
03-09-2022 @ 09:18:33 - Row :4 - Parsing item.
03-09-2022 @ 09:18:33 - Importing as new order ID:6656
03-09-2022 @ 09:18:33 - Row :4 - Processing item.
03-09-2022 @ 09:18:33 - Found order object. ID:6656
03-09-2022 @ 09:18:33 - Row :4 - Order imported successfully.
03-09-2022 @ 09:18:33 - Row :5 - Parsing item.
03-09-2022 @ 09:18:33 - Importing as new order ID:6657
03-09-2022 @ 09:18:33 - Row :5 - Processing item.
03-09-2022 @ 09:18:34 - Found order object. ID:6657
03-09-2022 @ 09:18:34 - Row :5 - Order imported successfully.
03-09-2022 @ 09:18:34 - Row :6 - Parsing item.
03-09-2022 @ 09:18:34 - Importing as new order ID:6658
03-09-2022 @ 09:18:34 - Row :6 - Processing item.
03-09-2022 @ 09:18:34 - Found order object. ID:6658
03-09-2022 @ 09:18:34 - Row :6 - Order imported successfully.
03-09-2022 @ 09:18:34 - Row :7 - Parsing item.
03-09-2022 @ 09:18:34 - Importing as new order ID:6659
03-09-2022 @ 09:18:34 - Row :7 - Processing item.
03-09-2022 @ 09:18:34 - Found order object. ID:6659
03-09-2022 @ 09:18:34 - Row :7 - Order imported successfully.
03-09-2022 @ 09:18:34 - Row :8 - Parsing item.
03-09-2022 @ 09:18:34 - Importing as new order ID:6660
03-09-2022 @ 09:18:34 - Row :8 - Processing item.
03-09-2022 @ 09:18:34 - Found order object. ID:6660
03-09-2022 @ 09:18:34 - Row :8 - Order imported successfully.
03-09-2022 @ 09:18:34 - Row :9 - Parsing item.
03-09-2022 @ 09:18:34 - Importing as new order ID:6661
03-09-2022 @ 09:18:34 - Row :9 - Processing item.
03-09-2022 @ 09:18:34 - Found order object. ID:6661
03-09-2022 @ 09:18:34 - Row :9 - Order imported successfully.
03-09-2022 @ 09:18:34 - Row :10 - Parsing item.
03-09-2022 @ 09:18:34 - Importing as new order ID:6662
03-09-2022 @ 09:18:34 - Row :10 - Processing item.
03-09-2022 @ 09:18:35 - Found order object. ID:6662
03-09-2022 @ 09:18:35 - Row :10 - Order imported successfully.
03-09-2022 @ 09:18:37 - Preparing for import.
03-09-2022 @ 09:18:37 - Row :11 - Parsing item.
03-09-2022 @ 09:18:37 - Importing as new order ID:6663
03-09-2022 @ 09:18:37 - Row :11 - Processing item.
03-09-2022 @ 09:18:37 - Found order object. ID:6663
03-09-2022 @ 09:18:37 - Row :11 - Order imported successfully.
03-09-2022 @ 09:18:37 - Row :12 - Parsing item.
03-09-2022 @ 09:18:37 - Importing as new order ID:6664
03-09-2022 @ 09:18:37 - Row :12 - Processing item.
03-09-2022 @ 09:18:37 - Found order object. ID:6664
03-09-2022 @ 09:18:37 - Row :12 - Order imported successfully.
03-09-2022 @ 09:18:37 - Row :13 - Parsing item.
03-09-2022 @ 09:18:37 - Importing as new order ID:6665
03-09-2022 @ 09:18:37 - Row :13 - Processing item.
03-09-2022 @ 09:18:37 - Found order object. ID:6665
03-09-2022 @ 09:18:38 - Row :13 - Order imported successfully.
03-09-2022 @ 09:18:38 - Row :14 - Parsing item.
03-09-2022 @ 09:18:38 - Importing as new order ID:6666
03-09-2022 @ 09:18:38 - Row :14 - Processing item.
03-09-2022 @ 09:18:38 - Found order object. ID:6666
03-09-2022 @ 09:18:38 - Row :14 - Order imported successfully.
03-09-2022 @ 09:18:38 - Row :15 - Parsing item.
03-09-2022 @ 09:18:38 - Importing as new order ID:6667
03-09-2022 @ 09:18:38 - Row :15 - Processing item.
03-09-2022 @ 09:18:38 - Found order object. ID:6667
03-09-2022 @ 09:18:38 - Row :15 - Order imported successfully.
03-09-2022 @ 09:18:38 - Row :16 - Parsing item.
03-09-2022 @ 09:18:38 - Importing as new order ID:6668
03-09-2022 @ 09:18:38 - Row :16 - Processing item.
03-09-2022 @ 09:18:38 - Found order object. ID:6668
03-09-2022 @ 09:18:38 - Row :16 - Order imported successfully.
03-09-2022 @ 09:18:38 - Row :17 - Parsing item.
03-09-2022 @ 09:18:38 - Importing as new order ID:6669
03-09-2022 @ 09:18:38 - Row :17 - Processing item.
03-09-2022 @ 09:18:38 - Found order object. ID:6669
03-09-2022 @ 09:18:38 - Row :17 - Order imported successfully.
03-09-2022 @ 09:18:38 - Row :18 - Parsing item.
03-09-2022 @ 09:18:38 - Importing as new order ID:6670
03-09-2022 @ 09:18:38 - Row :18 - Processing item.
03-09-2022 @ 09:18:39 - Found order object. ID:6670
03-09-2022 @ 09:18:39 - Row :18 - Order imported successfully.
03-09-2022 @ 09:18:39 - Row :19 - Parsing item.
03-09-2022 @ 09:18:39 - Importing as new order ID:6671
03-09-2022 @ 09:18:39 - Row :19 - Processing item.
03-09-2022 @ 09:18:39 - Found order object. ID:6671
03-09-2022 @ 09:18:39 - Row :19 - Order imported successfully.
03-09-2022 @ 09:18:39 - Row :20 - Parsing item.
03-09-2022 @ 09:18:39 - Importing as new order ID:6672
03-09-2022 @ 09:18:39 - Row :20 - Processing item.
03-09-2022 @ 09:18:39 - Found order object. ID:6672
03-09-2022 @ 09:18:39 - Row :20 - Order imported successfully.
