03-12-2022 @ 16:35:31 - ---[ New import started at 2022-03-12 16:35:31 ] PHP Memory: 512 Mo, WP Memory: 40 Mo
03-12-2022 @ 16:35:31 - Preparing for import.
03-12-2022 @ 16:35:31 - Row :1 - Parsing item.
03-12-2022 @ 16:35:31 - Row :1 - Parsing failed. Reason: Skipped. Unknown order status (canceled).
03-12-2022 @ 16:35:31 - Row :2 - Parsing item.
03-12-2022 @ 16:35:31 - Row :2 - Parsing failed. Reason: Importing Order(ID) conflicts with an existing post. ID: 2
03-12-2022 @ 16:35:31 - Row :3 - Parsing item.
03-12-2022 @ 16:35:31 - Row :3 - Parsing failed. Reason: Importing Order(ID) conflicts with an existing post. ID: 3
03-12-2022 @ 16:35:31 - Row :4 - Parsing item.
03-12-2022 @ 16:35:31 - Row :4 - Parsing failed. Reason: Date non valide.
03-12-2022 @ 16:35:31 - Row :5 - Parsing item.
03-12-2022 @ 16:35:31 - Row :5 - Parsing failed. Reason: Importing Order(ID) conflicts with an existing post. ID: 5
03-12-2022 @ 16:35:31 - Row :6 - Parsing item.
03-12-2022 @ 16:35:31 - Row :6 - Parsing failed. Reason: Importing Order(ID) conflicts with an existing post. ID: 7
03-12-2022 @ 16:35:31 - Row :7 - Parsing item.
03-12-2022 @ 16:35:31 - Row :7 - Parsing failed. Reason: Importing Order(ID) conflicts with an existing post. ID: 8
03-12-2022 @ 16:35:31 - Row :8 - Parsing item.
03-12-2022 @ 16:35:31 - Row :8 - Parsing failed. Reason: Importing Order(ID) conflicts with an existing post. ID: 9
03-12-2022 @ 16:35:31 - Row :9 - Parsing item.
03-12-2022 @ 16:35:31 - Row :9 - Parsing failed. Reason: Skipped. Invalid date format 15/05/2020 in column paid_date.
03-12-2022 @ 16:35:31 - Row :10 - Parsing item.
03-12-2022 @ 16:35:31 - Row :10 - Parsing failed. Reason: Skipped. Invalid date format 15/05/2020 in column paid_date.
03-12-2022 @ 16:35:32 - Preparing for import.
03-12-2022 @ 16:35:32 - Row :11 - Parsing item.
03-12-2022 @ 16:35:32 - Row :11 - Parsing failed. Reason: Skipped. Invalid date format 15/05/2020 in column paid_date.
03-12-2022 @ 16:35:32 - Row :12 - Parsing item.
03-12-2022 @ 16:35:32 - Row :12 - Parsing failed. Reason: Importing Order(ID) conflicts with an existing post. ID: 13
03-12-2022 @ 16:35:32 - Row :13 - Parsing item.
03-12-2022 @ 16:35:32 - Row :13 - Parsing failed. Reason: Importing Order(ID) conflicts with an existing post. ID: 14
03-12-2022 @ 16:35:32 - Row :14 - Parsing item.
03-12-2022 @ 16:35:32 - Row :14 - Parsing failed. Reason: Importing Order(ID) conflicts with an existing post. ID: 15
03-12-2022 @ 16:35:32 - Row :15 - Parsing item.
03-12-2022 @ 16:35:32 - Row :15 - Parsing failed. Reason: Importing Order(ID) conflicts with an existing post. ID: 16
03-12-2022 @ 16:35:32 - Row :16 - Parsing item.
03-12-2022 @ 16:35:32 - Row :16 - Parsing failed. Reason: Skipped. Invalid date format 15/05/2020 in column paid_date.
03-12-2022 @ 16:35:32 - Row :17 - Parsing item.
03-12-2022 @ 16:35:32 - Row :17 - Parsing failed. Reason: Importing Order(ID) conflicts with an existing post. ID: 18
03-12-2022 @ 16:35:32 - Row :18 - Parsing item.
03-12-2022 @ 16:35:32 - Row :18 - Parsing failed. Reason: Skipped. Invalid date format 15/05/2020 in column paid_date.
03-12-2022 @ 16:35:32 - Row :19 - Parsing item.
03-12-2022 @ 16:35:32 - Row :19 - Parsing failed. Reason: Importing Order(ID) conflicts with an existing post. ID: 20
03-12-2022 @ 16:35:32 - Row :20 - Parsing item.
03-12-2022 @ 16:35:32 - Row :20 - Parsing failed. Reason: Importing Order(ID) conflicts with an existing post. ID: 21
03-12-2022 @ 16:35:33 - Preparing for import.
03-12-2022 @ 16:35:33 - Row :21 - Parsing item.
03-12-2022 @ 16:35:33 - Row :21 - Parsing failed. Reason: Skipped. Invalid date format 15/05/2020 in column paid_date.
03-12-2022 @ 16:35:33 - Row :22 - Parsing item.
03-12-2022 @ 16:35:33 - Row :22 - Parsing failed. Reason: Skipped. Invalid date format 15/05/2020 in column paid_date.
03-12-2022 @ 16:35:33 - Row :23 - Parsing item.
03-12-2022 @ 16:35:33 - Row :23 - Parsing failed. Reason: Skipped. Invalid date format 15/05/2020 in column paid_date.
03-12-2022 @ 16:35:33 - Row :24 - Parsing item.
03-12-2022 @ 16:35:33 - Row :24 - Parsing failed. Reason: Skipped. Invalid date format 15/05/2020 in column paid_date.
03-12-2022 @ 16:35:33 - Row :25 - Parsing item.
03-12-2022 @ 16:35:33 - Row :25 - Parsing failed. Reason: Skipped. Invalid date format 15/05/2020 in column paid_date.
03-12-2022 @ 16:35:33 - Row :26 - Parsing item.
03-12-2022 @ 16:35:33 - Row :26 - Parsing failed. Reason: Skipped. Invalid date format 15/05/2020 in column paid_date.
03-12-2022 @ 16:35:33 - Row :27 - Parsing item.
03-12-2022 @ 16:35:33 - Row :27 - Parsing failed. Reason: Skipped. Invalid date format 15/05/2020 in column paid_date.
03-12-2022 @ 16:35:33 - Row :28 - Parsing item.
03-12-2022 @ 16:35:33 - Importing as new order ID:30
03-12-2022 @ 16:35:33 - Row :28 - Processing item.
03-12-2022 @ 16:35:33 - Found order object. ID:30
03-12-2022 @ 16:35:33 - Row :28 - Order imported successfully.
03-12-2022 @ 16:35:33 - Row :29 - Parsing item.
03-12-2022 @ 16:35:33 - Row :29 - Parsing failed. Reason: Skipped. Invalid date format 15/05/2020 in column paid_date.
03-12-2022 @ 16:35:33 - Row :30 - Parsing item.
03-12-2022 @ 16:35:33 - Row :30 - Parsing failed. Reason: Skipped. Invalid date format 15/05/2020 in column paid_date.
03-12-2022 @ 16:35:34 - Preparing for import.
03-12-2022 @ 16:35:34 - Row :31 - Parsing item.
03-12-2022 @ 16:35:34 - Row :31 - Parsing failed. Reason: Skipped. Invalid date format 15/05/2020 in column paid_date.
03-12-2022 @ 16:35:34 - Row :32 - Parsing item.
03-12-2022 @ 16:35:34 - Row :32 - Parsing failed. Reason: Skipped. Invalid date format 15/05/2020 in column paid_date.
03-12-2022 @ 16:35:34 - Row :33 - Parsing item.
03-12-2022 @ 16:35:34 - Importing as new order ID:35
03-12-2022 @ 16:35:34 - Row :33 - Processing item.
03-12-2022 @ 16:35:34 - Found order object. ID:35
03-12-2022 @ 16:35:34 - Row :33 - Order imported successfully.
03-12-2022 @ 16:35:34 - Row :34 - Parsing item.
03-12-2022 @ 16:35:34 - Row :34 - Parsing failed. Reason: Skipped. Invalid date format 15/05/2020 in column paid_date.
03-12-2022 @ 16:35:34 - Row :35 - Parsing item.
03-12-2022 @ 16:35:34 - Row :35 - Parsing failed. Reason: Skipped. Invalid date format 15/05/2020 in column paid_date.
03-12-2022 @ 16:35:34 - Row :36 - Parsing item.
03-12-2022 @ 16:35:34 - Row :36 - Parsing failed. Reason: Skipped. Invalid date format 15/05/2020 in column paid_date.
03-12-2022 @ 16:35:34 - Row :37 - Parsing item.
03-12-2022 @ 16:35:34 - Row :37 - Parsing failed. Reason: Skipped. Invalid date format 15/05/2020 in column paid_date.
03-12-2022 @ 16:35:34 - Row :38 - Parsing item.
03-12-2022 @ 16:35:34 - Row :38 - Parsing failed. Reason: Skipped. Invalid date format 15/05/2020 in column paid_date.
03-12-2022 @ 16:35:34 - Row :39 - Parsing item.
03-12-2022 @ 16:35:34 - Row :39 - Parsing failed. Reason: Skipped. Invalid date format 15/05/2020 in column paid_date.
03-12-2022 @ 16:35:34 - Row :40 - Parsing item.
03-12-2022 @ 16:35:34 - Importing as new order ID:42
03-12-2022 @ 16:35:34 - Row :40 - Processing item.
03-12-2022 @ 16:35:34 - Found order object. ID:42
03-12-2022 @ 16:35:34 - Row :40 - Order imported successfully.
03-12-2022 @ 16:35:35 - Preparing for import.
03-12-2022 @ 16:35:35 - Row :41 - Parsing item.
03-12-2022 @ 16:35:35 - Row :41 - Parsing failed. Reason: Skipped. Invalid date format 15/05/2020 in column paid_date.
03-12-2022 @ 16:35:35 - Row :42 - Parsing item.
03-12-2022 @ 16:35:35 - Row :42 - Parsing failed. Reason: Skipped. Invalid date format 15/05/2020 in column paid_date.
03-12-2022 @ 16:35:35 - Row :43 - Parsing item.
03-12-2022 @ 16:35:35 - Row :43 - Parsing failed. Reason: Skipped. Invalid date format 15/05/2020 in column paid_date.
03-12-2022 @ 16:35:35 - Row :44 - Parsing item.
03-12-2022 @ 16:35:35 - Importing as new order ID:46
03-12-2022 @ 16:35:35 - Row :44 - Processing item.
03-12-2022 @ 16:35:35 - Found order object. ID:46
03-12-2022 @ 16:35:36 - Row :44 - Order imported successfully.
03-12-2022 @ 16:35:36 - Row :45 - Parsing item.
03-12-2022 @ 16:35:36 - Row :45 - Parsing failed. Reason: Skipped. Invalid date format 15/05/2020 in column paid_date.
03-12-2022 @ 16:35:36 - Row :46 - Parsing item.
03-12-2022 @ 16:35:36 - Row :46 - Parsing failed. Reason: Skipped. Invalid date format 15/05/2020 in column paid_date.
03-12-2022 @ 16:35:36 - Row :47 - Parsing item.
03-12-2022 @ 16:35:36 - Row :47 - Parsing failed. Reason: Skipped. Invalid date format 15/05/2020 in column paid_date.
03-12-2022 @ 16:35:36 - Row :48 - Parsing item.
03-12-2022 @ 16:35:36 - Row :48 - Parsing failed. Reason: Importing Order(ID) conflicts with an existing post. ID: 50
03-12-2022 @ 16:35:36 - Row :49 - Parsing item.
03-12-2022 @ 16:35:36 - Row :49 - Parsing failed. Reason: Skipped. Invalid date format 15/05/2020 in column paid_date.
03-12-2022 @ 16:35:36 - Row :50 - Parsing item.
03-12-2022 @ 16:35:36 - Row :50 - Parsing failed. Reason: Skipped. Invalid date format 15/05/2020 in column paid_date.
03-12-2022 @ 16:35:36 - Preparing for import.
03-12-2022 @ 16:35:36 - Row :51 - Parsing item.
03-12-2022 @ 16:35:36 - Row :51 - Parsing failed. Reason: Skipped. Invalid date format 15/05/2020 in column paid_date.
03-12-2022 @ 16:35:36 - Row :52 - Parsing item.
03-12-2022 @ 16:35:36 - Row :52 - Parsing failed. Reason: Skipped. Invalid date format 15/05/2020 in column paid_date.
03-12-2022 @ 16:35:36 - Row :53 - Parsing item.
03-12-2022 @ 16:35:36 - Importing as new order ID:55
03-12-2022 @ 16:35:36 - Row :53 - Processing item.
03-12-2022 @ 16:35:36 - Found order object. ID:55
03-12-2022 @ 16:35:36 - Row :53 - Order imported successfully.
03-12-2022 @ 16:35:36 - Row :54 - Parsing item.
03-12-2022 @ 16:35:36 - Row :54 - Parsing failed. Reason: Skipped. Invalid date format 15/05/2020 in column paid_date.
03-12-2022 @ 16:35:36 - Row :55 - Parsing item.
03-12-2022 @ 16:35:36 - Row :55 - Parsing failed. Reason: Skipped. Invalid date format 15/05/2020 in column paid_date.
03-12-2022 @ 16:35:36 - Row :56 - Parsing item.
03-12-2022 @ 16:35:36 - Row :56 - Parsing failed. Reason: Skipped. Invalid date format 15/05/2020 in column paid_date.
03-12-2022 @ 16:35:36 - Row :57 - Parsing item.
03-12-2022 @ 16:35:36 - Row :57 - Parsing failed. Reason: Skipped. Invalid date format 15/05/2020 in column paid_date.
03-12-2022 @ 16:35:36 - Row :58 - Parsing item.
03-12-2022 @ 16:35:36 - Row :58 - Parsing failed. Reason: Skipped. Invalid date format 15/05/2020 in column paid_date.
03-12-2022 @ 16:35:36 - Row :59 - Parsing item.
03-12-2022 @ 16:35:36 - Row :59 - Parsing failed. Reason: Skipped. Invalid date format 15/05/2020 in column paid_date.
03-12-2022 @ 16:35:36 - Row :60 - Parsing item.
03-12-2022 @ 16:35:36 - Row :60 - Parsing failed. Reason: Skipped. Invalid date format 15/05/2020 in column paid_date.
03-12-2022 @ 16:35:37 - Preparing for import.
03-12-2022 @ 16:35:37 - Row :61 - Parsing item.
03-12-2022 @ 16:35:37 - Row :61 - Parsing failed. Reason: Skipped. Invalid date format 15/05/2020 in column paid_date.
03-12-2022 @ 16:35:37 - Row :62 - Parsing item.
03-12-2022 @ 16:35:37 - Row :62 - Parsing failed. Reason: Skipped. Invalid date format 15/05/2020 in column paid_date.
03-12-2022 @ 16:35:37 - Row :63 - Parsing item.
03-12-2022 @ 16:35:37 - Row :63 - Parsing failed. Reason: Skipped. Invalid date format 15/05/2020 in column paid_date.
03-12-2022 @ 16:35:37 - Row :64 - Parsing item.
03-12-2022 @ 16:35:37 - Importing as new order ID:66
03-12-2022 @ 16:35:37 - Row :64 - Processing item.
03-12-2022 @ 16:35:37 - Found order object. ID:66
03-12-2022 @ 16:35:37 - Row :64 - Order imported successfully.
03-12-2022 @ 16:35:37 - Row :65 - Parsing item.
03-12-2022 @ 16:35:37 - Row :65 - Parsing failed. Reason: Skipped. Invalid date format 13/05/2020 in column order_date.
03-12-2022 @ 16:35:37 - Row :66 - Parsing item.
03-12-2022 @ 16:35:37 - Row :66 - Parsing failed. Reason: Skipped. Invalid date format 13/05/2020 in column order_date.
03-12-2022 @ 16:35:37 - Row :67 - Parsing item.
03-12-2022 @ 16:35:37 - Row :67 - Parsing failed. Reason: Skipped. Invalid date format 14/05/2020 in column order_date.
03-12-2022 @ 16:35:37 - Row :68 - Parsing item.
03-12-2022 @ 16:35:37 - Row :68 - Parsing failed. Reason: Skipped. Invalid date format 14/05/2020 in column order_date.
03-12-2022 @ 16:35:37 - Row :69 - Parsing item.
03-12-2022 @ 16:35:37 - Row :69 - Parsing failed. Reason: Skipped. Invalid date format 14/05/2020 in column order_date.
03-12-2022 @ 16:35:37 - Row :70 - Parsing item.
03-12-2022 @ 16:35:37 - Row :70 - Parsing failed. Reason: Skipped. Invalid date format 15/05/2020 in column order_date.
03-12-2022 @ 16:35:38 - Preparing for import.
03-12-2022 @ 16:35:38 - Row :71 - Parsing item.
03-12-2022 @ 16:35:38 - Row :71 - Parsing failed. Reason: Skipped. Invalid date format 16/05/2020 in column order_date.
03-12-2022 @ 16:35:38 - Row :72 - Parsing item.
03-12-2022 @ 16:35:38 - Row :72 - Parsing failed. Reason: Skipped. Invalid date format 16/05/2020 in column order_date.
03-12-2022 @ 16:35:38 - Row :73 - Parsing item.
03-12-2022 @ 16:35:38 - Row :73 - Parsing failed. Reason: Skipped. Invalid date format 18/05/2020 in column order_date.
03-12-2022 @ 16:35:38 - Row :74 - Parsing item.
03-12-2022 @ 16:35:38 - Row :74 - Parsing failed. Reason: Skipped. Invalid date format 18/05/2020 in column order_date.
03-12-2022 @ 16:35:38 - Row :75 - Parsing item.
03-12-2022 @ 16:35:38 - Row :75 - Parsing failed. Reason: Skipped. Invalid date format 20/05/2020 in column order_date.
03-12-2022 @ 16:35:38 - Row :76 - Parsing item.
03-12-2022 @ 16:35:38 - Row :76 - Parsing failed. Reason: Skipped. Invalid date format 20/05/2020 in column order_date.
03-12-2022 @ 16:35:38 - Row :77 - Parsing item.
03-12-2022 @ 16:35:38 - Row :77 - Parsing failed. Reason: Skipped. Invalid date format 20/05/2020 in column order_date.
03-12-2022 @ 16:35:38 - Row :78 - Parsing item.
03-12-2022 @ 16:35:38 - Row :78 - Parsing failed. Reason: Skipped. Invalid date format 20/05/2020 in column order_date.
03-12-2022 @ 16:35:38 - Row :79 - Parsing item.
03-12-2022 @ 16:35:38 - Row :79 - Parsing failed. Reason: Skipped. Invalid date format 20/05/2020 in column order_date.
03-12-2022 @ 16:35:38 - Row :80 - Parsing item.
03-12-2022 @ 16:35:38 - Row :80 - Parsing failed. Reason: Skipped. Invalid date format 21/05/2020 in column order_date.
03-12-2022 @ 16:35:38 - Preparing for import.
03-12-2022 @ 16:35:38 - Row :81 - Parsing item.
03-12-2022 @ 16:35:38 - Row :81 - Parsing failed. Reason: Skipped. Invalid date format 21/05/2020 in column order_date.
03-12-2022 @ 16:35:38 - Row :82 - Parsing item.
03-12-2022 @ 16:35:38 - Row :82 - Parsing failed. Reason: Skipped. Invalid date format 21/05/2020 in column order_date.
03-12-2022 @ 16:35:38 - Row :83 - Parsing item.
03-12-2022 @ 16:35:38 - Row :83 - Parsing failed. Reason: Skipped. Invalid date format 21/05/2020 in column order_date.
03-12-2022 @ 16:35:38 - Row :84 - Parsing item.
03-12-2022 @ 16:35:38 - Row :84 - Parsing failed. Reason: Skipped. Invalid date format 21/05/2020 in column order_date.
03-12-2022 @ 16:35:38 - Row :85 - Parsing item.
03-12-2022 @ 16:35:38 - Row :85 - Parsing failed. Reason: Skipped. Invalid date format 21/05/2020 in column order_date.
03-12-2022 @ 16:35:38 - Row :86 - Parsing item.
03-12-2022 @ 16:35:38 - Row :86 - Parsing failed. Reason: Skipped. Invalid date format 22/05/2020 in column order_date.
03-12-2022 @ 16:35:38 - Row :87 - Parsing item.
03-12-2022 @ 16:35:38 - Row :87 - Parsing failed. Reason: Skipped. Invalid date format 22/05/2020 in column order_date.
03-12-2022 @ 16:35:38 - Row :88 - Parsing item.
03-12-2022 @ 16:35:38 - Row :88 - Parsing failed. Reason: Skipped. Invalid date format 29/05/2020 in column order_date.
03-12-2022 @ 16:35:38 - Row :89 - Parsing item.
03-12-2022 @ 16:35:38 - Row :89 - Parsing failed. Reason: Skipped. Invalid date format 23/05/2020 in column order_date.
03-12-2022 @ 16:35:38 - Row :90 - Parsing item.
03-12-2022 @ 16:35:38 - Row :90 - Parsing failed. Reason: Skipped. Invalid date format 24/05/2020 in column order_date.
03-12-2022 @ 16:35:39 - Preparing for import.
03-12-2022 @ 16:35:39 - Row :91 - Parsing item.
03-12-2022 @ 16:35:39 - Row :91 - Parsing failed. Reason: Skipped. Invalid date format 24/05/2020 in column order_date.
03-12-2022 @ 16:35:39 - Row :92 - Parsing item.
03-12-2022 @ 16:35:39 - Row :92 - Parsing failed. Reason: Skipped. Invalid date format 26/05/2020 in column order_date.
03-12-2022 @ 16:35:39 - Row :93 - Parsing item.
03-12-2022 @ 16:35:39 - Row :93 - Parsing failed. Reason: Skipped. Invalid date format 26/05/2020 in column order_date.
03-12-2022 @ 16:35:39 - Row :94 - Parsing item.
03-12-2022 @ 16:35:39 - Row :94 - Parsing failed. Reason: Skipped. Invalid date format 26/05/2020 in column order_date.
03-12-2022 @ 16:35:39 - Row :95 - Parsing item.
03-12-2022 @ 16:35:39 - Row :95 - Parsing failed. Reason: Skipped. Invalid date format 29/05/2020 in column order_date.
03-12-2022 @ 16:35:39 - Row :96 - Parsing item.
03-12-2022 @ 16:35:39 - Row :96 - Parsing failed. Reason: Skipped. Invalid date format 27/05/2020 in column order_date.
03-12-2022 @ 16:35:39 - Row :97 - Parsing item.
03-12-2022 @ 16:35:39 - Row :97 - Parsing failed. Reason: Skipped. Invalid date format 27/05/2020 in column order_date.
03-12-2022 @ 16:35:39 - Row :98 - Parsing item.
03-12-2022 @ 16:35:39 - Row :98 - Parsing failed. Reason: Skipped. Invalid date format 28/05/2020 in column order_date.
03-12-2022 @ 16:35:39 - Row :99 - Parsing item.
03-12-2022 @ 16:35:39 - Row :99 - Parsing failed. Reason: Skipped. Invalid date format 29/05/2020 in column order_date.
03-12-2022 @ 16:35:39 - Row :100 - Parsing item.
03-12-2022 @ 16:35:39 - Row :100 - Parsing failed. Reason: Skipped. Invalid date format 29/05/2020 in column order_date.
03-12-2022 @ 16:35:40 - Preparing for import.
03-12-2022 @ 16:35:40 - Row :101 - Parsing item.
03-12-2022 @ 16:35:40 - Row :101 - Parsing failed. Reason: Skipped. Invalid date format 29/05/2020 in column order_date.
03-12-2022 @ 16:35:40 - Row :102 - Parsing item.
03-12-2022 @ 16:35:40 - Row :102 - Parsing failed. Reason: Skipped. Invalid date format 30/05/2020 in column order_date.
03-12-2022 @ 16:35:40 - Row :103 - Parsing item.
03-12-2022 @ 16:35:40 - Row :103 - Parsing failed. Reason: Skipped. Invalid date format 30/05/2020 in column order_date.
03-12-2022 @ 16:35:40 - Row :104 - Parsing item.
03-12-2022 @ 16:35:40 - Row :104 - Parsing failed. Reason: Skipped. Invalid date format 30/05/2020 in column order_date.
03-12-2022 @ 16:35:40 - Row :105 - Parsing item.
03-12-2022 @ 16:35:40 - Row :105 - Parsing failed. Reason: Skipped. Invalid date format 30/05/2020 in column order_date.
03-12-2022 @ 16:35:40 - Row :106 - Parsing item.
03-12-2022 @ 16:35:40 - Row :106 - Parsing failed. Reason: Skipped. Invalid date format 31/05/2020 in column order_date.
03-12-2022 @ 16:35:40 - Row :107 - Parsing item.
03-12-2022 @ 16:35:40 - Importing as new order ID:109
03-12-2022 @ 16:35:40 - Row :107 - Processing item.
03-12-2022 @ 16:35:40 - Found order object. ID:109
03-12-2022 @ 16:35:40 - Row :107 - Order imported successfully.
03-12-2022 @ 16:35:40 - Row :108 - Parsing item.
03-12-2022 @ 16:35:40 - Row :108 - Parsing failed. Reason: Skipped. Invalid date format 30/06/2020 in column paid_date.
03-12-2022 @ 16:35:40 - Row :109 - Parsing item.
03-12-2022 @ 16:35:40 - Importing as new order ID:111
03-12-2022 @ 16:35:40 - Row :109 - Processing item.
03-12-2022 @ 16:35:40 - Found order object. ID:111
03-12-2022 @ 16:35:40 - Row :109 - Order imported successfully.
03-12-2022 @ 16:35:40 - Row :110 - Parsing item.
03-12-2022 @ 16:35:40 - Importing as new order ID:112
03-12-2022 @ 16:35:40 - Row :110 - Processing item.
03-12-2022 @ 16:35:40 - Found order object. ID:112
03-12-2022 @ 16:35:40 - Row :110 - Order imported successfully.
03-12-2022 @ 16:35:41 - Preparing for import.
03-12-2022 @ 16:35:41 - Row :111 - Parsing item.
03-12-2022 @ 16:35:41 - Importing as new order ID:113
03-12-2022 @ 16:35:41 - Row :111 - Processing item.
03-12-2022 @ 16:35:41 - Found order object. ID:113
03-12-2022 @ 16:35:41 - Row :111 - Order imported successfully.
03-12-2022 @ 16:35:41 - Row :112 - Parsing item.
03-12-2022 @ 16:35:41 - Importing as new order ID:114
03-12-2022 @ 16:35:41 - Row :112 - Processing item.
03-12-2022 @ 16:35:41 - Found order object. ID:114
03-12-2022 @ 16:35:41 - Row :112 - Order imported successfully.
03-12-2022 @ 16:35:41 - Row :113 - Parsing item.
03-12-2022 @ 16:35:41 - Importing as new order ID:115
03-12-2022 @ 16:35:41 - Row :113 - Processing item.
03-12-2022 @ 16:35:41 - Found order object. ID:115
03-12-2022 @ 16:35:42 - Row :113 - Order imported successfully.
03-12-2022 @ 16:35:42 - Row :114 - Parsing item.
03-12-2022 @ 16:35:42 - Importing as new order ID:116
03-12-2022 @ 16:35:42 - Row :114 - Processing item.
03-12-2022 @ 16:35:42 - Found order object. ID:116
03-12-2022 @ 16:35:42 - Row :114 - Order imported successfully.
03-12-2022 @ 16:35:42 - Row :115 - Parsing item.
03-12-2022 @ 16:35:42 - Row :115 - Parsing failed. Reason: Skipped. Invalid date format 30/06/2020 in column paid_date.
03-12-2022 @ 16:35:42 - Row :116 - Parsing item.
03-12-2022 @ 16:35:42 - Importing as new order ID:118
03-12-2022 @ 16:35:42 - Row :116 - Processing item.
03-12-2022 @ 16:35:42 - Found order object. ID:118
03-12-2022 @ 16:35:42 - Row :116 - Order imported successfully.
03-12-2022 @ 16:35:42 - Row :117 - Parsing item.
03-12-2022 @ 16:35:42 - Row :117 - Parsing failed. Reason: Skipped. Invalid date format 13/06/2020 in column paid_date.
03-12-2022 @ 16:35:42 - Row :118 - Parsing item.
03-12-2022 @ 16:35:42 - Row :118 - Parsing failed. Reason: Skipped. Invalid date format 30/06/2020 in column paid_date.
03-12-2022 @ 16:35:42 - Row :119 - Parsing item.
03-12-2022 @ 16:35:42 - Row :119 - Parsing failed. Reason: Skipped. Invalid date format 30/06/2020 in column paid_date.
03-12-2022 @ 16:35:42 - Row :120 - Parsing item.
03-12-2022 @ 16:35:42 - Row :120 - Parsing failed. Reason: Skipped. Invalid date format 20/06/2020 in column order_date.
03-12-2022 @ 16:35:42 - Preparing for import.
03-12-2022 @ 16:35:42 - Row :121 - Parsing item.
03-12-2022 @ 16:35:42 - Row :121 - Parsing failed. Reason: Skipped. Invalid date format 13/06/2020 in column order_date.
03-12-2022 @ 16:35:42 - Row :122 - Parsing item.
03-12-2022 @ 16:35:42 - Row :122 - Parsing failed. Reason: Skipped. Invalid date format 14/06/2020 in column order_date.
03-12-2022 @ 16:35:42 - Row :123 - Parsing item.
03-12-2022 @ 16:35:42 - Row :123 - Parsing failed. Reason: Skipped. Invalid date format 14/06/2020 in column order_date.
03-12-2022 @ 16:35:42 - Row :124 - Parsing item.
03-12-2022 @ 16:35:42 - Row :124 - Parsing failed. Reason: Skipped. Invalid date format 20/06/2020 in column order_date.
03-12-2022 @ 16:35:42 - Row :125 - Parsing item.
03-12-2022 @ 16:35:42 - Row :125 - Parsing failed. Reason: Skipped. Invalid date format 14/06/2020 in column order_date.
03-12-2022 @ 16:35:42 - Row :126 - Parsing item.
03-12-2022 @ 16:35:42 - Row :126 - Parsing failed. Reason: Skipped. Invalid date format 15/06/2020 in column order_date.
03-12-2022 @ 16:35:42 - Row :127 - Parsing item.
03-12-2022 @ 16:35:42 - Row :127 - Parsing failed. Reason: Skipped. Invalid date format 15/06/2020 in column order_date.
03-12-2022 @ 16:35:42 - Row :128 - Parsing item.
03-12-2022 @ 16:35:42 - Row :128 - Parsing failed. Reason: Skipped. Invalid date format 15/06/2020 in column order_date.
03-12-2022 @ 16:35:42 - Row :129 - Parsing item.
03-12-2022 @ 16:35:42 - Row :129 - Parsing failed. Reason: Skipped. Invalid date format 16/06/2020 in column order_date.
03-12-2022 @ 16:35:42 - Row :130 - Parsing item.
03-12-2022 @ 16:35:42 - Row :130 - Parsing failed. Reason: Skipped. Invalid date format 16/06/2020 in column order_date.
03-12-2022 @ 16:35:43 - Preparing for import.
03-12-2022 @ 16:35:43 - Row :131 - Parsing item.
03-12-2022 @ 16:35:43 - Row :131 - Parsing failed. Reason: Skipped. Invalid date format 17/06/2020 in column order_date.
03-12-2022 @ 16:35:43 - Row :132 - Parsing item.
03-12-2022 @ 16:35:43 - Row :132 - Parsing failed. Reason: Skipped. Invalid date format 18/06/2020 in column order_date.
03-12-2022 @ 16:35:43 - Row :133 - Parsing item.
03-12-2022 @ 16:35:43 - Row :133 - Parsing failed. Reason: Skipped. Invalid date format 18/06/2020 in column order_date.
03-12-2022 @ 16:35:43 - Row :134 - Parsing item.
03-12-2022 @ 16:35:43 - Row :134 - Parsing failed. Reason: Skipped. Invalid date format 19/06/2020 in column order_date.
03-12-2022 @ 16:35:43 - Row :135 - Parsing item.
03-12-2022 @ 16:35:43 - Row :135 - Parsing failed. Reason: Skipped. Invalid date format 23/06/2020 in column order_date.
03-12-2022 @ 16:35:43 - Row :136 - Parsing item.
03-12-2022 @ 16:35:43 - Row :136 - Parsing failed. Reason: Skipped. Invalid date format 24/06/2020 in column order_date.
03-12-2022 @ 16:35:43 - Row :137 - Parsing item.
03-12-2022 @ 16:35:43 - Row :137 - Parsing failed. Reason: Skipped. Invalid date format 24/06/2020 in column order_date.
03-12-2022 @ 16:35:43 - Row :138 - Parsing item.
03-12-2022 @ 16:35:43 - Row :138 - Parsing failed. Reason: Skipped. Invalid date format 30/06/2020 in column order_date.
03-12-2022 @ 16:35:43 - Row :139 - Parsing item.
03-12-2022 @ 16:35:43 - Row :139 - Parsing failed. Reason: Skipped. Invalid date format 15/07/2020 in column paid_date.
03-12-2022 @ 16:35:43 - Row :140 - Parsing item.
03-12-2022 @ 16:35:43 - Row :140 - Parsing failed. Reason: Skipped. Invalid date format 22/07/2020 in column paid_date.
03-12-2022 @ 16:35:44 - Preparing for import.
03-12-2022 @ 16:35:44 - Row :141 - Parsing item.
03-12-2022 @ 16:35:44 - Row :141 - Parsing failed. Reason: Skipped. Invalid date format 22/07/2020 in column paid_date.
03-12-2022 @ 16:35:44 - Row :142 - Parsing item.
03-12-2022 @ 16:35:44 - Row :142 - Parsing failed. Reason: Skipped. Invalid date format 15/07/2020 in column paid_date.
03-12-2022 @ 16:35:44 - Row :143 - Parsing item.
03-12-2022 @ 16:35:44 - Row :143 - Parsing failed. Reason: Skipped. Invalid date format 22/07/2020 in column paid_date.
03-12-2022 @ 16:35:44 - Row :144 - Parsing item.
03-12-2022 @ 16:35:44 - Row :144 - Parsing failed. Reason: Skipped. Invalid date format 22/07/2020 in column paid_date.
03-12-2022 @ 16:35:44 - Row :145 - Parsing item.
03-12-2022 @ 16:35:44 - Row :145 - Parsing failed. Reason: Skipped. Invalid date format 22/07/2020 in column paid_date.
03-12-2022 @ 16:35:44 - Row :146 - Parsing item.
03-12-2022 @ 16:35:44 - Row :146 - Parsing failed. Reason: Skipped. Invalid date format 15/07/2020 in column paid_date.
03-12-2022 @ 16:35:44 - Row :147 - Parsing item.
03-12-2022 @ 16:35:44 - Row :147 - Parsing failed. Reason: Skipped. Invalid date format 21/07/2020 in column paid_date.
03-12-2022 @ 16:35:44 - Row :148 - Parsing item.
03-12-2022 @ 16:35:44 - Row :148 - Parsing failed. Reason: Skipped. Invalid date format 21/07/2020 in column paid_date.
03-12-2022 @ 16:35:44 - Row :149 - Parsing item.
03-12-2022 @ 16:35:44 - Row :149 - Parsing failed. Reason: Skipped. Invalid date format 22/07/2020 in column order_date.
03-12-2022 @ 16:35:44 - Row :150 - Parsing item.
03-12-2022 @ 16:35:44 - Row :150 - Parsing failed. Reason: Skipped. Invalid date format 14/07/2020 in column order_date.
03-12-2022 @ 16:35:44 - Preparing for import.
03-12-2022 @ 16:35:44 - Row :151 - Parsing item.
03-12-2022 @ 16:35:44 - Row :151 - Parsing failed. Reason: Skipped. Invalid date format 15/07/2020 in column order_date.
03-12-2022 @ 16:35:44 - Row :152 - Parsing item.
03-12-2022 @ 16:35:44 - Row :152 - Parsing failed. Reason: Skipped. Invalid date format 16/07/2020 in column order_date.
03-12-2022 @ 16:35:44 - Row :153 - Parsing item.
03-12-2022 @ 16:35:44 - Row :153 - Parsing failed. Reason: Skipped. Invalid date format 18/07/2020 in column order_date.
03-12-2022 @ 16:35:44 - Row :154 - Parsing item.
03-12-2022 @ 16:35:44 - Row :154 - Parsing failed. Reason: Skipped. Invalid date format 25/07/2020 in column order_date.
03-12-2022 @ 16:35:44 - Row :155 - Parsing item.
03-12-2022 @ 16:35:44 - Row :155 - Parsing failed. Reason: Skipped. Invalid date format 18/07/2020 in column order_date.
03-12-2022 @ 16:35:44 - Row :156 - Parsing item.
03-12-2022 @ 16:35:44 - Row :156 - Parsing failed. Reason: Skipped. Invalid date format 19/07/2020 in column order_date.
03-12-2022 @ 16:35:44 - Row :157 - Parsing item.
03-12-2022 @ 16:35:44 - Row :157 - Parsing failed. Reason: Skipped. Invalid date format 22/07/2020 in column order_date.
03-12-2022 @ 16:35:44 - Row :158 - Parsing item.
03-12-2022 @ 16:35:44 - Row :158 - Parsing failed. Reason: Skipped. Invalid date format 22/07/2020 in column order_date.
03-12-2022 @ 16:35:44 - Row :159 - Parsing item.
03-12-2022 @ 16:35:44 - Row :159 - Parsing failed. Reason: Skipped. Invalid date format 22/07/2020 in column order_date.
03-12-2022 @ 16:35:44 - Row :160 - Parsing item.
03-12-2022 @ 16:35:44 - Row :160 - Parsing failed. Reason: Skipped. Invalid date format 22/07/2020 in column order_date.
03-12-2022 @ 16:35:45 - Preparing for import.
03-12-2022 @ 16:35:45 - Row :161 - Parsing item.
03-12-2022 @ 16:35:45 - Row :161 - Parsing failed. Reason: Skipped. Invalid date format 23/07/2020 in column order_date.
03-12-2022 @ 16:35:45 - Row :162 - Parsing item.
03-12-2022 @ 16:35:45 - Row :162 - Parsing failed. Reason: Skipped. Invalid date format 23/07/2020 in column order_date.
03-12-2022 @ 16:35:45 - Row :163 - Parsing item.
03-12-2022 @ 16:35:45 - Row :163 - Parsing failed. Reason: Skipped. Invalid date format 24/07/2020 in column order_date.
03-12-2022 @ 16:35:45 - Row :164 - Parsing item.
03-12-2022 @ 16:35:45 - Row :164 - Parsing failed. Reason: Skipped. Invalid date format 25/07/2020 in column order_date.
03-12-2022 @ 16:35:45 - Row :165 - Parsing item.
03-12-2022 @ 16:35:45 - Row :165 - Parsing failed. Reason: Skipped. Invalid date format 26/07/2020 in column order_date.
03-12-2022 @ 16:35:45 - Row :166 - Parsing item.
03-12-2022 @ 16:35:45 - Row :166 - Parsing failed. Reason: Skipped. Invalid date format 26/07/2020 in column order_date.
03-12-2022 @ 16:35:45 - Row :167 - Parsing item.
03-12-2022 @ 16:35:45 - Row :167 - Parsing failed. Reason: Skipped. Invalid date format 27/07/2020 in column order_date.
03-12-2022 @ 16:35:45 - Row :168 - Parsing item.
03-12-2022 @ 16:35:45 - Importing as new order ID:170
03-12-2022 @ 16:35:45 - Row :168 - Processing item.
03-12-2022 @ 16:35:45 - Found order object. ID:170
03-12-2022 @ 16:35:45 - Row :168 - Order imported successfully.
03-12-2022 @ 16:35:45 - Row :169 - Parsing item.
03-12-2022 @ 16:35:45 - Importing as new order ID:171
03-12-2022 @ 16:35:45 - Row :169 - Processing item.
03-12-2022 @ 16:35:45 - Found order object. ID:171
03-12-2022 @ 16:35:45 - Row :169 - Order imported successfully.
03-12-2022 @ 16:35:45 - Row :170 - Parsing item.
03-12-2022 @ 16:35:45 - Importing as new order ID:172
03-12-2022 @ 16:35:45 - Row :170 - Processing item.
03-12-2022 @ 16:35:45 - Found order object. ID:172
03-12-2022 @ 16:35:46 - Row :170 - Order imported successfully.
03-12-2022 @ 16:35:46 - Preparing for import.
03-12-2022 @ 16:35:46 - Row :171 - Parsing item.
03-12-2022 @ 16:35:46 - Row :171 - Parsing failed. Reason: Skipped. Invalid date format 27/08/2020 in column paid_date.
03-12-2022 @ 16:35:46 - Row :172 - Parsing item.
03-12-2022 @ 16:35:46 - Row :172 - Parsing failed. Reason: Skipped. Invalid date format 27/08/2020 in column paid_date.
03-12-2022 @ 16:35:46 - Row :173 - Parsing item.
03-12-2022 @ 16:35:46 - Importing as new order ID:175
03-12-2022 @ 16:35:46 - Row :173 - Processing item.
03-12-2022 @ 16:35:46 - Found order object. ID:175
03-12-2022 @ 16:35:46 - Row :173 - Order imported successfully.
03-12-2022 @ 16:35:46 - Row :174 - Parsing item.
03-12-2022 @ 16:35:46 - Row :174 - Parsing failed. Reason: Skipped. Invalid date format 25/08/2020 in column order_date.
03-12-2022 @ 16:35:46 - Row :175 - Parsing item.
03-12-2022 @ 16:35:46 - Row :175 - Parsing failed. Reason: Skipped. Invalid date format 26/08/2020 in column order_date.
03-12-2022 @ 16:35:46 - Row :176 - Parsing item.
03-12-2022 @ 16:35:46 - Row :176 - Parsing failed. Reason: Skipped. Invalid date format 30/08/2020 in column order_date.
03-12-2022 @ 16:35:46 - Row :177 - Parsing item.
03-12-2022 @ 16:35:46 - Importing as new order ID:179
03-12-2022 @ 16:35:46 - Row :177 - Processing item.
03-12-2022 @ 16:35:46 - Found order object. ID:179
03-12-2022 @ 16:35:47 - Row :177 - Order imported successfully.
03-12-2022 @ 16:35:47 - Row :178 - Parsing item.
03-12-2022 @ 16:35:47 - Importing as new order ID:180
03-12-2022 @ 16:35:47 - Row :178 - Processing item.
03-12-2022 @ 16:35:47 - Found order object. ID:180
03-12-2022 @ 16:35:47 - Row :178 - Order imported successfully.
03-12-2022 @ 16:35:47 - Row :179 - Parsing item.
03-12-2022 @ 16:35:47 - Row :179 - Parsing failed. Reason: Skipped. Invalid date format 21/10/2020 in column paid_date.
03-12-2022 @ 16:35:47 - Row :180 - Parsing item.
03-12-2022 @ 16:35:47 - Row :180 - Parsing failed. Reason: Skipped. Invalid date format 16/09/2020 in column paid_date.
03-12-2022 @ 16:35:48 - Preparing for import.
03-12-2022 @ 16:35:48 - Row :181 - Parsing item.
03-12-2022 @ 16:35:48 - Importing as new order ID:183
03-12-2022 @ 16:35:48 - Row :181 - Processing item.
03-12-2022 @ 16:35:48 - Found order object. ID:183
03-12-2022 @ 16:35:48 - Row :181 - Order imported successfully.
03-12-2022 @ 16:35:48 - Row :182 - Parsing item.
03-12-2022 @ 16:35:48 - Row :182 - Parsing failed. Reason: Importing Order(ID) conflicts with an existing post. ID: 184
03-12-2022 @ 16:35:48 - Row :183 - Parsing item.
03-12-2022 @ 16:35:48 - Row :183 - Parsing failed. Reason: Skipped. Invalid date format 16/09/2020 in column paid_date.
03-12-2022 @ 16:35:48 - Row :184 - Parsing item.
03-12-2022 @ 16:35:48 - Row :184 - Parsing failed. Reason: Importing Order(ID) conflicts with an existing post. ID: 186
03-12-2022 @ 16:35:48 - Row :185 - Parsing item.
03-12-2022 @ 16:35:48 - Row :185 - Parsing failed. Reason: Skipped. Invalid date format 16/09/2020 in column order_date.
03-12-2022 @ 16:35:48 - Row :186 - Parsing item.
03-12-2022 @ 16:35:48 - Row :186 - Parsing failed. Reason: Skipped. Invalid date format 14/09/2020 in column order_date.
03-12-2022 @ 16:35:48 - Row :187 - Parsing item.
03-12-2022 @ 16:35:48 - Row :187 - Parsing failed. Reason: Skipped. Invalid date format 15/09/2020 in column order_date.
03-12-2022 @ 16:35:48 - Row :188 - Parsing item.
03-12-2022 @ 16:35:48 - Row :188 - Parsing failed. Reason: Skipped. Invalid date format 15/09/2020 in column order_date.
03-12-2022 @ 16:35:48 - Row :189 - Parsing item.
03-12-2022 @ 16:35:48 - Row :189 - Parsing failed. Reason: Skipped. Invalid date format 20/09/2020 in column order_date.
03-12-2022 @ 16:35:48 - Row :190 - Parsing item.
03-12-2022 @ 16:35:48 - Row :190 - Parsing failed. Reason: Skipped. Invalid date format 20/09/2020 in column order_date.
03-12-2022 @ 16:35:49 - Preparing for import.
03-12-2022 @ 16:35:49 - Row :191 - Parsing item.
03-12-2022 @ 16:35:49 - Row :191 - Parsing failed. Reason: Skipped. Invalid date format 23/09/2020 in column order_date.
03-12-2022 @ 16:35:49 - Row :192 - Parsing item.
03-12-2022 @ 16:35:49 - Row :192 - Parsing failed. Reason: Skipped. Invalid date format 21/09/2020 in column order_date.
03-12-2022 @ 16:35:49 - Row :193 - Parsing item.
03-12-2022 @ 16:35:49 - Row :193 - Parsing failed. Reason: Skipped. Invalid date format 21/09/2020 in column order_date.
03-12-2022 @ 16:35:49 - Row :194 - Parsing item.
03-12-2022 @ 16:35:49 - Row :194 - Parsing failed. Reason: Skipped. Invalid date format 21/09/2020 in column order_date.
03-12-2022 @ 16:35:49 - Row :195 - Parsing item.
03-12-2022 @ 16:35:49 - Row :195 - Parsing failed. Reason: Importing Order(ID) conflicts with an existing post. ID: 197
03-12-2022 @ 16:35:49 - Row :196 - Parsing item.
03-12-2022 @ 16:35:49 - Row :196 - Parsing failed. Reason: Importing Order(ID) conflicts with an existing post. ID: 198
03-12-2022 @ 16:35:49 - Row :197 - Parsing item.
03-12-2022 @ 16:35:49 - Row :197 - Parsing failed. Reason: Importing Order(ID) conflicts with an existing post. ID: 199
03-12-2022 @ 16:35:49 - Row :198 - Parsing item.
03-12-2022 @ 16:35:49 - Row :198 - Parsing failed. Reason: Skipped. Invalid date format 27/09/2020 in column order_date.
03-12-2022 @ 16:35:49 - Row :199 - Parsing item.
03-12-2022 @ 16:35:49 - Row :199 - Parsing failed. Reason: Skipped. Invalid date format 29/09/2020 in column order_date.
03-12-2022 @ 16:35:49 - Row :200 - Parsing item.
03-12-2022 @ 16:35:49 - Row :200 - Parsing failed. Reason: Skipped. Invalid date format 14/10/2020 in column paid_date.
03-12-2022 @ 16:35:50 - Preparing for import.
03-12-2022 @ 16:35:50 - Row :201 - Parsing item.
03-12-2022 @ 16:35:50 - Row :201 - Parsing failed. Reason: Importing Order(ID) conflicts with an existing post. ID: 203
03-12-2022 @ 16:35:50 - Row :202 - Parsing item.
03-12-2022 @ 16:35:50 - Row :202 - Parsing failed. Reason: Skipped. Invalid date format 14/10/2020 in column paid_date.
03-12-2022 @ 16:35:50 - Row :203 - Parsing item.
03-12-2022 @ 16:35:50 - Row :203 - Parsing failed. Reason: Importing Order(ID) conflicts with an existing post. ID: 205
03-12-2022 @ 16:35:50 - Row :204 - Parsing item.
03-12-2022 @ 16:35:50 - Row :204 - Parsing failed. Reason: Importing Order(ID) conflicts with an existing post. ID: 206
03-12-2022 @ 16:35:50 - Row :205 - Parsing item.
03-12-2022 @ 16:35:50 - Row :205 - Parsing failed. Reason: Importing Order(ID) conflicts with an existing post. ID: 207
03-12-2022 @ 16:35:50 - Row :206 - Parsing item.
03-12-2022 @ 16:35:50 - Row :206 - Parsing failed. Reason: Skipped. Invalid date format 21/10/2020 in column paid_date.
03-12-2022 @ 16:35:50 - Row :207 - Parsing item.
03-12-2022 @ 16:35:50 - Row :207 - Parsing failed. Reason: Skipped. Invalid date format 21/10/2020 in column paid_date.
03-12-2022 @ 16:35:50 - Row :208 - Parsing item.
03-12-2022 @ 16:35:50 - Row :208 - Parsing failed. Reason: Skipped. Invalid date format 14/10/2020 in column paid_date.
03-12-2022 @ 16:35:50 - Row :209 - Parsing item.
03-12-2022 @ 16:35:50 - Row :209 - Parsing failed. Reason: Importing Order(ID) conflicts with an existing post. ID: 211
03-12-2022 @ 16:35:50 - Row :210 - Parsing item.
03-12-2022 @ 16:35:50 - Row :210 - Parsing failed. Reason: Importing Order(ID) conflicts with an existing post. ID: 212
03-12-2022 @ 16:35:50 - Preparing for import.
03-12-2022 @ 16:35:50 - Row :211 - Parsing item.
03-12-2022 @ 16:35:50 - Row :211 - Parsing failed. Reason: Importing Order(ID) conflicts with an existing post. ID: 213
03-12-2022 @ 16:35:50 - Row :212 - Parsing item.
03-12-2022 @ 16:35:50 - Row :212 - Parsing failed. Reason: Skipped. Invalid date format 13/10/2020 in column order_date.
03-12-2022 @ 16:35:50 - Row :213 - Parsing item.
03-12-2022 @ 16:35:50 - Row :213 - Parsing failed. Reason: Skipped. Invalid date format 13/10/2020 in column order_date.
03-12-2022 @ 16:35:50 - Row :214 - Parsing item.
03-12-2022 @ 16:35:50 - Row :214 - Parsing failed. Reason: Skipped. Invalid date format 14/10/2020 in column order_date.
03-12-2022 @ 16:35:50 - Row :215 - Parsing item.
03-12-2022 @ 16:35:50 - Row :215 - Parsing failed. Reason: Skipped. Invalid date format 18/10/2020 in column order_date.
03-12-2022 @ 16:35:50 - Row :216 - Parsing item.
03-12-2022 @ 16:35:50 - Row :216 - Parsing failed. Reason: Importing Order(ID) conflicts with an existing post. ID: 218
03-12-2022 @ 16:35:50 - Row :217 - Parsing item.
03-12-2022 @ 16:35:50 - Row :217 - Parsing failed. Reason: Importing Order(ID) conflicts with an existing post. ID: 219
03-12-2022 @ 16:35:50 - Row :218 - Parsing item.
03-12-2022 @ 16:35:50 - Row :218 - Parsing failed. Reason: Importing Order(ID) conflicts with an existing post. ID: 220
03-12-2022 @ 16:35:50 - Row :219 - Parsing item.
03-12-2022 @ 16:35:50 - Row :219 - Parsing failed. Reason: Skipped. Invalid date format 23/10/2020 in column order_date.
03-12-2022 @ 16:35:50 - Row :220 - Parsing item.
03-12-2022 @ 16:35:50 - Row :220 - Parsing failed. Reason: Importing Order(ID) conflicts with an existing post. ID: 222
03-12-2022 @ 16:35:51 - Preparing for import.
03-12-2022 @ 16:35:51 - Row :221 - Parsing item.
03-12-2022 @ 16:35:51 - Row :221 - Parsing failed. Reason: Importing Order(ID) conflicts with an existing post. ID: 223
03-12-2022 @ 16:35:51 - Row :222 - Parsing item.
03-12-2022 @ 16:35:51 - Row :222 - Parsing failed. Reason: Importing Order(ID) conflicts with an existing post. ID: 224
03-12-2022 @ 16:35:51 - Row :223 - Parsing item.
03-12-2022 @ 16:35:51 - Row :223 - Parsing failed. Reason: Skipped. Invalid date format 25/10/2020 in column order_date.
03-12-2022 @ 16:35:51 - Row :224 - Parsing item.
03-12-2022 @ 16:35:51 - Row :224 - Parsing failed. Reason: Importing Order(ID) conflicts with an existing post. ID: 226
03-12-2022 @ 16:35:51 - Row :225 - Parsing item.
03-12-2022 @ 16:35:51 - Row :225 - Parsing failed. Reason: Importing Order(ID) conflicts with an existing post. ID: 227
03-12-2022 @ 16:35:51 - Row :226 - Parsing item.
03-12-2022 @ 16:35:51 - Row :226 - Parsing failed. Reason: Importing Order(ID) conflicts with an existing post. ID: 228
03-12-2022 @ 16:35:51 - Row :227 - Parsing item.
03-12-2022 @ 16:35:51 - Row :227 - Parsing failed. Reason: Importing Order(ID) conflicts with an existing post. ID: 229
03-12-2022 @ 16:35:51 - Row :228 - Parsing item.
03-12-2022 @ 16:35:51 - Row :228 - Parsing failed. Reason: Skipped. Invalid date format 27/10/2020 in column order_date.
03-12-2022 @ 16:35:51 - Row :229 - Parsing item.
03-12-2022 @ 16:35:51 - Row :229 - Parsing failed. Reason: Skipped. Invalid date format 28/10/2020 in column order_date.
03-12-2022 @ 16:35:51 - Row :230 - Parsing item.
03-12-2022 @ 16:35:51 - Row :230 - Parsing failed. Reason: Skipped. Invalid date format 29/10/2020 in column order_date.
03-12-2022 @ 16:35:51 - Preparing for import.
03-12-2022 @ 16:35:51 - Row :231 - Parsing item.
03-12-2022 @ 16:35:51 - Row :231 - Parsing failed. Reason: Importing Order(ID) conflicts with an existing post. ID: 233
03-12-2022 @ 16:35:51 - Row :232 - Parsing item.
03-12-2022 @ 16:35:51 - Row :232 - Parsing failed. Reason: Skipped. Invalid date format 29/10/2020 in column order_date.
03-12-2022 @ 16:35:51 - Row :233 - Parsing item.
03-12-2022 @ 16:35:51 - Row :233 - Parsing failed. Reason: Importing Order(ID) conflicts with an existing post. ID: 235
03-12-2022 @ 16:35:51 - Row :234 - Parsing item.
03-12-2022 @ 16:35:51 - Row :234 - Parsing failed. Reason: Skipped. Invalid date format 30/10/2020 in column order_date.
03-12-2022 @ 16:35:51 - Row :235 - Parsing item.
03-12-2022 @ 16:35:51 - Row :235 - Parsing failed. Reason: Importing Order(ID) conflicts with an existing post. ID: 237
03-12-2022 @ 16:35:51 - Row :236 - Parsing item.
03-12-2022 @ 16:35:51 - Row :236 - Parsing failed. Reason: Importing Order(ID) conflicts with an existing post. ID: 238
03-12-2022 @ 16:35:51 - Row :237 - Parsing item.
03-12-2022 @ 16:35:51 - Row :237 - Parsing failed. Reason: Importing Order(ID) conflicts with an existing post. ID: 239
03-12-2022 @ 16:35:51 - Row :238 - Parsing item.
03-12-2022 @ 16:35:51 - Row :238 - Parsing failed. Reason: Skipped. Invalid date format 30/10/2020 in column order_date.
03-12-2022 @ 16:35:51 - Row :239 - Parsing item.
03-12-2022 @ 16:35:51 - Row :239 - Parsing failed. Reason: Importing Order(ID) conflicts with an existing post. ID: 241
03-12-2022 @ 16:35:51 - Row :240 - Parsing item.
03-12-2022 @ 16:35:51 - Row :240 - Parsing failed. Reason: Importing Order(ID) conflicts with an existing post. ID: 242
03-12-2022 @ 16:35:52 - Preparing for import.
03-12-2022 @ 16:35:52 - Row :241 - Parsing item.
03-12-2022 @ 16:35:52 - Row :241 - Parsing failed. Reason: Skipped. Invalid date format 31/10/2020 in column order_date.
03-12-2022 @ 16:35:52 - Row :242 - Parsing item.
03-12-2022 @ 16:35:52 - Row :242 - Parsing failed. Reason: Importing Order(ID) conflicts with an existing post. ID: 244
03-12-2022 @ 16:35:52 - Row :243 - Parsing item.
03-12-2022 @ 16:35:52 - Importing as new order ID:245
03-12-2022 @ 16:35:52 - Row :243 - Processing item.
03-12-2022 @ 16:35:52 - Found order object. ID:245
03-12-2022 @ 16:35:52 - Row :243 - Order imported successfully.
03-12-2022 @ 16:35:52 - Row :244 - Parsing item.
03-12-2022 @ 16:35:52 - Row :244 - Parsing failed. Reason: Importing Order(ID) conflicts with an existing post. ID: 246
03-12-2022 @ 16:35:52 - Row :245 - Parsing item.
03-12-2022 @ 16:35:52 - Row :245 - Parsing failed. Reason: Importing Order(ID) conflicts with an existing post. ID: 247
03-12-2022 @ 16:35:52 - Row :246 - Parsing item.
03-12-2022 @ 16:35:52 - Importing as new order ID:248
03-12-2022 @ 16:35:52 - Row :246 - Processing item.
03-12-2022 @ 16:35:52 - Found order object. ID:248
03-12-2022 @ 16:35:52 - Row :246 - Order imported successfully.
03-12-2022 @ 16:35:52 - Row :247 - Parsing item.
03-12-2022 @ 16:35:52 - Importing as new order ID:249
03-12-2022 @ 16:35:52 - Row :247 - Processing item.
03-12-2022 @ 16:35:52 - Found order object. ID:249
03-12-2022 @ 16:35:53 - Row :247 - Order imported successfully.
03-12-2022 @ 16:35:53 - Row :248 - Parsing item.
03-12-2022 @ 16:35:53 - Row :248 - Parsing failed. Reason: Importing Order(ID) conflicts with an existing post. ID: 250
03-12-2022 @ 16:35:53 - Row :249 - Parsing item.
03-12-2022 @ 16:35:53 - Row :249 - Parsing failed. Reason: Importing Order(ID) conflicts with an existing post. ID: 251
03-12-2022 @ 16:35:53 - Row :250 - Parsing item.
03-12-2022 @ 16:35:53 - Row :250 - Parsing failed. Reason: Importing Order(ID) conflicts with an existing post. ID: 252
03-12-2022 @ 16:35:53 - Preparing for import.
03-12-2022 @ 16:35:53 - Row :251 - Parsing item.
03-12-2022 @ 16:35:53 - Row :251 - Parsing failed. Reason: Skipped. Invalid date format 16/11/2020 in column paid_date.
03-12-2022 @ 16:35:53 - Row :252 - Parsing item.
03-12-2022 @ 16:35:53 - Importing as new order ID:254
03-12-2022 @ 16:35:53 - Row :252 - Processing item.
03-12-2022 @ 16:35:53 - Found order object. ID:254
03-12-2022 @ 16:35:53 - Row :252 - Order imported successfully.
03-12-2022 @ 16:35:53 - Row :253 - Parsing item.
03-12-2022 @ 16:35:53 - Row :253 - Parsing failed. Reason: Importing Order(ID) conflicts with an existing post. ID: 255
03-12-2022 @ 16:35:53 - Row :254 - Parsing item.
03-12-2022 @ 16:35:53 - Row :254 - Parsing failed. Reason: Importing Order(ID) conflicts with an existing post. ID: 256
03-12-2022 @ 16:35:53 - Row :255 - Parsing item.
03-12-2022 @ 16:35:53 - Row :255 - Parsing failed. Reason: Importing Order(ID) conflicts with an existing post. ID: 257
03-12-2022 @ 16:35:53 - Row :256 - Parsing item.
03-12-2022 @ 16:35:54 - Importing as new order ID:258
03-12-2022 @ 16:35:54 - Row :256 - Processing item.
03-12-2022 @ 16:35:54 - Found order object. ID:258
03-12-2022 @ 16:35:54 - Row :256 - Order imported successfully.
03-12-2022 @ 16:35:54 - Row :257 - Parsing item.
03-12-2022 @ 16:35:54 - Row :257 - Parsing failed. Reason: Importing Order(ID) conflicts with an existing post. ID: 259
03-12-2022 @ 16:35:54 - Row :258 - Parsing item.
03-12-2022 @ 16:35:54 - Row :258 - Parsing failed. Reason: Importing Order(ID) conflicts with an existing post. ID: 260
03-12-2022 @ 16:35:54 - Row :259 - Parsing item.
03-12-2022 @ 16:35:54 - Row :259 - Parsing failed. Reason: Importing Order(ID) conflicts with an existing post. ID: 261
03-12-2022 @ 16:35:54 - Row :260 - Parsing item.
03-12-2022 @ 16:35:54 - Importing as new order ID:262
03-12-2022 @ 16:35:54 - Row :260 - Processing item.
03-12-2022 @ 16:35:54 - Found order object. ID:262
03-12-2022 @ 16:35:54 - Row :260 - Order imported successfully.
03-12-2022 @ 16:35:55 - Preparing for import.
03-12-2022 @ 16:35:55 - Row :261 - Parsing item.
03-12-2022 @ 16:35:55 - Row :261 - Parsing failed. Reason: Skipped. Invalid date format 16/11/2020 in column order_date.
03-12-2022 @ 16:35:55 - Row :262 - Parsing item.
03-12-2022 @ 16:35:55 - Row :262 - Parsing failed. Reason: Importing Order(ID) conflicts with an existing post. ID: 264
03-12-2022 @ 16:35:55 - Row :263 - Parsing item.
03-12-2022 @ 16:35:55 - Row :263 - Parsing failed. Reason: Importing Order(ID) conflicts with an existing post. ID: 265
03-12-2022 @ 16:35:55 - Row :264 - Parsing item.
03-12-2022 @ 16:35:55 - Row :264 - Parsing failed. Reason: Skipped. Invalid date format 13/11/2020 in column order_date.
03-12-2022 @ 16:35:55 - Row :265 - Parsing item.
03-12-2022 @ 16:35:55 - Row :265 - Parsing failed. Reason: Importing Order(ID) conflicts with an existing post. ID: 267
03-12-2022 @ 16:35:55 - Row :266 - Parsing item.
03-12-2022 @ 16:35:55 - Row :266 - Parsing failed. Reason: Importing Order(ID) conflicts with an existing post. ID: 268
03-12-2022 @ 16:35:55 - Row :267 - Parsing item.
03-12-2022 @ 16:35:55 - Row :267 - Parsing failed. Reason: Importing Order(ID) conflicts with an existing post. ID: 269
03-12-2022 @ 16:35:55 - Row :268 - Parsing item.
03-12-2022 @ 16:35:55 - Row :268 - Parsing failed. Reason: Skipped. Invalid date format 17/11/2020 in column order_date.
03-12-2022 @ 16:35:55 - Row :269 - Parsing item.
03-12-2022 @ 16:35:55 - Row :269 - Parsing failed. Reason: Importing Order(ID) conflicts with an existing post. ID: 271
03-12-2022 @ 16:35:55 - Row :270 - Parsing item.
03-12-2022 @ 16:35:55 - Row :270 - Parsing failed. Reason: Importing Order(ID) conflicts with an existing post. ID: 272
03-12-2022 @ 16:35:56 - Preparing for import.
03-12-2022 @ 16:35:56 - Row :271 - Parsing item.
03-12-2022 @ 16:35:56 - Row :271 - Parsing failed. Reason: Importing Order(ID) conflicts with an existing post. ID: 273
03-12-2022 @ 16:35:56 - Row :272 - Parsing item.
03-12-2022 @ 16:35:56 - Row :272 - Parsing failed. Reason: Skipped. Invalid date format 19/11/2020 in column order_date.
03-12-2022 @ 16:35:56 - Row :273 - Parsing item.
03-12-2022 @ 16:35:56 - Row :273 - Parsing failed. Reason: Importing Order(ID) conflicts with an existing post. ID: 275
03-12-2022 @ 16:35:56 - Row :274 - Parsing item.
03-12-2022 @ 16:35:56 - Row :274 - Parsing failed. Reason: Importing Order(ID) conflicts with an existing post. ID: 276
03-12-2022 @ 16:35:56 - Row :275 - Parsing item.
03-12-2022 @ 16:35:56 - Row :275 - Parsing failed. Reason: Skipped. Invalid date format 25/11/2020 in column order_date.
03-12-2022 @ 16:35:56 - Row :276 - Parsing item.
03-12-2022 @ 16:35:56 - Row :276 - Parsing failed. Reason: Importing Order(ID) conflicts with an existing post. ID: 278
03-12-2022 @ 16:35:56 - Row :277 - Parsing item.
03-12-2022 @ 16:35:56 - Row :277 - Parsing failed. Reason: Importing Order(ID) conflicts with an existing post. ID: 279
03-12-2022 @ 16:35:56 - Row :278 - Parsing item.
03-12-2022 @ 16:35:56 - Row :278 - Parsing failed. Reason: Importing Order(ID) conflicts with an existing post. ID: 280
03-12-2022 @ 16:35:56 - Row :279 - Parsing item.
03-12-2022 @ 16:35:56 - Row :279 - Parsing failed. Reason: Skipped. Invalid date format 22/11/2020 in column order_date.
03-12-2022 @ 16:35:56 - Row :280 - Parsing item.
03-12-2022 @ 16:35:56 - Row :280 - Parsing failed. Reason: Importing Order(ID) conflicts with an existing post. ID: 282
03-12-2022 @ 16:35:56 - Preparing for import.
03-12-2022 @ 16:35:56 - Row :281 - Parsing item.
03-12-2022 @ 16:35:56 - Row :281 - Parsing failed. Reason: Importing Order(ID) conflicts with an existing post. ID: 283
03-12-2022 @ 16:35:56 - Row :282 - Parsing item.
03-12-2022 @ 16:35:56 - Row :282 - Parsing failed. Reason: Skipped. Invalid date format 24/11/2020 in column order_date.
03-12-2022 @ 16:35:56 - Row :283 - Parsing item.
03-12-2022 @ 16:35:56 - Row :283 - Parsing failed. Reason: Skipped. Invalid date format 24/11/2020 in column order_date.
03-12-2022 @ 16:35:56 - Row :284 - Parsing item.
03-12-2022 @ 16:35:56 - Row :284 - Parsing failed. Reason: Importing Order(ID) conflicts with an existing post. ID: 286
03-12-2022 @ 16:35:56 - Row :285 - Parsing item.
03-12-2022 @ 16:35:56 - Row :285 - Parsing failed. Reason: Importing Order(ID) conflicts with an existing post. ID: 287
03-12-2022 @ 16:35:56 - Row :286 - Parsing item.
03-12-2022 @ 16:35:56 - Row :286 - Parsing failed. Reason: Importing Order(ID) conflicts with an existing post. ID: 288
03-12-2022 @ 16:35:56 - Row :287 - Parsing item.
03-12-2022 @ 16:35:56 - Row :287 - Parsing failed. Reason: Skipped. Invalid date format 25/11/2020 in column order_date.
03-12-2022 @ 16:35:56 - Row :288 - Parsing item.
03-12-2022 @ 16:35:56 - Row :288 - Parsing failed. Reason: Importing Order(ID) conflicts with an existing post. ID: 290
03-12-2022 @ 16:35:56 - Row :289 - Parsing item.
03-12-2022 @ 16:35:56 - Row :289 - Parsing failed. Reason: Importing Order(ID) conflicts with an existing post. ID: 291
03-12-2022 @ 16:35:56 - Row :290 - Parsing item.
03-12-2022 @ 16:35:56 - Row :290 - Parsing failed. Reason: Importing Order(ID) conflicts with an existing post. ID: 292
03-12-2022 @ 16:35:57 - Preparing for import.
03-12-2022 @ 16:35:57 - Row :291 - Parsing item.
03-12-2022 @ 16:35:57 - Row :291 - Parsing failed. Reason: Skipped. Invalid date format 25/11/2020 in column order_date.
03-12-2022 @ 16:35:57 - Row :292 - Parsing item.
03-12-2022 @ 16:35:57 - Row :292 - Parsing failed. Reason: Skipped. Invalid date format 26/11/2020 in column order_date.
03-12-2022 @ 16:35:57 - Row :293 - Parsing item.
03-12-2022 @ 16:35:57 - Row :293 - Parsing failed. Reason: Importing Order(ID) conflicts with an existing post. ID: 295
03-12-2022 @ 16:35:57 - Row :294 - Parsing item.
03-12-2022 @ 16:35:57 - Row :294 - Parsing failed. Reason: Importing Order(ID) conflicts with an existing post. ID: 296
03-12-2022 @ 16:35:57 - Row :295 - Parsing item.
03-12-2022 @ 16:35:57 - Row :295 - Parsing failed. Reason: Importing Order(ID) conflicts with an existing post. ID: 297
03-12-2022 @ 16:35:57 - Row :296 - Parsing item.
03-12-2022 @ 16:35:57 - Row :296 - Parsing failed. Reason: Skipped. Invalid date format 28/11/2020 in column order_date.
03-12-2022 @ 16:35:57 - Row :297 - Parsing item.
03-12-2022 @ 16:35:57 - Row :297 - Parsing failed. Reason: Skipped. Invalid date format 28/11/2020 in column order_date.
03-12-2022 @ 16:35:57 - Row :298 - Parsing item.
03-12-2022 @ 16:35:57 - Row :298 - Parsing failed. Reason: Importing Order(ID) conflicts with an existing post. ID: 300
03-12-2022 @ 16:35:57 - Row :299 - Parsing item.
03-12-2022 @ 16:35:57 - Row :299 - Parsing failed. Reason: Importing Order(ID) conflicts with an existing post. ID: 301
03-12-2022 @ 16:35:57 - Row :300 - Parsing item.
03-12-2022 @ 16:35:57 - Row :300 - Parsing failed. Reason: Importing Order(ID) conflicts with an existing post. ID: 302
03-12-2022 @ 16:35:58 - Preparing for import.
03-12-2022 @ 16:35:58 - Row :301 - Parsing item.
03-12-2022 @ 16:35:58 - Row :301 - Parsing failed. Reason: Skipped. Invalid date format 30/11/2020 in column order_date.
03-12-2022 @ 16:35:58 - Row :302 - Parsing item.
03-12-2022 @ 16:35:58 - Importing as new order ID:304
03-12-2022 @ 16:35:58 - Row :302 - Processing item.
03-12-2022 @ 16:35:58 - Found order object. ID:304
03-12-2022 @ 16:35:58 - Row :302 - Order imported successfully.
03-12-2022 @ 16:35:58 - Row :303 - Parsing item.
03-12-2022 @ 16:35:58 - Row :303 - Parsing failed. Reason: Importing Order(ID) conflicts with an existing post. ID: 305
03-12-2022 @ 16:35:58 - Row :304 - Parsing item.
03-12-2022 @ 16:35:58 - Row :304 - Parsing failed. Reason: Importing Order(ID) conflicts with an existing post. ID: 306
03-12-2022 @ 16:35:58 - Row :305 - Parsing item.
03-12-2022 @ 16:35:58 - Row :305 - Parsing failed. Reason: Importing Order(ID) conflicts with an existing post. ID: 307
03-12-2022 @ 16:35:58 - Row :306 - Parsing item.
03-12-2022 @ 16:35:58 - Importing as new order ID:308
03-12-2022 @ 16:35:58 - Row :306 - Processing item.
03-12-2022 @ 16:35:58 - Found order object. ID:308
03-12-2022 @ 16:35:58 - Row :306 - Order imported successfully.
03-12-2022 @ 16:35:58 - Row :307 - Parsing item.
03-12-2022 @ 16:35:58 - Row :307 - Parsing failed. Reason: Importing Order(ID) conflicts with an existing post. ID: 309
03-12-2022 @ 16:35:58 - Row :308 - Parsing item.
03-12-2022 @ 16:35:58 - Row :308 - Parsing failed. Reason: Importing Order(ID) conflicts with an existing post. ID: 310
03-12-2022 @ 16:35:58 - Row :309 - Parsing item.
03-12-2022 @ 16:35:58 - Row :309 - Parsing failed. Reason: Importing Order(ID) conflicts with an existing post. ID: 311
03-12-2022 @ 16:35:58 - Row :310 - Parsing item.
03-12-2022 @ 16:35:58 - Importing as new order ID:312
03-12-2022 @ 16:35:58 - Row :310 - Processing item.
03-12-2022 @ 16:35:58 - Found order object. ID:312
03-12-2022 @ 16:35:58 - Row :310 - Order imported successfully.
03-12-2022 @ 16:35:59 - Preparing for import.
03-12-2022 @ 16:35:59 - Row :311 - Parsing item.
03-12-2022 @ 16:35:59 - Row :311 - Parsing failed. Reason: Importing Order(ID) conflicts with an existing post. ID: 313
03-12-2022 @ 16:35:59 - Row :312 - Parsing item.
03-12-2022 @ 16:35:59 - Row :312 - Parsing failed. Reason: Importing Order(ID) conflicts with an existing post. ID: 314
03-12-2022 @ 16:35:59 - Row :313 - Parsing item.
03-12-2022 @ 16:35:59 - Importing as new order ID:315
03-12-2022 @ 16:35:59 - Row :313 - Processing item.
03-12-2022 @ 16:35:59 - Found order object. ID:315
03-12-2022 @ 16:35:59 - Row :313 - Order imported successfully.
03-12-2022 @ 16:35:59 - Row :314 - Parsing item.
03-12-2022 @ 16:35:59 - Row :314 - Parsing failed. Reason: Importing Order(ID) conflicts with an existing post. ID: 316
03-12-2022 @ 16:35:59 - Row :315 - Parsing item.
03-12-2022 @ 16:35:59 - Row :315 - Parsing failed. Reason: Importing Order(ID) conflicts with an existing post. ID: 317
03-12-2022 @ 16:35:59 - Row :316 - Parsing item.
03-12-2022 @ 16:35:59 - Row :316 - Parsing failed. Reason: Skipped. Invalid date format 14/12/2020 in column paid_date.
03-12-2022 @ 16:35:59 - Row :317 - Parsing item.
03-12-2022 @ 16:35:59 - Row :317 - Parsing failed. Reason: Skipped. Invalid date format 14/12/2020 in column paid_date.
03-12-2022 @ 16:35:59 - Row :318 - Parsing item.
03-12-2022 @ 16:35:59 - Row :318 - Parsing failed. Reason: Importing Order(ID) conflicts with an existing post. ID: 320
03-12-2022 @ 16:35:59 - Row :319 - Parsing item.
03-12-2022 @ 16:35:59 - Row :319 - Parsing failed. Reason: Importing Order(ID) conflicts with an existing post. ID: 321
03-12-2022 @ 16:35:59 - Row :320 - Parsing item.
03-12-2022 @ 16:35:59 - Row :320 - Parsing failed. Reason: Importing Order(ID) conflicts with an existing post. ID: 322
03-12-2022 @ 16:36:00 - Preparing for import.
03-12-2022 @ 16:36:00 - Row :321 - Parsing item.
03-12-2022 @ 16:36:00 - Importing as new order ID:323
03-12-2022 @ 16:36:00 - Row :321 - Processing item.
03-12-2022 @ 16:36:00 - Found order object. ID:323
03-12-2022 @ 16:36:00 - Row :321 - Order imported successfully.
03-12-2022 @ 16:36:00 - Row :322 - Parsing item.
03-12-2022 @ 16:36:00 - Row :322 - Parsing failed. Reason: Importing Order(ID) conflicts with an existing post. ID: 324
03-12-2022 @ 16:36:00 - Row :323 - Parsing item.
03-12-2022 @ 16:36:00 - Row :323 - Parsing failed. Reason: Skipped. Invalid date format 14/12/2020 in column paid_date.
03-12-2022 @ 16:36:00 - Row :324 - Parsing item.
03-12-2022 @ 16:36:00 - Row :324 - Parsing failed. Reason: Importing Order(ID) conflicts with an existing post. ID: 326
03-12-2022 @ 16:36:00 - Row :325 - Parsing item.
03-12-2022 @ 16:36:00 - Row :325 - Parsing failed. Reason: Importing Order(ID) conflicts with an existing post. ID: 327
03-12-2022 @ 16:36:00 - Row :326 - Parsing item.
03-12-2022 @ 16:36:00 - Row :326 - Parsing failed. Reason: Importing Order(ID) conflicts with an existing post. ID: 328
03-12-2022 @ 16:36:00 - Row :327 - Parsing item.
03-12-2022 @ 16:36:00 - Row :327 - Parsing failed. Reason: Importing Order(ID) conflicts with an existing post. ID: 329
03-12-2022 @ 16:36:00 - Row :328 - Parsing item.
03-12-2022 @ 16:36:00 - Row :328 - Parsing failed. Reason: Skipped. Invalid date format 13/12/2020 in column order_date.
03-12-2022 @ 16:36:00 - Row :329 - Parsing item.
03-12-2022 @ 16:36:00 - Row :329 - Parsing failed. Reason: Importing Order(ID) conflicts with an existing post. ID: 331
03-12-2022 @ 16:36:00 - Row :330 - Parsing item.
03-12-2022 @ 16:36:00 - Row :330 - Parsing failed. Reason: Importing Order(ID) conflicts with an existing post. ID: 332
03-12-2022 @ 16:36:09 - Preparing for import.
03-12-2022 @ 16:36:09 - Row :331 - Parsing item.
03-12-2022 @ 16:36:09 - Row :331 - Parsing failed. Reason: Importing Order(ID) conflicts with an existing post. ID: 333
03-12-2022 @ 16:36:09 - Row :332 - Parsing item.
03-12-2022 @ 16:36:09 - Row :332 - Parsing failed. Reason: Skipped. Invalid date format 16/12/2020 in column order_date.
03-12-2022 @ 16:36:09 - Row :333 - Parsing item.
03-12-2022 @ 16:36:09 - Row :333 - Parsing failed. Reason: Importing Order(ID) conflicts with an existing post. ID: 335
03-12-2022 @ 16:36:09 - Row :334 - Parsing item.
03-12-2022 @ 16:36:09 - Row :334 - Parsing failed. Reason: Importing Order(ID) conflicts with an existing post. ID: 336
03-12-2022 @ 16:36:09 - Row :335 - Parsing item.
03-12-2022 @ 16:36:09 - Row :335 - Parsing failed. Reason: Importing Order(ID) conflicts with an existing post. ID: 337
03-12-2022 @ 16:36:09 - Row :336 - Parsing item.
03-12-2022 @ 16:36:09 - Row :336 - Parsing failed. Reason: Skipped. Invalid date format 18/12/2020 in column order_date.
03-12-2022 @ 16:36:09 - Row :337 - Parsing item.
03-12-2022 @ 16:36:09 - Row :337 - Parsing failed. Reason: Skipped. Invalid date format 19/12/2020 in column order_date.
03-12-2022 @ 16:36:09 - Row :338 - Parsing item.
03-12-2022 @ 16:36:09 - Row :338 - Parsing failed. Reason: Importing Order(ID) conflicts with an existing post. ID: 340
03-12-2022 @ 16:36:09 - Row :339 - Parsing item.
03-12-2022 @ 16:36:09 - Row :339 - Parsing failed. Reason: Importing Order(ID) conflicts with an existing post. ID: 341
03-12-2022 @ 16:36:09 - Row :340 - Parsing item.
03-12-2022 @ 16:36:09 - Row :340 - Parsing failed. Reason: Importing Order(ID) conflicts with an existing post. ID: 342
03-12-2022 @ 16:36:10 - Preparing for import.
03-12-2022 @ 16:36:10 - Row :341 - Parsing item.
03-12-2022 @ 16:36:10 - Row :341 - Parsing failed. Reason: Skipped. Invalid date format 21/12/2020 in column order_date.
03-12-2022 @ 16:36:10 - Row :342 - Parsing item.
03-12-2022 @ 16:36:10 - Row :342 - Parsing failed. Reason: Importing Order(ID) conflicts with an existing post. ID: 344
03-12-2022 @ 16:36:10 - Row :343 - Parsing item.
03-12-2022 @ 16:36:10 - Row :343 - Parsing failed. Reason: Importing Order(ID) conflicts with an existing post. ID: 345
03-12-2022 @ 16:36:10 - Row :344 - Parsing item.
03-12-2022 @ 16:36:10 - Row :344 - Parsing failed. Reason: Importing Order(ID) conflicts with an existing post. ID: 346
03-12-2022 @ 16:36:10 - Row :345 - Parsing item.
03-12-2022 @ 16:36:10 - Row :345 - Parsing failed. Reason: Skipped. Invalid date format 23/12/2020 in column order_date.
03-12-2022 @ 16:36:10 - Row :346 - Parsing item.
03-12-2022 @ 16:36:10 - Row :346 - Parsing failed. Reason: Skipped. Invalid date format 23/12/2020 in column order_date.
03-12-2022 @ 16:36:10 - Row :347 - Parsing item.
03-12-2022 @ 16:36:10 - Row :347 - Parsing failed. Reason: Importing Order(ID) conflicts with an existing post. ID: 349
03-12-2022 @ 16:36:10 - Row :348 - Parsing item.
03-12-2022 @ 16:36:10 - Row :348 - Parsing failed. Reason: Importing Order(ID) conflicts with an existing post. ID: 350
03-12-2022 @ 16:36:10 - Row :349 - Parsing item.
03-12-2022 @ 16:36:10 - Row :349 - Parsing failed. Reason: Importing Order(ID) conflicts with an existing post. ID: 351
03-12-2022 @ 16:36:10 - Row :350 - Parsing item.
03-12-2022 @ 16:36:10 - Row :350 - Parsing failed. Reason: Skipped. Invalid date format 30/12/2020 in column order_date.
