03-12-2022 @ 16:54:11 - ---[ New import started at 2022-03-12 16:54:11 ] PHP Memory: 512 Mo, WP Memory: 40 Mo
03-12-2022 @ 16:54:11 - Preparing for import.
03-12-2022 @ 16:54:11 - Row :1 - Parsing item.
03-12-2022 @ 16:54:11 - Row :1 - Parsing failed. Reason: Date non valide.
03-12-2022 @ 16:54:11 - Row :2 - Parsing item.
03-12-2022 @ 16:54:11 - Row :2 - Parsing failed. Reason: Date non valide.
03-12-2022 @ 16:54:11 - Row :3 - Parsing item.
03-12-2022 @ 16:54:11 - Row :3 - Parsing failed. Reason: Date non valide.
03-12-2022 @ 16:54:11 - Row :4 - Parsing item.
03-12-2022 @ 16:54:11 - Row :4 - Parsing failed. Reason: Date non valide.
03-12-2022 @ 16:54:11 - Row :5 - Parsing item.
03-12-2022 @ 16:54:11 - Row :5 - Parsing failed. Reason: Date non valide.
03-12-2022 @ 16:54:11 - Row :6 - Parsing item.
03-12-2022 @ 16:54:11 - Row :6 - Parsing failed. Reason: Skipped. Invalid date format 25/04/2020 in column order_date.
03-12-2022 @ 16:54:11 - Row :7 - Parsing item.
03-12-2022 @ 16:54:11 - Row :7 - Parsing failed. Reason: Skipped. Invalid date format 25/04/2020 in column order_date.
03-12-2022 @ 16:54:11 - Row :8 - Parsing item.
03-12-2022 @ 16:54:11 - Row :8 - Parsing failed. Reason: Skipped. Invalid date format 25/04/2020 in column order_date.
03-12-2022 @ 16:54:11 - Row :9 - Parsing item.
03-12-2022 @ 16:54:11 - Row :9 - Parsing failed. Reason: Skipped. Invalid date format 15/05/2020 in column paid_date.
03-12-2022 @ 16:54:11 - ---[ Import ended at 2022-03-12 16:54:11]---
