03-12-2022 @ 17:10:25 - ---[ New import started at 2022-03-12 17:10:25 ] PHP Memory: 512 Mo, WP Memory: 40 Mo
03-12-2022 @ 17:10:25 - Preparing for import.
03-12-2022 @ 17:10:25 - Row :1 - Parsing item.
03-12-2022 @ 17:10:25 - Importing as new order ID:6682
03-12-2022 @ 17:10:25 - Row :1 - Processing item.
03-12-2022 @ 17:10:25 - Found order object. ID:6682
03-12-2022 @ 17:10:25 - Row :1 - Order imported successfully.
03-12-2022 @ 17:10:25 - Row :2 - Parsing item.
03-12-2022 @ 17:10:25 - Importing as new order ID:6683
03-12-2022 @ 17:10:25 - Row :2 - Processing item.
03-12-2022 @ 17:10:25 - Found order object. ID:6683
03-12-2022 @ 17:10:25 - Row :2 - Order imported successfully.
03-12-2022 @ 17:10:25 - Row :3 - Parsing item.
03-12-2022 @ 17:10:25 - Importing as new order ID:6684
03-12-2022 @ 17:10:25 - Row :3 - Processing item.
03-12-2022 @ 17:10:25 - Found order object. ID:6684
03-12-2022 @ 17:10:25 - Row :3 - Order imported successfully.
03-12-2022 @ 17:10:25 - Row :4 - Parsing item.
03-12-2022 @ 17:10:25 - Importing as new order ID:6685
03-12-2022 @ 17:10:25 - Row :4 - Processing item.
03-12-2022 @ 17:10:26 - Found order object. ID:6685
03-12-2022 @ 17:10:26 - Row :4 - Order imported successfully.
03-12-2022 @ 17:10:26 - Row :5 - Parsing item.
03-12-2022 @ 17:10:26 - Importing as new order ID:6686
03-12-2022 @ 17:10:26 - Row :5 - Processing item.
03-12-2022 @ 17:10:26 - Found order object. ID:6686
03-12-2022 @ 17:10:26 - Row :5 - Order imported successfully.
03-12-2022 @ 17:10:26 - Row :6 - Parsing item.
03-12-2022 @ 17:10:26 - Importing as new order ID:6687
03-12-2022 @ 17:10:26 - Row :6 - Processing item.
03-12-2022 @ 17:10:26 - Found order object. ID:6687
03-12-2022 @ 17:10:26 - Row :6 - Order imported successfully.
03-12-2022 @ 17:10:26 - Row :7 - Parsing item.
03-12-2022 @ 17:10:26 - Importing as new order ID:6688
03-12-2022 @ 17:10:26 - Row :7 - Processing item.
03-12-2022 @ 17:10:26 - Found order object. ID:6688
03-12-2022 @ 17:10:26 - Row :7 - Order imported successfully.
03-12-2022 @ 17:10:26 - Row :8 - Parsing item.
03-12-2022 @ 17:10:26 - Importing as new order ID:6689
03-12-2022 @ 17:10:26 - Row :8 - Processing item.
03-12-2022 @ 17:10:26 - Found order object. ID:6689
03-12-2022 @ 17:10:26 - Row :8 - Order imported successfully.
03-12-2022 @ 17:10:26 - Row :9 - Parsing item.
03-12-2022 @ 17:10:26 - Importing as new order ID:6690
03-12-2022 @ 17:10:26 - Row :9 - Processing item.
03-12-2022 @ 17:10:26 - Found order object. ID:6690
03-12-2022 @ 17:10:26 - Row :9 - Order imported successfully.
03-12-2022 @ 17:10:26 - ---[ Import ended at 2022-03-12 17:10:26]---
