03-12-2022 @ 17:17:34 - ---[ New import started at 2022-03-12 17:17:34 ] PHP Memory: 512 Mo, WP Memory: 40 Mo
03-12-2022 @ 17:17:34 - Preparing for import.
03-12-2022 @ 17:17:34 - Row :1 - Parsing item.
03-12-2022 @ 17:17:34 - Importing as new order ID:6691
03-12-2022 @ 17:17:34 - Row :1 - Processing item.
03-12-2022 @ 17:17:34 - Found order object. ID:6691
03-12-2022 @ 17:17:34 - Row :1 - Order imported successfully.
03-12-2022 @ 17:17:34 - Row :2 - Parsing item.
03-12-2022 @ 17:17:34 - Importing as new order ID:6692
03-12-2022 @ 17:17:34 - Row :2 - Processing item.
03-12-2022 @ 17:17:34 - Found order object. ID:6692
03-12-2022 @ 17:17:34 - Row :2 - Order imported successfully.
03-12-2022 @ 17:17:34 - Row :3 - Parsing item.
03-12-2022 @ 17:17:34 - Importing as new order ID:6693
03-12-2022 @ 17:17:34 - Row :3 - Processing item.
03-12-2022 @ 17:17:34 - Found order object. ID:6693
03-12-2022 @ 17:17:34 - Row :3 - Order imported successfully.
03-12-2022 @ 17:17:34 - Row :4 - Parsing item.
03-12-2022 @ 17:17:34 - Importing as new order ID:6694
03-12-2022 @ 17:17:34 - Row :4 - Processing item.
03-12-2022 @ 17:17:34 - Found order object. ID:6694
03-12-2022 @ 17:17:35 - Row :4 - Order imported successfully.
03-12-2022 @ 17:17:35 - Row :5 - Parsing item.
03-12-2022 @ 17:17:35 - Importing as new order ID:6695
03-12-2022 @ 17:17:35 - Row :5 - Processing item.
03-12-2022 @ 17:17:35 - Found order object. ID:6695
03-12-2022 @ 17:17:35 - Row :5 - Order imported successfully.
03-12-2022 @ 17:17:35 - Row :6 - Parsing item.
03-12-2022 @ 17:17:35 - Importing as new order ID:6696
03-12-2022 @ 17:17:35 - Row :6 - Processing item.
03-12-2022 @ 17:17:35 - Found order object. ID:6696
03-12-2022 @ 17:17:35 - Row :6 - Order imported successfully.
03-12-2022 @ 17:17:35 - Row :7 - Parsing item.
03-12-2022 @ 17:17:35 - Importing as new order ID:6697
03-12-2022 @ 17:17:35 - Row :7 - Processing item.
03-12-2022 @ 17:17:35 - Found order object. ID:6697
03-12-2022 @ 17:17:35 - Row :7 - Order imported successfully.
03-12-2022 @ 17:17:35 - Row :8 - Parsing item.
03-12-2022 @ 17:17:35 - Importing as new order ID:6698
03-12-2022 @ 17:17:35 - Row :8 - Processing item.
03-12-2022 @ 17:17:35 - Found order object. ID:6698
03-12-2022 @ 17:17:35 - Row :8 - Order imported successfully.
03-12-2022 @ 17:17:35 - Row :9 - Parsing item.
03-12-2022 @ 17:17:35 - Importing as new order ID:6699
03-12-2022 @ 17:17:35 - Row :9 - Processing item.
03-12-2022 @ 17:17:35 - Found order object. ID:6699
03-12-2022 @ 17:17:36 - Row :9 - Order imported successfully.
03-12-2022 @ 17:17:36 - ---[ Import ended at 2022-03-12 17:17:36]---
