03-12-2022 @ 17:23:14 - ---[ New import started at 2022-03-12 17:23:14 ] PHP Memory: 512 Mo, WP Memory: 40 Mo
03-12-2022 @ 17:23:14 - Preparing for import.
03-12-2022 @ 17:23:14 - Row :1 - Parsing item.
03-12-2022 @ 17:23:14 - Row :1 - Parsing failed. Reason: Skipped. Invalid date format #not in column order_date.
03-12-2022 @ 17:23:14 - Row :2 - Parsing item.
03-12-2022 @ 17:23:14 - Row :2 - Parsing failed. Reason: Skipped. Invalid date format #not in column order_date.
03-12-2022 @ 17:23:14 - Row :3 - Parsing item.
03-12-2022 @ 17:23:14 - Row :3 - Parsing failed. Reason: Skipped. Invalid date format #not in column order_date.
03-12-2022 @ 17:23:14 - Row :4 - Parsing item.
03-12-2022 @ 17:23:14 - Row :4 - Parsing failed. Reason: Skipped. Invalid date format #not in column order_date.
03-12-2022 @ 17:23:14 - Row :5 - Parsing item.
03-12-2022 @ 17:23:14 - Row :5 - Parsing failed. Reason: Skipped. Invalid date format #not in column order_date.
03-12-2022 @ 17:23:14 - Row :6 - Parsing item.
03-12-2022 @ 17:23:14 - Importing as new order ID:6701
03-12-2022 @ 17:23:14 - Row :6 - Processing item.
03-12-2022 @ 17:23:14 - Found order object. ID:6701
03-12-2022 @ 17:23:15 - Row :6 - Order imported successfully.
03-12-2022 @ 17:23:15 - Row :7 - Parsing item.
03-12-2022 @ 17:23:15 - Row :7 - Parsing failed. Reason: Skipped. Invalid date format #not in column paid_date.
03-12-2022 @ 17:23:15 - Row :8 - Parsing item.
03-12-2022 @ 17:23:15 - Importing as new order ID:6702
03-12-2022 @ 17:23:15 - Row :8 - Processing item.
03-12-2022 @ 17:23:15 - Found order object. ID:6702
03-12-2022 @ 17:23:15 - Row :8 - Order imported successfully.
03-12-2022 @ 17:23:15 - Row :9 - Parsing item.
03-12-2022 @ 17:23:15 - Importing as new order ID:6703
03-12-2022 @ 17:23:15 - Row :9 - Processing item.
03-12-2022 @ 17:23:15 - Found order object. ID:6703
03-12-2022 @ 17:23:15 - Row :9 - Order imported successfully.
03-12-2022 @ 17:23:15 - ---[ Import ended at 2022-03-12 17:23:15]---
