03-12-2022 @ 17:34:52 - ---[ New import started at 2022-03-12 17:34:52 ] PHP Memory: 512 Mo, WP Memory: 40 Mo
03-12-2022 @ 17:34:52 - Preparing for import.
03-12-2022 @ 17:34:52 - Row :1 - Parsing item.
03-12-2022 @ 17:34:52 - Importing as new order ID:6705
03-12-2022 @ 17:34:52 - Row :1 - Processing item.
03-12-2022 @ 17:34:52 - Found order object. ID:6705
03-12-2022 @ 17:34:52 - Row :1 - Order imported successfully.
03-12-2022 @ 17:34:52 - Row :2 - Parsing item.
03-12-2022 @ 17:34:52 - Importing as new order ID:6706
03-12-2022 @ 17:34:52 - Row :2 - Processing item.
03-12-2022 @ 17:34:52 - Found order object. ID:6706
03-12-2022 @ 17:34:53 - Row :2 - Order imported successfully.
03-12-2022 @ 17:34:53 - Row :3 - Parsing item.
03-12-2022 @ 17:34:53 - Importing as new order ID:6707
03-12-2022 @ 17:34:53 - Row :3 - Processing item.
03-12-2022 @ 17:34:53 - Found order object. ID:6707
03-12-2022 @ 17:34:53 - Row :3 - Order imported successfully.
03-12-2022 @ 17:34:53 - Row :4 - Parsing item.
03-12-2022 @ 17:34:53 - Importing as new order ID:6708
03-12-2022 @ 17:34:53 - Row :4 - Processing item.
03-12-2022 @ 17:34:53 - Found order object. ID:6708
03-12-2022 @ 17:34:53 - Row :4 - Order imported successfully.
03-12-2022 @ 17:34:53 - Row :5 - Parsing item.
03-12-2022 @ 17:34:53 - Importing as new order ID:6709
03-12-2022 @ 17:34:53 - Row :5 - Processing item.
03-12-2022 @ 17:34:53 - Found order object. ID:6709
03-12-2022 @ 17:34:53 - Row :5 - Order imported successfully.
03-12-2022 @ 17:34:53 - Row :6 - Parsing item.
03-12-2022 @ 17:34:53 - Importing as new order ID:6710
03-12-2022 @ 17:34:53 - Row :6 - Processing item.
03-12-2022 @ 17:34:53 - Found order object. ID:6710
03-12-2022 @ 17:34:53 - Row :6 - Order imported successfully.
03-12-2022 @ 17:34:53 - Row :7 - Parsing item.
03-12-2022 @ 17:34:53 - Importing as new order ID:6711
03-12-2022 @ 17:34:53 - Row :7 - Processing item.
03-12-2022 @ 17:34:53 - Found order object. ID:6711
03-12-2022 @ 17:34:53 - Row :7 - Order imported successfully.
03-12-2022 @ 17:34:53 - Row :8 - Parsing item.
03-12-2022 @ 17:34:54 - Importing as new order ID:6712
03-12-2022 @ 17:34:54 - Row :8 - Processing item.
03-12-2022 @ 17:34:54 - Found order object. ID:6712
03-12-2022 @ 17:34:54 - Row :8 - Order imported successfully.
03-12-2022 @ 17:34:54 - Row :9 - Parsing item.
03-12-2022 @ 17:34:54 - Importing as new order ID:6713
03-12-2022 @ 17:34:54 - Row :9 - Processing item.
03-12-2022 @ 17:34:54 - Found order object. ID:6713
03-12-2022 @ 17:34:54 - Row :9 - Order imported successfully.
03-12-2022 @ 17:34:54 - ---[ Import ended at 2022-03-12 17:34:54]---
