03-12-2022 @ 18:17:35 - ---[ New import started at 2022-03-12 18:17:35 ] PHP Memory: 512 Mo, WP Memory: 40 Mo
03-12-2022 @ 18:17:35 - Preparing for import.
03-12-2022 @ 18:17:35 - Row :1 - Parsing item.
03-12-2022 @ 18:17:35 - Importing as new order ID:6714
03-12-2022 @ 18:17:35 - Row :1 - Processing item.
03-12-2022 @ 18:17:35 - Found order object. ID:6714
03-12-2022 @ 18:17:35 - Row :1 - Order imported successfully.
03-12-2022 @ 18:17:35 - Row :2 - Parsing item.
03-12-2022 @ 18:17:35 - Importing as new order ID:6715
03-12-2022 @ 18:17:35 - Row :2 - Processing item.
03-12-2022 @ 18:17:35 - Found order object. ID:6715
03-12-2022 @ 18:17:36 - Row :2 - Order imported successfully.
03-12-2022 @ 18:17:36 - Row :3 - Parsing item.
03-12-2022 @ 18:17:36 - Importing as new order ID:6716
03-12-2022 @ 18:17:36 - Row :3 - Processing item.
03-12-2022 @ 18:17:36 - Found order object. ID:6716
03-12-2022 @ 18:17:36 - Row :3 - Order imported successfully.
03-12-2022 @ 18:17:36 - Row :4 - Parsing item.
03-12-2022 @ 18:17:36 - Importing as new order ID:6717
03-12-2022 @ 18:17:36 - Row :4 - Processing item.
03-12-2022 @ 18:17:36 - Found order object. ID:6717
03-12-2022 @ 18:17:36 - Row :4 - Order imported successfully.
03-12-2022 @ 18:17:36 - Row :5 - Parsing item.
03-12-2022 @ 18:17:36 - Importing as new order ID:6718
03-12-2022 @ 18:17:36 - Row :5 - Processing item.
03-12-2022 @ 18:17:36 - Found order object. ID:6718
03-12-2022 @ 18:17:36 - Row :5 - Order imported successfully.
03-12-2022 @ 18:17:36 - Row :6 - Parsing item.
03-12-2022 @ 18:17:36 - Importing as new order ID:6719
03-12-2022 @ 18:17:36 - Row :6 - Processing item.
03-12-2022 @ 18:17:36 - Found order object. ID:6719
03-12-2022 @ 18:17:36 - Row :6 - Order imported successfully.
03-12-2022 @ 18:17:36 - Row :7 - Parsing item.
03-12-2022 @ 18:17:36 - Importing as new order ID:6720
03-12-2022 @ 18:17:36 - Row :7 - Processing item.
03-12-2022 @ 18:17:36 - Found order object. ID:6720
03-12-2022 @ 18:17:37 - Row :7 - Order imported successfully.
03-12-2022 @ 18:17:37 - Row :8 - Parsing item.
03-12-2022 @ 18:17:37 - Importing as new order ID:6721
03-12-2022 @ 18:17:37 - Row :8 - Processing item.
03-12-2022 @ 18:17:37 - Found order object. ID:6721
03-12-2022 @ 18:17:37 - Row :8 - Order imported successfully.
03-12-2022 @ 18:17:37 - Row :9 - Parsing item.
03-12-2022 @ 18:17:37 - Importing as new order ID:6722
03-12-2022 @ 18:17:37 - Row :9 - Processing item.
03-12-2022 @ 18:17:37 - Found order object. ID:6722
03-12-2022 @ 18:17:37 - Row :9 - Order imported successfully.
03-12-2022 @ 18:17:37 - ---[ Import ended at 2022-03-12 18:17:37]---
