03-19-2022 @ 10:21:17 - ---[ New import started at 2022-03-19 10:21:17 ] PHP Memory: 512 Mo, WP Memory: 40 Mo
03-19-2022 @ 10:21:17 - Preparing for import.
03-19-2022 @ 10:21:17 - Row :1 - Parsing item.
03-19-2022 @ 10:21:17 - Importing as new order ID:12875
03-19-2022 @ 10:21:17 - Row :1 - Processing item.
03-19-2022 @ 10:21:18 - Found order object. ID:12875
03-19-2022 @ 10:21:18 - Row :1 - Order imported successfully.
03-19-2022 @ 10:21:18 - Row :2 - Parsing item.
03-19-2022 @ 10:21:18 - Importing as new order ID:12876
03-19-2022 @ 10:21:18 - Row :2 - Processing item.
03-19-2022 @ 10:21:18 - Found order object. ID:12876
03-19-2022 @ 10:21:18 - Row :2 - Order imported successfully.
03-19-2022 @ 10:21:18 - Row :3 - Parsing item.
03-19-2022 @ 10:21:18 - Importing as new order ID:12877
03-19-2022 @ 10:21:18 - Row :3 - Processing item.
03-19-2022 @ 10:21:18 - Found order object. ID:12877
03-19-2022 @ 10:21:19 - Row :3 - Order imported successfully.
03-19-2022 @ 10:21:19 - Row :4 - Parsing item.
03-19-2022 @ 10:21:19 - Importing as new order ID:12878
03-19-2022 @ 10:21:19 - Row :4 - Processing item.
03-19-2022 @ 10:21:19 - Found order object. ID:12878
03-19-2022 @ 10:21:19 - Row :4 - Order imported successfully.
03-19-2022 @ 10:21:19 - Row :5 - Parsing item.
03-19-2022 @ 10:21:19 - Importing as new order ID:12879
03-19-2022 @ 10:21:19 - Row :5 - Processing item.
03-19-2022 @ 10:21:19 - Found order object. ID:12879
03-19-2022 @ 10:21:19 - Row :5 - Order imported successfully.
03-19-2022 @ 10:21:19 - ---[ Import ended at 2022-03-19 10:21:19]---
