03-21-2022 @ 15:23:01 - ---[ New import started at 2022-03-21 15:23:01 ] PHP Memory: 512 Mo, WP Memory: 40 Mo
03-21-2022 @ 15:23:01 - Preparing for import.
03-21-2022 @ 15:23:01 - Row :1 - Parsing item.
03-21-2022 @ 15:23:01 - Row :1 - Processing item.
03-21-2022 @ 15:23:01 - Found simple product object. ID:3169
03-21-2022 @ 15:23:01 - Row :1 - Product updated successfully.
03-21-2022 @ 15:23:01 - Row :2 - Parsing item.
03-21-2022 @ 15:23:01 - Row :2 - Processing item.
03-21-2022 @ 15:23:01 - Found simple product object. ID:3170
03-21-2022 @ 15:23:01 - Row :2 - Product updated successfully.
03-21-2022 @ 15:23:01 - Row :3 - Parsing item.
03-21-2022 @ 15:23:01 - Row :3 - Processing item.
03-21-2022 @ 15:23:01 - Found simple product object. ID:3171
03-21-2022 @ 15:23:01 - Row :3 - Product updated successfully.
03-21-2022 @ 15:23:01 - Row :4 - Parsing item.
03-21-2022 @ 15:23:01 - Row :4 - Processing item.
03-21-2022 @ 15:23:01 - Found simple product object. ID:3172
03-21-2022 @ 15:23:01 - Row :4 - Product updated successfully.
03-21-2022 @ 15:23:01 - Row :5 - Parsing item.
03-21-2022 @ 15:23:01 - Row :5 - Processing item.
03-21-2022 @ 15:23:01 - Found simple product object. ID:3173
03-21-2022 @ 15:23:01 - Row :5 - Product updated successfully.
03-21-2022 @ 15:23:01 - Row :6 - Parsing item.
03-21-2022 @ 15:23:01 - Row :6 - Processing item.
03-21-2022 @ 15:23:01 - Found simple product object. ID:3174
03-21-2022 @ 15:23:01 - Row :6 - Product updated successfully.
03-21-2022 @ 15:23:01 - Row :7 - Parsing item.
03-21-2022 @ 15:23:01 - Row :7 - Processing item.
03-21-2022 @ 15:23:01 - Found simple product object. ID:3175
03-21-2022 @ 15:23:01 - Row :7 - Product updated successfully.
03-21-2022 @ 15:23:01 - Row :8 - Parsing item.
03-21-2022 @ 15:23:01 - Row :8 - Processing item.
03-21-2022 @ 15:23:01 - Found simple product object. ID:3176
03-21-2022 @ 15:23:01 - Row :8 - Product updated successfully.
03-21-2022 @ 15:23:01 - Row :9 - Parsing item.
03-21-2022 @ 15:23:01 - Row :9 - Processing item.
03-21-2022 @ 15:23:01 - Found simple product object. ID:3177
03-21-2022 @ 15:23:02 - Row :9 - Product updated successfully.
03-21-2022 @ 15:23:02 - Row :10 - Parsing item.
03-21-2022 @ 15:23:02 - Row :10 - Processing item.
03-21-2022 @ 15:23:02 - Found simple product object. ID:3178
03-21-2022 @ 15:23:02 - Row :10 - Product updated successfully.
03-21-2022 @ 15:23:03 - Preparing for import.
03-21-2022 @ 15:23:03 - Row :11 - Parsing item.
03-21-2022 @ 15:23:03 - Row :11 - Processing item.
03-21-2022 @ 15:23:03 - Found simple product object. ID:3179
03-21-2022 @ 15:23:03 - Row :11 - Product updated successfully.
03-21-2022 @ 15:23:03 - Row :12 - Parsing item.
03-21-2022 @ 15:23:03 - Row :12 - Processing item.
03-21-2022 @ 15:23:03 - Found simple product object. ID:3180
03-21-2022 @ 15:23:03 - Row :12 - Product updated successfully.
03-21-2022 @ 15:23:03 - Row :13 - Parsing item.
03-21-2022 @ 15:23:03 - Row :13 - Processing item.
03-21-2022 @ 15:23:03 - Found simple product object. ID:3181
03-21-2022 @ 15:23:03 - Row :13 - Product updated successfully.
03-21-2022 @ 15:23:03 - Row :14 - Parsing item.
03-21-2022 @ 15:23:03 - Row :14 - Processing item.
03-21-2022 @ 15:23:03 - Found simple product object. ID:3182
03-21-2022 @ 15:23:03 - Row :14 - Product updated successfully.
03-21-2022 @ 15:23:03 - Row :15 - Parsing item.
03-21-2022 @ 15:23:03 - Row :15 - Processing item.
03-21-2022 @ 15:23:03 - Found simple product object. ID:3183
03-21-2022 @ 15:23:03 - Row :15 - Product updated successfully.
03-21-2022 @ 15:23:03 - Row :16 - Parsing item.
03-21-2022 @ 15:23:03 - Row :16 - Processing item.
03-21-2022 @ 15:23:03 - Found simple product object. ID:3184
03-21-2022 @ 15:23:03 - Row :16 - Product updated successfully.
03-21-2022 @ 15:23:03 - Row :17 - Parsing item.
03-21-2022 @ 15:23:03 - Row :17 - Processing item.
03-21-2022 @ 15:23:03 - Found simple product object. ID:3185
03-21-2022 @ 15:23:03 - Row :17 - Product updated successfully.
03-21-2022 @ 15:23:03 - Row :18 - Parsing item.
03-21-2022 @ 15:23:03 - Row :18 - Processing item.
03-21-2022 @ 15:23:03 - Found simple product object. ID:3186
03-21-2022 @ 15:23:03 - Row :18 - Product updated successfully.
03-21-2022 @ 15:23:03 - Row :19 - Parsing item.
03-21-2022 @ 15:23:03 - Row :19 - Processing item.
03-21-2022 @ 15:23:03 - Found simple product object. ID:3187
03-21-2022 @ 15:23:03 - Row :19 - Product updated successfully.
03-21-2022 @ 15:23:03 - Row :20 - Parsing item.
03-21-2022 @ 15:23:03 - Row :20 - Processing item.
03-21-2022 @ 15:23:03 - Found simple product object. ID:3188
03-21-2022 @ 15:23:03 - Row :20 - Product updated successfully.
03-21-2022 @ 15:23:04 - Preparing for import.
03-21-2022 @ 15:23:04 - Row :21 - Parsing item.
03-21-2022 @ 15:23:04 - Row :21 - Processing item.
03-21-2022 @ 15:23:04 - Found simple product object. ID:3189
03-21-2022 @ 15:23:04 - Row :21 - Product updated successfully.
03-21-2022 @ 15:23:04 - Row :22 - Parsing item.
03-21-2022 @ 15:23:04 - Row :22 - Processing item.
03-21-2022 @ 15:23:04 - Found simple product object. ID:3190
03-21-2022 @ 15:23:04 - Row :22 - Product updated successfully.
03-21-2022 @ 15:23:04 - Row :23 - Parsing item.
03-21-2022 @ 15:23:04 - Row :23 - Processing item.
03-21-2022 @ 15:23:04 - Found simple product object. ID:3191
03-21-2022 @ 15:23:04 - Row :23 - Product updated successfully.
03-21-2022 @ 15:23:04 - Row :24 - Parsing item.
03-21-2022 @ 15:23:04 - Row :24 - Processing item.
03-21-2022 @ 15:23:04 - Found simple product object. ID:3192
03-21-2022 @ 15:23:04 - Row :24 - Product updated successfully.
03-21-2022 @ 15:23:04 - Row :25 - Parsing item.
03-21-2022 @ 15:23:04 - Row :25 - Processing item.
03-21-2022 @ 15:23:04 - Found simple product object. ID:3193
03-21-2022 @ 15:23:04 - Row :25 - Product updated successfully.
03-21-2022 @ 15:23:04 - Row :26 - Parsing item.
03-21-2022 @ 15:23:04 - Row :26 - Processing item.
03-21-2022 @ 15:23:04 - Found simple product object. ID:3194
03-21-2022 @ 15:23:05 - Row :26 - Product updated successfully.
03-21-2022 @ 15:23:05 - Row :27 - Parsing item.
03-21-2022 @ 15:23:05 - Row :27 - Processing item.
03-21-2022 @ 15:23:05 - Found simple product object. ID:3195
03-21-2022 @ 15:23:05 - Row :27 - Product updated successfully.
03-21-2022 @ 15:23:05 - Row :28 - Parsing item.
03-21-2022 @ 15:23:05 - Row :28 - Processing item.
03-21-2022 @ 15:23:05 - Found simple product object. ID:3196
03-21-2022 @ 15:23:05 - Row :28 - Product updated successfully.
03-21-2022 @ 15:23:05 - Row :29 - Parsing item.
03-21-2022 @ 15:23:05 - Row :29 - Processing item.
03-21-2022 @ 15:23:05 - Found simple product object. ID:3197
03-21-2022 @ 15:23:05 - Row :29 - Product updated successfully.
03-21-2022 @ 15:23:05 - Row :30 - Parsing item.
03-21-2022 @ 15:23:05 - Row :30 - Processing item.
03-21-2022 @ 15:23:05 - Found simple product object. ID:3198
03-21-2022 @ 15:23:05 - Row :30 - Product updated successfully.
03-21-2022 @ 15:23:06 - Preparing for import.
03-21-2022 @ 15:23:06 - Row :31 - Parsing item.
03-21-2022 @ 15:23:06 - Row :31 - Processing item.
03-21-2022 @ 15:23:06 - Found simple product object. ID:3199
03-21-2022 @ 15:23:06 - Row :31 - Product updated successfully.
03-21-2022 @ 15:23:06 - Row :32 - Parsing item.
03-21-2022 @ 15:23:06 - Row :32 - Processing item.
03-21-2022 @ 15:23:06 - Found simple product object. ID:3200
03-21-2022 @ 15:23:06 - Row :32 - Product updated successfully.
03-21-2022 @ 15:23:06 - Row :33 - Parsing item.
03-21-2022 @ 15:23:06 - Row :33 - Processing item.
03-21-2022 @ 15:23:06 - Found simple product object. ID:3201
03-21-2022 @ 15:23:06 - Row :33 - Product updated successfully.
03-21-2022 @ 15:23:06 - Row :34 - Parsing item.
03-21-2022 @ 15:23:06 - Row :34 - Processing item.
03-21-2022 @ 15:23:06 - Found simple product object. ID:3202
03-21-2022 @ 15:23:06 - Row :34 - Product updated successfully.
03-21-2022 @ 15:23:06 - Row :35 - Parsing item.
03-21-2022 @ 15:23:06 - Row :35 - Processing item.
03-21-2022 @ 15:23:06 - Found simple product object. ID:3203
03-21-2022 @ 15:23:06 - Row :35 - Product updated successfully.
03-21-2022 @ 15:23:06 - Row :36 - Parsing item.
03-21-2022 @ 15:23:06 - Row :36 - Processing item.
03-21-2022 @ 15:23:06 - Found simple product object. ID:3204
03-21-2022 @ 15:23:06 - Row :36 - Product updated successfully.
03-21-2022 @ 15:23:06 - Row :37 - Parsing item.
03-21-2022 @ 15:23:06 - Row :37 - Processing item.
03-21-2022 @ 15:23:06 - Found simple product object. ID:3205
03-21-2022 @ 15:23:06 - Row :37 - Product updated successfully.
03-21-2022 @ 15:23:06 - Row :38 - Parsing item.
03-21-2022 @ 15:23:06 - Row :38 - Processing item.
03-21-2022 @ 15:23:06 - Found simple product object. ID:3206
03-21-2022 @ 15:23:06 - Row :38 - Product updated successfully.
03-21-2022 @ 15:23:06 - Row :39 - Parsing item.
03-21-2022 @ 15:23:06 - Row :39 - Processing item.
03-21-2022 @ 15:23:06 - Found simple product object. ID:3207
03-21-2022 @ 15:23:07 - Row :39 - Product updated successfully.
03-21-2022 @ 15:23:07 - Row :40 - Parsing item.
03-21-2022 @ 15:23:07 - Row :40 - Processing item.
03-21-2022 @ 15:23:07 - Found simple product object. ID:3208
03-21-2022 @ 15:23:07 - Row :40 - Product updated successfully.
03-21-2022 @ 15:23:08 - Preparing for import.
03-21-2022 @ 15:23:08 - Row :41 - Parsing item.
03-21-2022 @ 15:23:08 - Row :41 - Processing item.
03-21-2022 @ 15:23:08 - Found simple product object. ID:3209
03-21-2022 @ 15:23:08 - Row :41 - Product updated successfully.
03-21-2022 @ 15:23:08 - Row :42 - Parsing item.
03-21-2022 @ 15:23:08 - Row :42 - Processing item.
03-21-2022 @ 15:23:08 - Found simple product object. ID:3210
03-21-2022 @ 15:23:08 - Row :42 - Product updated successfully.
03-21-2022 @ 15:23:08 - Row :43 - Parsing item.
03-21-2022 @ 15:23:08 - Row :43 - Processing item.
03-21-2022 @ 15:23:08 - Found simple product object. ID:3211
03-21-2022 @ 15:23:08 - Row :43 - Product updated successfully.
03-21-2022 @ 15:23:08 - Row :44 - Parsing item.
03-21-2022 @ 15:23:08 - Row :44 - Processing item.
03-21-2022 @ 15:23:08 - Found simple product object. ID:3212
03-21-2022 @ 15:23:08 - Row :44 - Product updated successfully.
03-21-2022 @ 15:23:08 - Row :45 - Parsing item.
03-21-2022 @ 15:23:08 - Row :45 - Processing item.
03-21-2022 @ 15:23:08 - Found simple product object. ID:3213
03-21-2022 @ 15:23:08 - Row :45 - Product updated successfully.
03-21-2022 @ 15:23:08 - Row :46 - Parsing item.
03-21-2022 @ 15:23:08 - Row :46 - Processing item.
03-21-2022 @ 15:23:08 - Found simple product object. ID:3214
03-21-2022 @ 15:23:08 - Row :46 - Product updated successfully.
03-21-2022 @ 15:23:08 - Row :47 - Parsing item.
03-21-2022 @ 15:23:08 - Row :47 - Processing item.
03-21-2022 @ 15:23:09 - Found simple product object. ID:3215
03-21-2022 @ 15:23:09 - Row :47 - Product updated successfully.
03-21-2022 @ 15:23:09 - Row :48 - Parsing item.
03-21-2022 @ 15:23:09 - Row :48 - Processing item.
03-21-2022 @ 15:23:09 - Found simple product object. ID:3216
03-21-2022 @ 15:23:09 - Row :48 - Product updated successfully.
03-21-2022 @ 15:23:09 - Row :49 - Parsing item.
03-21-2022 @ 15:23:09 - Row :49 - Processing item.
03-21-2022 @ 15:23:09 - Found simple product object. ID:3217
03-21-2022 @ 15:23:09 - Row :49 - Product updated successfully.
03-21-2022 @ 15:23:09 - Row :50 - Parsing item.
03-21-2022 @ 15:23:09 - Row :50 - Processing item.
03-21-2022 @ 15:23:09 - Found simple product object. ID:3218
03-21-2022 @ 15:23:09 - Row :50 - Product updated successfully.
03-21-2022 @ 15:23:10 - Preparing for import.
03-21-2022 @ 15:23:10 - Row :51 - Parsing item.
03-21-2022 @ 15:23:10 - Row :51 - Processing item.
03-21-2022 @ 15:23:10 - Found simple product object. ID:3219
03-21-2022 @ 15:23:10 - Row :51 - Product updated successfully.
03-21-2022 @ 15:23:10 - Row :52 - Parsing item.
03-21-2022 @ 15:23:10 - Row :52 - Processing item.
03-21-2022 @ 15:23:10 - Found simple product object. ID:3220
03-21-2022 @ 15:23:10 - Row :52 - Product updated successfully.
03-21-2022 @ 15:23:10 - Row :53 - Parsing item.
03-21-2022 @ 15:23:10 - Row :53 - Processing item.
03-21-2022 @ 15:23:10 - Found simple product object. ID:3221
03-21-2022 @ 15:23:10 - Row :53 - Product updated successfully.
03-21-2022 @ 15:23:10 - Row :54 - Parsing item.
03-21-2022 @ 15:23:10 - Row :54 - Processing item.
03-21-2022 @ 15:23:10 - Found simple product object. ID:3222
03-21-2022 @ 15:23:10 - Row :54 - Product updated successfully.
03-21-2022 @ 15:23:10 - Row :55 - Parsing item.
03-21-2022 @ 15:23:10 - Row :55 - Processing item.
03-21-2022 @ 15:23:10 - Found simple product object. ID:3223
03-21-2022 @ 15:23:10 - Row :55 - Product updated successfully.
03-21-2022 @ 15:23:10 - Row :56 - Parsing item.
03-21-2022 @ 15:23:10 - Row :56 - Processing item.
03-21-2022 @ 15:23:10 - Found simple product object. ID:3224
03-21-2022 @ 15:23:10 - Row :56 - Product updated successfully.
03-21-2022 @ 15:23:10 - Row :57 - Parsing item.
03-21-2022 @ 15:23:10 - Row :57 - Processing item.
03-21-2022 @ 15:23:10 - Found simple product object. ID:3225
03-21-2022 @ 15:23:10 - Row :57 - Product updated successfully.
03-21-2022 @ 15:23:10 - Row :58 - Parsing item.
03-21-2022 @ 15:23:10 - Row :58 - Processing item.
03-21-2022 @ 15:23:10 - Found simple product object. ID:3226
03-21-2022 @ 15:23:10 - Row :58 - Product updated successfully.
03-21-2022 @ 15:23:10 - Row :59 - Parsing item.
03-21-2022 @ 15:23:10 - Row :59 - Processing item.
03-21-2022 @ 15:23:10 - Found simple product object. ID:3227
03-21-2022 @ 15:23:10 - Row :59 - Product updated successfully.
03-21-2022 @ 15:23:10 - Row :60 - Parsing item.
03-21-2022 @ 15:23:10 - Row :60 - Processing item.
03-21-2022 @ 15:23:10 - Found simple product object. ID:3228
03-21-2022 @ 15:23:10 - Row :60 - Product updated successfully.
03-21-2022 @ 15:23:11 - Preparing for import.
03-21-2022 @ 15:23:11 - Row :61 - Parsing item.
03-21-2022 @ 15:23:11 - Row :61 - Processing item.
03-21-2022 @ 15:23:11 - Found simple product object. ID:3229
03-21-2022 @ 15:23:11 - Row :61 - Product updated successfully.
03-21-2022 @ 15:23:11 - Row :62 - Parsing item.
03-21-2022 @ 15:23:11 - Row :62 - Processing item.
03-21-2022 @ 15:23:11 - Found simple product object. ID:3230
03-21-2022 @ 15:23:11 - Row :62 - Product updated successfully.
03-21-2022 @ 15:23:11 - Row :63 - Parsing item.
03-21-2022 @ 15:23:11 - Row :63 - Processing item.
03-21-2022 @ 15:23:11 - Found simple product object. ID:3231
03-21-2022 @ 15:23:11 - Row :63 - Product updated successfully.
03-21-2022 @ 15:23:11 - Row :64 - Parsing item.
03-21-2022 @ 15:23:11 - Row :64 - Processing item.
03-21-2022 @ 15:23:11 - Found simple product object. ID:3232
03-21-2022 @ 15:23:11 - Row :64 - Product updated successfully.
03-21-2022 @ 15:23:11 - Row :65 - Parsing item.
03-21-2022 @ 15:23:11 - Row :65 - Processing item.
03-21-2022 @ 15:23:11 - Found simple product object. ID:3233
03-21-2022 @ 15:23:11 - Row :65 - Product updated successfully.
03-21-2022 @ 15:23:11 - Row :66 - Parsing item.
03-21-2022 @ 15:23:11 - Row :66 - Processing item.
03-21-2022 @ 15:23:11 - Found simple product object. ID:3234
03-21-2022 @ 15:23:11 - Row :66 - Product updated successfully.
03-21-2022 @ 15:23:11 - Row :67 - Parsing item.
03-21-2022 @ 15:23:11 - Row :67 - Processing item.
03-21-2022 @ 15:23:11 - Found simple product object. ID:3235
03-21-2022 @ 15:23:12 - Row :67 - Product updated successfully.
03-21-2022 @ 15:23:12 - Row :68 - Parsing item.
03-21-2022 @ 15:23:12 - Row :68 - Processing item.
03-21-2022 @ 15:23:12 - Found simple product object. ID:3236
03-21-2022 @ 15:23:12 - Row :68 - Product updated successfully.
03-21-2022 @ 15:23:12 - Row :69 - Parsing item.
03-21-2022 @ 15:23:12 - Row :69 - Processing item.
03-21-2022 @ 15:23:12 - Found simple product object. ID:3237
03-21-2022 @ 15:23:12 - Row :69 - Product updated successfully.
03-21-2022 @ 15:23:12 - Row :70 - Parsing item.
03-21-2022 @ 15:23:12 - Row :70 - Processing item.
03-21-2022 @ 15:23:12 - Found simple product object. ID:3238
03-21-2022 @ 15:23:12 - Row :70 - Product updated successfully.
03-21-2022 @ 15:23:13 - Preparing for import.
03-21-2022 @ 15:23:13 - Row :71 - Parsing item.
03-21-2022 @ 15:23:13 - Row :71 - Processing item.
03-21-2022 @ 15:23:13 - Found simple product object. ID:3239
03-21-2022 @ 15:23:13 - Row :71 - Product updated successfully.
03-21-2022 @ 15:23:13 - Row :72 - Parsing item.
03-21-2022 @ 15:23:13 - Row :72 - Processing item.
03-21-2022 @ 15:23:13 - Found simple product object. ID:3240
03-21-2022 @ 15:23:13 - Row :72 - Product updated successfully.
03-21-2022 @ 15:23:13 - Row :73 - Parsing item.
03-21-2022 @ 15:23:13 - Row :73 - Processing item.
03-21-2022 @ 15:23:13 - Found simple product object. ID:3241
03-21-2022 @ 15:23:13 - Row :73 - Product updated successfully.
03-21-2022 @ 15:23:13 - Row :74 - Parsing item.
03-21-2022 @ 15:23:13 - Row :74 - Processing item.
03-21-2022 @ 15:23:13 - Found simple product object. ID:3242
03-21-2022 @ 15:23:13 - Row :74 - Product updated successfully.
03-21-2022 @ 15:23:13 - Row :75 - Parsing item.
03-21-2022 @ 15:23:13 - Row :75 - Processing item.
03-21-2022 @ 15:23:13 - Found simple product object. ID:3243
03-21-2022 @ 15:23:13 - Row :75 - Product updated successfully.
03-21-2022 @ 15:23:13 - Row :76 - Parsing item.
03-21-2022 @ 15:23:13 - Row :76 - Processing item.
03-21-2022 @ 15:23:13 - Found simple product object. ID:3244
03-21-2022 @ 15:23:13 - Row :76 - Product updated successfully.
03-21-2022 @ 15:23:13 - Row :77 - Parsing item.
03-21-2022 @ 15:23:13 - Row :77 - Processing item.
03-21-2022 @ 15:23:13 - Found simple product object. ID:3245
03-21-2022 @ 15:23:13 - Row :77 - Product updated successfully.
03-21-2022 @ 15:23:13 - Row :78 - Parsing item.
03-21-2022 @ 15:23:13 - Row :78 - Processing item.
03-21-2022 @ 15:23:13 - Found simple product object. ID:3246
03-21-2022 @ 15:23:13 - Row :78 - Product updated successfully.
03-21-2022 @ 15:23:13 - Row :79 - Parsing item.
03-21-2022 @ 15:23:13 - Row :79 - Processing item.
03-21-2022 @ 15:23:13 - Found simple product object. ID:3247
03-21-2022 @ 15:23:13 - Row :79 - Product updated successfully.
03-21-2022 @ 15:23:13 - Row :80 - Parsing item.
03-21-2022 @ 15:23:13 - Row :80 - Processing item.
03-21-2022 @ 15:23:13 - Found simple product object. ID:3248
03-21-2022 @ 15:23:13 - Row :80 - Product updated successfully.
03-21-2022 @ 15:23:14 - Preparing for import.
03-21-2022 @ 15:23:14 - Row :81 - Parsing item.
03-21-2022 @ 15:23:14 - Row :81 - Processing item.
03-21-2022 @ 15:23:14 - Found simple product object. ID:3249
03-21-2022 @ 15:23:15 - Row :81 - Product updated successfully.
03-21-2022 @ 15:23:15 - Row :82 - Parsing item.
03-21-2022 @ 15:23:15 - Row :82 - Processing item.
03-21-2022 @ 15:23:15 - Found simple product object. ID:3250
03-21-2022 @ 15:23:15 - Row :82 - Product updated successfully.
03-21-2022 @ 15:23:15 - Row :83 - Parsing item.
03-21-2022 @ 15:23:15 - Row :83 - Processing item.
03-21-2022 @ 15:23:15 - Found simple product object. ID:3251
03-21-2022 @ 15:23:15 - Row :83 - Product updated successfully.
03-21-2022 @ 15:23:15 - Row :84 - Parsing item.
03-21-2022 @ 15:23:15 - Row :84 - Processing item.
03-21-2022 @ 15:23:15 - Found simple product object. ID:3252
03-21-2022 @ 15:23:15 - Row :84 - Product updated successfully.
03-21-2022 @ 15:23:15 - Row :85 - Parsing item.
03-21-2022 @ 15:23:15 - Row :85 - Processing item.
03-21-2022 @ 15:23:15 - Found simple product object. ID:3253
03-21-2022 @ 15:23:15 - Row :85 - Product updated successfully.
03-21-2022 @ 15:23:15 - Row :86 - Parsing item.
03-21-2022 @ 15:23:15 - Row :86 - Processing item.
03-21-2022 @ 15:23:15 - Found simple product object. ID:3254
03-21-2022 @ 15:23:15 - Row :86 - Product updated successfully.
03-21-2022 @ 15:23:15 - Row :87 - Parsing item.
03-21-2022 @ 15:23:15 - Row :87 - Processing item.
03-21-2022 @ 15:23:15 - Found simple product object. ID:3255
03-21-2022 @ 15:23:15 - Row :87 - Product updated successfully.
03-21-2022 @ 15:23:15 - Row :88 - Parsing item.
03-21-2022 @ 15:23:15 - Row :88 - Processing item.
03-21-2022 @ 15:23:15 - Found simple product object. ID:3256
03-21-2022 @ 15:23:15 - Row :88 - Product updated successfully.
03-21-2022 @ 15:23:15 - Row :89 - Parsing item.
03-21-2022 @ 15:23:15 - Row :89 - Processing item.
03-21-2022 @ 15:23:15 - Found simple product object. ID:3257
03-21-2022 @ 15:23:15 - Row :89 - Product updated successfully.
03-21-2022 @ 15:23:15 - Row :90 - Parsing item.
03-21-2022 @ 15:23:15 - Row :90 - Processing item.
03-21-2022 @ 15:23:15 - Found simple product object. ID:3258
03-21-2022 @ 15:23:15 - Row :90 - Product updated successfully.
03-21-2022 @ 15:23:16 - Preparing for import.
03-21-2022 @ 15:23:16 - Row :91 - Parsing item.
03-21-2022 @ 15:23:16 - Row :91 - Processing item.
03-21-2022 @ 15:23:16 - Found simple product object. ID:3259
03-21-2022 @ 15:23:16 - Row :91 - Product updated successfully.
03-21-2022 @ 15:23:16 - Row :92 - Parsing item.
03-21-2022 @ 15:23:16 - Row :92 - Processing item.
03-21-2022 @ 15:23:16 - Found simple product object. ID:3260
03-21-2022 @ 15:23:16 - Row :92 - Product updated successfully.
03-21-2022 @ 15:23:16 - Row :93 - Parsing item.
03-21-2022 @ 15:23:16 - Row :93 - Processing item.
03-21-2022 @ 15:23:16 - Found simple product object. ID:3261
03-21-2022 @ 15:23:16 - Row :93 - Product updated successfully.
03-21-2022 @ 15:23:16 - Row :94 - Parsing item.
03-21-2022 @ 15:23:16 - Row :94 - Processing item.
03-21-2022 @ 15:23:16 - Found simple product object. ID:3262
03-21-2022 @ 15:23:16 - Row :94 - Product updated successfully.
03-21-2022 @ 15:23:16 - Row :95 - Parsing item.
03-21-2022 @ 15:23:16 - Row :95 - Processing item.
03-21-2022 @ 15:23:16 - Found simple product object. ID:3263
03-21-2022 @ 15:23:16 - Row :95 - Product updated successfully.
03-21-2022 @ 15:23:16 - Row :96 - Parsing item.
03-21-2022 @ 15:23:16 - Row :96 - Processing item.
03-21-2022 @ 15:23:16 - Found simple product object. ID:3264
03-21-2022 @ 15:23:16 - Row :96 - Product updated successfully.
03-21-2022 @ 15:23:16 - Row :97 - Parsing item.
03-21-2022 @ 15:23:16 - Row :97 - Processing item.
03-21-2022 @ 15:23:16 - Found simple product object. ID:3265
03-21-2022 @ 15:23:16 - Row :97 - Product updated successfully.
03-21-2022 @ 15:23:16 - Row :98 - Parsing item.
03-21-2022 @ 15:23:16 - Row :98 - Processing item.
03-21-2022 @ 15:23:16 - Found simple product object. ID:3266
03-21-2022 @ 15:23:16 - Row :98 - Product updated successfully.
03-21-2022 @ 15:23:16 - Row :99 - Parsing item.
03-21-2022 @ 15:23:16 - Row :99 - Processing item.
03-21-2022 @ 15:23:16 - Found simple product object. ID:3267
03-21-2022 @ 15:23:16 - Row :99 - Product updated successfully.
03-21-2022 @ 15:23:16 - Row :100 - Parsing item.
03-21-2022 @ 15:23:16 - Row :100 - Processing item.
03-21-2022 @ 15:23:16 - Found simple product object. ID:3268
03-21-2022 @ 15:23:16 - Row :100 - Product updated successfully.
03-21-2022 @ 15:23:17 - Preparing for import.
03-21-2022 @ 15:23:17 - Row :101 - Parsing item.
03-21-2022 @ 15:23:17 - Row :101 - Processing item.
03-21-2022 @ 15:23:17 - Found simple product object. ID:3269
03-21-2022 @ 15:23:17 - Row :101 - Product updated successfully.
03-21-2022 @ 15:23:17 - Row :102 - Parsing item.
03-21-2022 @ 15:23:17 - Row :102 - Processing item.
03-21-2022 @ 15:23:17 - Found simple product object. ID:3270
03-21-2022 @ 15:23:18 - Row :102 - Product updated successfully.
03-21-2022 @ 15:23:18 - Row :103 - Parsing item.
03-21-2022 @ 15:23:18 - Row :103 - Processing item.
03-21-2022 @ 15:23:18 - Found simple product object. ID:3271
03-21-2022 @ 15:23:18 - Row :103 - Product updated successfully.
03-21-2022 @ 15:23:18 - Row :104 - Parsing item.
03-21-2022 @ 15:23:18 - Row :104 - Processing item.
03-21-2022 @ 15:23:18 - Found simple product object. ID:3272
03-21-2022 @ 15:23:18 - Row :104 - Product updated successfully.
03-21-2022 @ 15:23:18 - Row :105 - Parsing item.
03-21-2022 @ 15:23:18 - Row :105 - Processing item.
03-21-2022 @ 15:23:18 - Found simple product object. ID:3273
03-21-2022 @ 15:23:18 - Row :105 - Product updated successfully.
03-21-2022 @ 15:23:18 - Row :106 - Parsing item.
03-21-2022 @ 15:23:18 - Row :106 - Processing item.
03-21-2022 @ 15:23:18 - Found simple product object. ID:3274
03-21-2022 @ 15:23:18 - Row :106 - Product updated successfully.
03-21-2022 @ 15:23:18 - Row :107 - Parsing item.
03-21-2022 @ 15:23:18 - Row :107 - Processing item.
03-21-2022 @ 15:23:18 - Found simple product object. ID:3275
03-21-2022 @ 15:23:18 - Row :107 - Product updated successfully.
03-21-2022 @ 15:23:18 - Row :108 - Parsing item.
03-21-2022 @ 15:23:18 - Row :108 - Processing item.
03-21-2022 @ 15:23:18 - Found simple product object. ID:3276
03-21-2022 @ 15:23:18 - Row :108 - Product updated successfully.
03-21-2022 @ 15:23:18 - Row :109 - Parsing item.
03-21-2022 @ 15:23:18 - Row :109 - Processing item.
03-21-2022 @ 15:23:18 - Found simple product object. ID:3277
03-21-2022 @ 15:23:18 - Row :109 - Product updated successfully.
03-21-2022 @ 15:23:18 - Row :110 - Parsing item.
03-21-2022 @ 15:23:18 - Row :110 - Processing item.
03-21-2022 @ 15:23:18 - Found simple product object. ID:3278
03-21-2022 @ 15:23:18 - Row :110 - Product updated successfully.
03-21-2022 @ 15:23:19 - Preparing for import.
03-21-2022 @ 15:23:19 - Row :111 - Parsing item.
03-21-2022 @ 15:23:19 - Row :111 - Processing item.
03-21-2022 @ 15:23:19 - Found simple product object. ID:3279
03-21-2022 @ 15:23:19 - Row :111 - Product updated successfully.
03-21-2022 @ 15:23:19 - Row :112 - Parsing item.
03-21-2022 @ 15:23:19 - Row :112 - Processing item.
03-21-2022 @ 15:23:19 - Found simple product object. ID:3280
03-21-2022 @ 15:23:19 - Row :112 - Product updated successfully.
03-21-2022 @ 15:23:19 - Row :113 - Parsing item.
03-21-2022 @ 15:23:19 - Row :113 - Processing item.
03-21-2022 @ 15:23:19 - Found simple product object. ID:3281
03-21-2022 @ 15:23:19 - Row :113 - Product updated successfully.
03-21-2022 @ 15:23:19 - Row :114 - Parsing item.
03-21-2022 @ 15:23:19 - Row :114 - Processing item.
03-21-2022 @ 15:23:19 - Found simple product object. ID:3282
03-21-2022 @ 15:23:19 - Row :114 - Product updated successfully.
03-21-2022 @ 15:23:19 - Row :115 - Parsing item.
03-21-2022 @ 15:23:19 - Row :115 - Processing item.
03-21-2022 @ 15:23:19 - Found simple product object. ID:3283
03-21-2022 @ 15:23:19 - Row :115 - Product updated successfully.
03-21-2022 @ 15:23:19 - Row :116 - Parsing item.
03-21-2022 @ 15:23:19 - Row :116 - Processing item.
03-21-2022 @ 15:23:19 - Found simple product object. ID:3284
03-21-2022 @ 15:23:19 - Row :116 - Product updated successfully.
03-21-2022 @ 15:23:19 - Row :117 - Parsing item.
03-21-2022 @ 15:23:19 - Row :117 - Processing item.
03-21-2022 @ 15:23:19 - Found simple product object. ID:3285
03-21-2022 @ 15:23:20 - Row :117 - Product updated successfully.
03-21-2022 @ 15:23:20 - Row :118 - Parsing item.
03-21-2022 @ 15:23:20 - Row :118 - Processing item.
03-21-2022 @ 15:23:20 - Found simple product object. ID:3286
03-21-2022 @ 15:23:20 - Row :118 - Product updated successfully.
03-21-2022 @ 15:23:20 - Row :119 - Parsing item.
03-21-2022 @ 15:23:20 - Row :119 - Processing item.
03-21-2022 @ 15:23:20 - Found simple product object. ID:3287
03-21-2022 @ 15:23:20 - Row :119 - Product updated successfully.
03-21-2022 @ 15:23:20 - Row :120 - Parsing item.
03-21-2022 @ 15:23:20 - Row :120 - Processing item.
03-21-2022 @ 15:23:20 - Found simple product object. ID:3288
03-21-2022 @ 15:23:20 - Row :120 - Product updated successfully.
03-21-2022 @ 15:23:21 - Preparing for import.
03-21-2022 @ 15:23:21 - Row :121 - Parsing item.
03-21-2022 @ 15:23:21 - Row :121 - Processing item.
03-21-2022 @ 15:23:21 - Found simple product object. ID:3289
03-21-2022 @ 15:23:21 - Row :121 - Product updated successfully.
03-21-2022 @ 15:23:21 - Row :122 - Parsing item.
03-21-2022 @ 15:23:21 - Row :122 - Processing item.
03-21-2022 @ 15:23:21 - Found simple product object. ID:3290
03-21-2022 @ 15:23:21 - Row :122 - Product updated successfully.
03-21-2022 @ 15:23:21 - Row :123 - Parsing item.
03-21-2022 @ 15:23:21 - Row :123 - Processing item.
03-21-2022 @ 15:23:21 - Found simple product object. ID:3291
03-21-2022 @ 15:23:21 - Row :123 - Product updated successfully.
03-21-2022 @ 15:23:21 - Row :124 - Parsing item.
03-21-2022 @ 15:23:21 - Row :124 - Processing item.
03-21-2022 @ 15:23:21 - Found simple product object. ID:3292
03-21-2022 @ 15:23:22 - Row :124 - Product updated successfully.
03-21-2022 @ 15:23:22 - Row :125 - Parsing item.
03-21-2022 @ 15:23:22 - Row :125 - Processing item.
03-21-2022 @ 15:23:22 - Found simple product object. ID:3293
03-21-2022 @ 15:23:22 - Row :125 - Product updated successfully.
03-21-2022 @ 15:23:22 - Row :126 - Parsing item.
03-21-2022 @ 15:23:22 - Row :126 - Processing item.
03-21-2022 @ 15:23:22 - Found simple product object. ID:3294
03-21-2022 @ 15:23:22 - Row :126 - Product updated successfully.
03-21-2022 @ 15:23:22 - Row :127 - Parsing item.
03-21-2022 @ 15:23:22 - Row :127 - Processing item.
03-21-2022 @ 15:23:22 - Found simple product object. ID:3295
03-21-2022 @ 15:23:22 - Row :127 - Product updated successfully.
03-21-2022 @ 15:23:22 - Row :128 - Parsing item.
03-21-2022 @ 15:23:22 - Row :128 - Processing item.
03-21-2022 @ 15:23:22 - Found simple product object. ID:3296
03-21-2022 @ 15:23:22 - Row :128 - Product updated successfully.
03-21-2022 @ 15:23:22 - Row :129 - Parsing item.
03-21-2022 @ 15:23:22 - Row :129 - Processing item.
03-21-2022 @ 15:23:22 - Found simple product object. ID:3297
03-21-2022 @ 15:23:22 - Row :129 - Product updated successfully.
03-21-2022 @ 15:23:22 - Row :130 - Parsing item.
03-21-2022 @ 15:23:22 - Row :130 - Processing item.
03-21-2022 @ 15:23:22 - Found simple product object. ID:3298
03-21-2022 @ 15:23:22 - Row :130 - Product updated successfully.
03-21-2022 @ 15:23:23 - Preparing for import.
03-21-2022 @ 15:23:23 - Row :131 - Parsing item.
03-21-2022 @ 15:23:23 - Row :131 - Processing item.
03-21-2022 @ 15:23:23 - Found simple product object. ID:3299
03-21-2022 @ 15:23:23 - Row :131 - Product updated successfully.
03-21-2022 @ 15:23:23 - Row :132 - Parsing item.
03-21-2022 @ 15:23:23 - Row :132 - Processing item.
03-21-2022 @ 15:23:23 - Found simple product object. ID:3300
03-21-2022 @ 15:23:23 - Row :132 - Product updated successfully.
03-21-2022 @ 15:23:23 - Row :133 - Parsing item.
03-21-2022 @ 15:23:23 - Row :133 - Processing item.
03-21-2022 @ 15:23:23 - Found simple product object. ID:3301
03-21-2022 @ 15:23:23 - Row :133 - Product updated successfully.
03-21-2022 @ 15:23:23 - Row :134 - Parsing item.
03-21-2022 @ 15:23:23 - Row :134 - Processing item.
03-21-2022 @ 15:23:23 - Found simple product object. ID:3302
03-21-2022 @ 15:23:24 - Row :134 - Product updated successfully.
03-21-2022 @ 15:23:24 - Row :135 - Parsing item.
03-21-2022 @ 15:23:24 - Row :135 - Processing item.
03-21-2022 @ 15:23:24 - Found simple product object. ID:3303
03-21-2022 @ 15:23:24 - Row :135 - Product updated successfully.
03-21-2022 @ 15:23:24 - Row :136 - Parsing item.
03-21-2022 @ 15:23:24 - Row :136 - Processing item.
03-21-2022 @ 15:23:24 - Found simple product object. ID:3304
03-21-2022 @ 15:23:24 - Row :136 - Product updated successfully.
03-21-2022 @ 15:23:24 - Row :137 - Parsing item.
03-21-2022 @ 15:23:24 - Row :137 - Processing item.
03-21-2022 @ 15:23:24 - Found simple product object. ID:3305
03-21-2022 @ 15:23:24 - Row :137 - Product updated successfully.
03-21-2022 @ 15:23:24 - Row :138 - Parsing item.
03-21-2022 @ 15:23:24 - Row :138 - Processing item.
03-21-2022 @ 15:23:24 - Found simple product object. ID:3306
03-21-2022 @ 15:23:24 - Row :138 - Product updated successfully.
03-21-2022 @ 15:23:24 - Row :139 - Parsing item.
03-21-2022 @ 15:23:24 - Row :139 - Processing item.
03-21-2022 @ 15:23:24 - Found simple product object. ID:3307
03-21-2022 @ 15:23:24 - Row :139 - Product updated successfully.
03-21-2022 @ 15:23:24 - Row :140 - Parsing item.
03-21-2022 @ 15:23:24 - Row :140 - Processing item.
03-21-2022 @ 15:23:24 - Found simple product object. ID:3308
03-21-2022 @ 15:23:24 - Row :140 - Product updated successfully.
03-21-2022 @ 15:23:25 - Preparing for import.
03-21-2022 @ 15:23:25 - Row :141 - Parsing item.
03-21-2022 @ 15:23:25 - Row :141 - Processing item.
03-21-2022 @ 15:23:25 - Found simple product object. ID:3309
03-21-2022 @ 15:23:25 - Row :141 - Product updated successfully.
03-21-2022 @ 15:23:25 - Row :142 - Parsing item.
03-21-2022 @ 15:23:25 - Row :142 - Processing item.
03-21-2022 @ 15:23:25 - Found simple product object. ID:3310
03-21-2022 @ 15:23:25 - Row :142 - Product updated successfully.
03-21-2022 @ 15:23:25 - Row :143 - Parsing item.
03-21-2022 @ 15:23:25 - Row :143 - Processing item.
03-21-2022 @ 15:23:25 - Found simple product object. ID:3311
03-21-2022 @ 15:23:26 - Row :143 - Product updated successfully.
03-21-2022 @ 15:23:26 - Row :144 - Parsing item.
03-21-2022 @ 15:23:26 - Row :144 - Processing item.
03-21-2022 @ 15:23:26 - Found simple product object. ID:3312
03-21-2022 @ 15:23:26 - Row :144 - Product updated successfully.
03-21-2022 @ 15:23:26 - Row :145 - Parsing item.
03-21-2022 @ 15:23:26 - Row :145 - Processing item.
03-21-2022 @ 15:23:26 - Found simple product object. ID:3313
03-21-2022 @ 15:23:26 - Row :145 - Product updated successfully.
03-21-2022 @ 15:23:26 - Row :146 - Parsing item.
03-21-2022 @ 15:23:26 - Row :146 - Processing item.
03-21-2022 @ 15:23:26 - Found simple product object. ID:3314
03-21-2022 @ 15:23:26 - Row :146 - Product updated successfully.
03-21-2022 @ 15:23:26 - Row :147 - Parsing item.
03-21-2022 @ 15:23:26 - Row :147 - Processing item.
03-21-2022 @ 15:23:26 - Found simple product object. ID:3315
03-21-2022 @ 15:23:26 - Row :147 - Product updated successfully.
03-21-2022 @ 15:23:26 - Row :148 - Parsing item.
03-21-2022 @ 15:23:26 - Row :148 - Processing item.
03-21-2022 @ 15:23:26 - Found simple product object. ID:3316
03-21-2022 @ 15:23:26 - Row :148 - Product updated successfully.
03-21-2022 @ 15:23:26 - Row :149 - Parsing item.
03-21-2022 @ 15:23:26 - Row :149 - Processing item.
03-21-2022 @ 15:23:26 - Found simple product object. ID:3317
03-21-2022 @ 15:23:26 - Row :149 - Product updated successfully.
03-21-2022 @ 15:23:26 - Row :150 - Parsing item.
03-21-2022 @ 15:23:26 - Row :150 - Processing item.
03-21-2022 @ 15:23:26 - Found simple product object. ID:3318
03-21-2022 @ 15:23:26 - Row :150 - Product updated successfully.
03-21-2022 @ 15:23:27 - Preparing for import.
03-21-2022 @ 15:23:27 - Row :151 - Parsing item.
03-21-2022 @ 15:23:27 - Row :151 - Processing item.
03-21-2022 @ 15:23:27 - Found simple product object. ID:3319
03-21-2022 @ 15:23:28 - Row :151 - Product updated successfully.
03-21-2022 @ 15:23:28 - Row :152 - Parsing item.
03-21-2022 @ 15:23:28 - Row :152 - Processing item.
03-21-2022 @ 15:23:28 - Found simple product object. ID:3320
03-21-2022 @ 15:23:28 - Row :152 - Product updated successfully.
03-21-2022 @ 15:23:28 - Row :153 - Parsing item.
03-21-2022 @ 15:23:28 - Row :153 - Processing item.
03-21-2022 @ 15:23:28 - Found simple product object. ID:3321
03-21-2022 @ 15:23:28 - Row :153 - Product updated successfully.
03-21-2022 @ 15:23:28 - Row :154 - Parsing item.
03-21-2022 @ 15:23:28 - Row :154 - Processing item.
03-21-2022 @ 15:23:28 - Found simple product object. ID:3322
03-21-2022 @ 15:23:28 - Row :154 - Product updated successfully.
03-21-2022 @ 15:23:28 - Row :155 - Parsing item.
03-21-2022 @ 15:23:28 - Row :155 - Processing item.
03-21-2022 @ 15:23:28 - Found simple product object. ID:3323
03-21-2022 @ 15:23:28 - Row :155 - Product updated successfully.
03-21-2022 @ 15:23:28 - Row :156 - Parsing item.
03-21-2022 @ 15:23:28 - Row :156 - Processing item.
03-21-2022 @ 15:23:28 - Found simple product object. ID:3324
03-21-2022 @ 15:23:28 - Row :156 - Product updated successfully.
03-21-2022 @ 15:23:28 - Row :157 - Parsing item.
03-21-2022 @ 15:23:28 - Row :157 - Processing item.
03-21-2022 @ 15:23:28 - Found simple product object. ID:3325
03-21-2022 @ 15:23:28 - Row :157 - Product updated successfully.
03-21-2022 @ 15:23:28 - Row :158 - Parsing item.
03-21-2022 @ 15:23:28 - Row :158 - Processing item.
03-21-2022 @ 15:23:28 - Found simple product object. ID:3326
03-21-2022 @ 15:23:28 - Row :158 - Product updated successfully.
03-21-2022 @ 15:23:28 - Row :159 - Parsing item.
03-21-2022 @ 15:23:28 - Row :159 - Processing item.
03-21-2022 @ 15:23:28 - Found simple product object. ID:3327
03-21-2022 @ 15:23:28 - Row :159 - Product updated successfully.
03-21-2022 @ 15:23:28 - Row :160 - Parsing item.
03-21-2022 @ 15:23:28 - Row :160 - Processing item.
03-21-2022 @ 15:23:28 - Found simple product object. ID:3328
03-21-2022 @ 15:23:28 - Row :160 - Product updated successfully.
03-21-2022 @ 15:23:29 - Preparing for import.
03-21-2022 @ 15:23:29 - Row :161 - Parsing item.
03-21-2022 @ 15:23:29 - Row :161 - Processing item.
03-21-2022 @ 15:23:29 - Found simple product object. ID:3329
03-21-2022 @ 15:23:29 - Row :161 - Product updated successfully.
03-21-2022 @ 15:23:29 - Row :162 - Parsing item.
03-21-2022 @ 15:23:29 - Row :162 - Processing item.
03-21-2022 @ 15:23:29 - Found simple product object. ID:3330
03-21-2022 @ 15:23:29 - Row :162 - Product updated successfully.
03-21-2022 @ 15:23:29 - Row :163 - Parsing item.
03-21-2022 @ 15:23:29 - Row :163 - Processing item.
03-21-2022 @ 15:23:29 - Found simple product object. ID:3331
03-21-2022 @ 15:23:30 - Row :163 - Product updated successfully.
03-21-2022 @ 15:23:30 - Row :164 - Parsing item.
03-21-2022 @ 15:23:30 - Row :164 - Processing item.
03-21-2022 @ 15:23:30 - Found simple product object. ID:3332
03-21-2022 @ 15:23:30 - Row :164 - Product updated successfully.
03-21-2022 @ 15:23:30 - Row :165 - Parsing item.
03-21-2022 @ 15:23:30 - Row :165 - Processing item.
03-21-2022 @ 15:23:30 - Found simple product object. ID:3333
03-21-2022 @ 15:23:30 - Row :165 - Product updated successfully.
03-21-2022 @ 15:23:30 - Row :166 - Parsing item.
03-21-2022 @ 15:23:30 - Row :166 - Processing item.
03-21-2022 @ 15:23:30 - Found simple product object. ID:3334
03-21-2022 @ 15:23:30 - Row :166 - Product updated successfully.
03-21-2022 @ 15:23:30 - Row :167 - Parsing item.
03-21-2022 @ 15:23:30 - Row :167 - Processing item.
03-21-2022 @ 15:23:30 - Found simple product object. ID:3335
03-21-2022 @ 15:23:30 - Row :167 - Product updated successfully.
03-21-2022 @ 15:23:30 - Row :168 - Parsing item.
03-21-2022 @ 15:23:30 - Row :168 - Processing item.
03-21-2022 @ 15:23:30 - Found simple product object. ID:3336
03-21-2022 @ 15:23:30 - Row :168 - Product updated successfully.
03-21-2022 @ 15:23:30 - Row :169 - Parsing item.
03-21-2022 @ 15:23:30 - Row :169 - Processing item.
03-21-2022 @ 15:23:30 - Found simple product object. ID:3337
03-21-2022 @ 15:23:30 - Row :169 - Product updated successfully.
03-21-2022 @ 15:23:30 - Row :170 - Parsing item.
03-21-2022 @ 15:23:30 - Row :170 - Processing item.
03-21-2022 @ 15:23:30 - Found simple product object. ID:3338
03-21-2022 @ 15:23:30 - Row :170 - Product updated successfully.
03-21-2022 @ 15:23:31 - Preparing for import.
03-21-2022 @ 15:23:31 - Row :171 - Parsing item.
03-21-2022 @ 15:23:31 - Row :171 - Processing item.
03-21-2022 @ 15:23:31 - Found simple product object. ID:3339
03-21-2022 @ 15:23:31 - Row :171 - Product updated successfully.
03-21-2022 @ 15:23:31 - Row :172 - Parsing item.
03-21-2022 @ 15:23:31 - Row :172 - Processing item.
03-21-2022 @ 15:23:31 - Found simple product object. ID:3340
03-21-2022 @ 15:23:31 - Row :172 - Product updated successfully.
03-21-2022 @ 15:23:31 - Row :173 - Parsing item.
03-21-2022 @ 15:23:31 - Row :173 - Processing item.
03-21-2022 @ 15:23:31 - Found simple product object. ID:3341
03-21-2022 @ 15:23:31 - Row :173 - Product updated successfully.
03-21-2022 @ 15:23:31 - Row :174 - Parsing item.
03-21-2022 @ 15:23:31 - Row :174 - Processing item.
03-21-2022 @ 15:23:31 - Found simple product object. ID:3342
03-21-2022 @ 15:23:31 - Row :174 - Product updated successfully.
03-21-2022 @ 15:23:31 - Row :175 - Parsing item.
03-21-2022 @ 15:23:31 - Row :175 - Processing item.
03-21-2022 @ 15:23:31 - Found simple product object. ID:3343
03-21-2022 @ 15:23:31 - Row :175 - Product updated successfully.
03-21-2022 @ 15:23:31 - Row :176 - Parsing item.
03-21-2022 @ 15:23:31 - Row :176 - Processing item.
03-21-2022 @ 15:23:31 - Found simple product object. ID:3344
03-21-2022 @ 15:23:32 - Row :176 - Product updated successfully.
03-21-2022 @ 15:23:32 - Row :177 - Parsing item.
03-21-2022 @ 15:23:32 - Row :177 - Processing item.
03-21-2022 @ 15:23:32 - Found simple product object. ID:3345
03-21-2022 @ 15:23:32 - Row :177 - Product updated successfully.
03-21-2022 @ 15:23:32 - Row :178 - Parsing item.
03-21-2022 @ 15:23:32 - Row :178 - Processing item.
03-21-2022 @ 15:23:32 - Found simple product object. ID:3346
03-21-2022 @ 15:23:32 - Row :178 - Product updated successfully.
03-21-2022 @ 15:23:32 - Row :179 - Parsing item.
03-21-2022 @ 15:23:32 - Row :179 - Processing item.
03-21-2022 @ 15:23:32 - Found simple product object. ID:3347
03-21-2022 @ 15:23:32 - Row :179 - Product updated successfully.
03-21-2022 @ 15:23:32 - Row :180 - Parsing item.
03-21-2022 @ 15:23:32 - Row :180 - Processing item.
03-21-2022 @ 15:23:32 - Found simple product object. ID:3348
03-21-2022 @ 15:23:32 - Row :180 - Product updated successfully.
03-21-2022 @ 15:23:33 - Preparing for import.
03-21-2022 @ 15:23:33 - Row :181 - Parsing item.
03-21-2022 @ 15:23:33 - Row :181 - Processing item.
03-21-2022 @ 15:23:33 - Found simple product object. ID:3349
03-21-2022 @ 15:23:33 - Row :181 - Product updated successfully.
03-21-2022 @ 15:23:33 - Row :182 - Parsing item.
03-21-2022 @ 15:23:33 - Row :182 - Processing item.
03-21-2022 @ 15:23:33 - Found simple product object. ID:3350
03-21-2022 @ 15:23:33 - Row :182 - Product updated successfully.
03-21-2022 @ 15:23:33 - Row :183 - Parsing item.
03-21-2022 @ 15:23:33 - Row :183 - Processing item.
03-21-2022 @ 15:23:33 - Found simple product object. ID:3351
03-21-2022 @ 15:23:33 - Row :183 - Product updated successfully.
03-21-2022 @ 15:23:33 - Row :184 - Parsing item.
03-21-2022 @ 15:23:33 - Row :184 - Processing item.
03-21-2022 @ 15:23:33 - Found simple product object. ID:3352
03-21-2022 @ 15:23:34 - Row :184 - Product updated successfully.
03-21-2022 @ 15:23:34 - Row :185 - Parsing item.
03-21-2022 @ 15:23:34 - Row :185 - Processing item.
03-21-2022 @ 15:23:34 - Found simple product object. ID:3353
03-21-2022 @ 15:23:34 - Row :185 - Product updated successfully.
03-21-2022 @ 15:23:34 - Row :186 - Parsing item.
03-21-2022 @ 15:23:34 - Row :186 - Processing item.
03-21-2022 @ 15:23:34 - Found simple product object. ID:3354
03-21-2022 @ 15:23:34 - Row :186 - Product updated successfully.
03-21-2022 @ 15:23:34 - Row :187 - Parsing item.
03-21-2022 @ 15:23:34 - Row :187 - Processing item.
03-21-2022 @ 15:23:34 - Found simple product object. ID:3355
03-21-2022 @ 15:23:34 - Row :187 - Product updated successfully.
03-21-2022 @ 15:23:34 - Row :188 - Parsing item.
03-21-2022 @ 15:23:34 - Row :188 - Processing item.
03-21-2022 @ 15:23:34 - Found simple product object. ID:3356
03-21-2022 @ 15:23:34 - Row :188 - Product updated successfully.
03-21-2022 @ 15:23:34 - Row :189 - Parsing item.
03-21-2022 @ 15:23:34 - Row :189 - Processing item.
03-21-2022 @ 15:23:34 - Found simple product object. ID:3357
03-21-2022 @ 15:23:34 - Row :189 - Product updated successfully.
03-21-2022 @ 15:23:34 - Row :190 - Parsing item.
03-21-2022 @ 15:23:34 - Row :190 - Processing item.
03-21-2022 @ 15:23:34 - Found simple product object. ID:3358
03-21-2022 @ 15:23:34 - Row :190 - Product updated successfully.
03-21-2022 @ 15:23:36 - Preparing for import.
03-21-2022 @ 15:23:36 - Row :191 - Parsing item.
03-21-2022 @ 15:23:36 - Row :191 - Processing item.
03-21-2022 @ 15:23:36 - Found simple product object. ID:3359
03-21-2022 @ 15:23:36 - Row :191 - Product updated successfully.
03-21-2022 @ 15:23:36 - Row :192 - Parsing item.
03-21-2022 @ 15:23:36 - Row :192 - Processing item.
03-21-2022 @ 15:23:36 - Found simple product object. ID:3360
03-21-2022 @ 15:23:36 - Row :192 - Product updated successfully.
03-21-2022 @ 15:23:36 - Row :193 - Parsing item.
03-21-2022 @ 15:23:36 - Row :193 - Processing item.
03-21-2022 @ 15:23:36 - Found simple product object. ID:3361
03-21-2022 @ 15:23:36 - Row :193 - Product updated successfully.
03-21-2022 @ 15:23:36 - Row :194 - Parsing item.
03-21-2022 @ 15:23:36 - Row :194 - Processing item.
03-21-2022 @ 15:23:36 - Found simple product object. ID:3362
03-21-2022 @ 15:23:36 - Row :194 - Product updated successfully.
03-21-2022 @ 15:23:36 - Row :195 - Parsing item.
03-21-2022 @ 15:23:36 - Row :195 - Processing item.
03-21-2022 @ 15:23:36 - Found simple product object. ID:3363
03-21-2022 @ 15:23:36 - Row :195 - Product updated successfully.
03-21-2022 @ 15:23:36 - Row :196 - Parsing item.
03-21-2022 @ 15:23:36 - Row :196 - Processing item.
03-21-2022 @ 15:23:36 - Found simple product object. ID:3364
03-21-2022 @ 15:23:36 - Row :196 - Product updated successfully.
03-21-2022 @ 15:23:36 - Row :197 - Parsing item.
03-21-2022 @ 15:23:36 - Row :197 - Processing item.
03-21-2022 @ 15:23:36 - Found simple product object. ID:3365
03-21-2022 @ 15:23:36 - Row :197 - Product updated successfully.
03-21-2022 @ 15:23:36 - Row :198 - Parsing item.
03-21-2022 @ 15:23:36 - Row :198 - Processing item.
03-21-2022 @ 15:23:37 - Found simple product object. ID:3366
03-21-2022 @ 15:23:37 - Row :198 - Product updated successfully.
03-21-2022 @ 15:23:37 - Row :199 - Parsing item.
03-21-2022 @ 15:23:37 - Row :199 - Processing item.
03-21-2022 @ 15:23:37 - Found simple product object. ID:3367
03-21-2022 @ 15:23:37 - Row :199 - Product updated successfully.
03-21-2022 @ 15:23:37 - Row :200 - Parsing item.
03-21-2022 @ 15:23:37 - Row :200 - Processing item.
03-21-2022 @ 15:23:37 - Found simple product object. ID:3368
03-21-2022 @ 15:23:37 - Row :200 - Product updated successfully.
03-21-2022 @ 15:23:38 - Preparing for import.
03-21-2022 @ 15:23:38 - Row :201 - Parsing item.
03-21-2022 @ 15:23:38 - Row :201 - Processing item.
03-21-2022 @ 15:23:38 - Found simple product object. ID:3369
03-21-2022 @ 15:23:38 - Row :201 - Product updated successfully.
03-21-2022 @ 15:23:38 - Row :202 - Parsing item.
03-21-2022 @ 15:23:38 - Row :202 - Processing item.
03-21-2022 @ 15:23:38 - Found simple product object. ID:3370
03-21-2022 @ 15:23:38 - Row :202 - Product updated successfully.
03-21-2022 @ 15:23:38 - Row :203 - Parsing item.
03-21-2022 @ 15:23:38 - Row :203 - Processing item.
03-21-2022 @ 15:23:38 - Found simple product object. ID:3371
03-21-2022 @ 15:23:38 - Row :203 - Product updated successfully.
03-21-2022 @ 15:23:38 - Row :204 - Parsing item.
03-21-2022 @ 15:23:38 - Row :204 - Processing item.
03-21-2022 @ 15:23:38 - Found simple product object. ID:3372
03-21-2022 @ 15:23:38 - Row :204 - Product updated successfully.
03-21-2022 @ 15:23:38 - Row :205 - Parsing item.
03-21-2022 @ 15:23:38 - Row :205 - Processing item.
03-21-2022 @ 15:23:38 - Found simple product object. ID:3373
03-21-2022 @ 15:23:38 - Row :205 - Product updated successfully.
03-21-2022 @ 15:23:38 - Row :206 - Parsing item.
03-21-2022 @ 15:23:38 - Row :206 - Processing item.
03-21-2022 @ 15:23:38 - Found simple product object. ID:3375
03-21-2022 @ 15:23:38 - Row :206 - Product updated successfully.
03-21-2022 @ 15:23:38 - Row :207 - Parsing item.
03-21-2022 @ 15:23:38 - Row :207 - Processing item.
03-21-2022 @ 15:23:38 - Found simple product object. ID:3376
03-21-2022 @ 15:23:38 - Row :207 - Product updated successfully.
03-21-2022 @ 15:23:38 - Row :208 - Parsing item.
03-21-2022 @ 15:23:38 - Row :208 - Processing item.
03-21-2022 @ 15:23:38 - Found simple product object. ID:3377
03-21-2022 @ 15:23:39 - Row :208 - Product updated successfully.
03-21-2022 @ 15:23:39 - Row :209 - Parsing item.
03-21-2022 @ 15:23:39 - Row :209 - Processing item.
03-21-2022 @ 15:23:39 - Found simple product object. ID:3378
03-21-2022 @ 15:23:39 - Row :209 - Product updated successfully.
03-21-2022 @ 15:23:39 - Row :210 - Parsing item.
03-21-2022 @ 15:23:39 - Row :210 - Processing item.
03-21-2022 @ 15:23:39 - Found simple product object. ID:3379
03-21-2022 @ 15:23:39 - Row :210 - Product updated successfully.
03-21-2022 @ 15:23:40 - Preparing for import.
03-21-2022 @ 15:23:40 - Row :211 - Parsing item.
03-21-2022 @ 15:23:40 - Row :211 - Processing item.
03-21-2022 @ 15:23:40 - Found simple product object. ID:3380
03-21-2022 @ 15:23:40 - Row :211 - Product updated successfully.
03-21-2022 @ 15:23:40 - Row :212 - Parsing item.
03-21-2022 @ 15:23:40 - Row :212 - Processing item.
03-21-2022 @ 15:23:40 - Found simple product object. ID:3381
03-21-2022 @ 15:23:40 - Row :212 - Product updated successfully.
03-21-2022 @ 15:23:40 - Row :213 - Parsing item.
03-21-2022 @ 15:23:40 - Row :213 - Processing item.
03-21-2022 @ 15:23:40 - Found simple product object. ID:3382
03-21-2022 @ 15:23:40 - Row :213 - Product updated successfully.
03-21-2022 @ 15:23:40 - Row :214 - Parsing item.
03-21-2022 @ 15:23:40 - Row :214 - Processing item.
03-21-2022 @ 15:23:40 - Found simple product object. ID:3383
03-21-2022 @ 15:23:40 - Row :214 - Product updated successfully.
03-21-2022 @ 15:23:40 - Row :215 - Parsing item.
03-21-2022 @ 15:23:40 - Row :215 - Processing item.
03-21-2022 @ 15:23:40 - Found simple product object. ID:3384
03-21-2022 @ 15:23:40 - Row :215 - Product updated successfully.
03-21-2022 @ 15:23:40 - Row :216 - Parsing item.
03-21-2022 @ 15:23:40 - Row :216 - Processing item.
03-21-2022 @ 15:23:40 - Found simple product object. ID:3385
03-21-2022 @ 15:23:40 - Row :216 - Product updated successfully.
03-21-2022 @ 15:23:40 - Row :217 - Parsing item.
03-21-2022 @ 15:23:40 - Row :217 - Processing item.
03-21-2022 @ 15:23:40 - Found simple product object. ID:3386
03-21-2022 @ 15:23:40 - Row :217 - Product updated successfully.
03-21-2022 @ 15:23:40 - Row :218 - Parsing item.
03-21-2022 @ 15:23:40 - Row :218 - Processing item.
03-21-2022 @ 15:23:40 - Found simple product object. ID:3387
03-21-2022 @ 15:23:40 - Row :218 - Product updated successfully.
03-21-2022 @ 15:23:40 - Row :219 - Parsing item.
03-21-2022 @ 15:23:40 - Row :219 - Processing item.
03-21-2022 @ 15:23:40 - Found simple product object. ID:3388
03-21-2022 @ 15:23:40 - Row :219 - Product updated successfully.
03-21-2022 @ 15:23:40 - Row :220 - Parsing item.
03-21-2022 @ 15:23:40 - Row :220 - Processing item.
03-21-2022 @ 15:23:40 - Found simple product object. ID:3389
03-21-2022 @ 15:23:40 - Row :220 - Product updated successfully.
03-21-2022 @ 15:23:40 - Preparing for import.
03-21-2022 @ 15:23:40 - Row :221 - Parsing item.
03-21-2022 @ 15:23:40 - Row :221 - Processing item.
03-21-2022 @ 15:23:40 - Found simple product object. ID:3390
03-21-2022 @ 15:23:41 - Row :221 - Product updated successfully.
03-21-2022 @ 15:23:41 - Row :222 - Parsing item.
03-21-2022 @ 15:23:41 - Row :222 - Processing item.
03-21-2022 @ 15:23:41 - Found simple product object. ID:3391
03-21-2022 @ 15:23:41 - Row :222 - Product updated successfully.
03-21-2022 @ 15:23:41 - Row :223 - Parsing item.
03-21-2022 @ 15:23:41 - Row :223 - Processing item.
03-21-2022 @ 15:23:41 - Found simple product object. ID:3392
03-21-2022 @ 15:23:41 - Row :223 - Product updated successfully.
03-21-2022 @ 15:23:41 - Row :224 - Parsing item.
03-21-2022 @ 15:23:41 - Row :224 - Processing item.
03-21-2022 @ 15:23:41 - Found simple product object. ID:3393
03-21-2022 @ 15:23:41 - Row :224 - Product updated successfully.
03-21-2022 @ 15:23:41 - Row :225 - Parsing item.
03-21-2022 @ 15:23:41 - Row :225 - Processing item.
03-21-2022 @ 15:23:41 - Found simple product object. ID:3394
03-21-2022 @ 15:23:41 - Row :225 - Product updated successfully.
03-21-2022 @ 15:23:41 - Row :226 - Parsing item.
03-21-2022 @ 15:23:41 - Row :226 - Processing item.
03-21-2022 @ 15:23:41 - Found simple product object. ID:3396
03-21-2022 @ 15:23:41 - Row :226 - Product updated successfully.
03-21-2022 @ 15:23:41 - Row :227 - Parsing item.
03-21-2022 @ 15:23:41 - Row :227 - Processing item.
03-21-2022 @ 15:23:41 - Found simple product object. ID:3397
03-21-2022 @ 15:23:41 - Row :227 - Product updated successfully.
03-21-2022 @ 15:23:41 - Row :228 - Parsing item.
03-21-2022 @ 15:23:41 - Row :228 - Processing item.
03-21-2022 @ 15:23:41 - Found simple product object. ID:3398
03-21-2022 @ 15:23:41 - Row :228 - Product updated successfully.
03-21-2022 @ 15:23:41 - Row :229 - Parsing item.
03-21-2022 @ 15:23:41 - Row :229 - Processing item.
03-21-2022 @ 15:23:41 - Found simple product object. ID:3399
03-21-2022 @ 15:23:41 - Row :229 - Product updated successfully.
03-21-2022 @ 15:23:41 - Row :230 - Parsing item.
03-21-2022 @ 15:23:41 - Row :230 - Processing item.
03-21-2022 @ 15:23:41 - Found simple product object. ID:3400
03-21-2022 @ 15:23:41 - Row :230 - Product updated successfully.
03-21-2022 @ 15:23:42 - Preparing for import.
03-21-2022 @ 15:23:42 - Row :231 - Parsing item.
03-21-2022 @ 15:23:42 - Row :231 - Processing item.
03-21-2022 @ 15:23:42 - Found simple product object. ID:3401
03-21-2022 @ 15:23:42 - Row :231 - Product updated successfully.
03-21-2022 @ 15:23:42 - Row :232 - Parsing item.
03-21-2022 @ 15:23:42 - Row :232 - Processing item.
03-21-2022 @ 15:23:42 - Found simple product object. ID:3402
03-21-2022 @ 15:23:42 - Row :232 - Product updated successfully.
03-21-2022 @ 15:23:42 - Row :233 - Parsing item.
03-21-2022 @ 15:23:42 - Row :233 - Processing item.
03-21-2022 @ 15:23:42 - Found simple product object. ID:3403
03-21-2022 @ 15:23:42 - Row :233 - Product updated successfully.
03-21-2022 @ 15:23:42 - Row :234 - Parsing item.
03-21-2022 @ 15:23:42 - Row :234 - Processing item.
03-21-2022 @ 15:23:42 - Found simple product object. ID:3404
03-21-2022 @ 15:23:42 - Row :234 - Product updated successfully.
03-21-2022 @ 15:23:42 - Row :235 - Parsing item.
03-21-2022 @ 15:23:42 - Row :235 - Processing item.
03-21-2022 @ 15:23:42 - Found simple product object. ID:3405
03-21-2022 @ 15:23:42 - Row :235 - Product updated successfully.
03-21-2022 @ 15:23:42 - Row :236 - Parsing item.
03-21-2022 @ 15:23:42 - Row :236 - Processing item.
03-21-2022 @ 15:23:42 - Found simple product object. ID:3406
03-21-2022 @ 15:23:42 - Row :236 - Product updated successfully.
03-21-2022 @ 15:23:42 - Row :237 - Parsing item.
03-21-2022 @ 15:23:42 - Row :237 - Processing item.
03-21-2022 @ 15:23:42 - Found simple product object. ID:3407
03-21-2022 @ 15:23:42 - Row :237 - Product updated successfully.
03-21-2022 @ 15:23:42 - Row :238 - Parsing item.
03-21-2022 @ 15:23:42 - Row :238 - Processing item.
03-21-2022 @ 15:23:42 - Found simple product object. ID:3408
03-21-2022 @ 15:23:42 - Row :238 - Product updated successfully.
03-21-2022 @ 15:23:42 - Row :239 - Parsing item.
03-21-2022 @ 15:23:42 - Row :239 - Processing item.
03-21-2022 @ 15:23:42 - Found simple product object. ID:3409
03-21-2022 @ 15:23:43 - Row :239 - Product updated successfully.
03-21-2022 @ 15:23:43 - Row :240 - Parsing item.
03-21-2022 @ 15:23:43 - Row :240 - Processing item.
03-21-2022 @ 15:23:43 - Found simple product object. ID:3410
03-21-2022 @ 15:23:44 - Row :240 - Product updated successfully.
03-21-2022 @ 15:23:45 - Preparing for import.
03-21-2022 @ 15:23:45 - Row :241 - Parsing item.
03-21-2022 @ 15:23:45 - Row :241 - Processing item.
03-21-2022 @ 15:23:45 - Found simple product object. ID:3411
03-21-2022 @ 15:23:45 - Row :241 - Product updated successfully.
03-21-2022 @ 15:23:45 - Row :242 - Parsing item.
03-21-2022 @ 15:23:45 - Row :242 - Processing item.
03-21-2022 @ 15:23:45 - Found simple product object. ID:3412
03-21-2022 @ 15:23:45 - Row :242 - Product updated successfully.
03-21-2022 @ 15:23:45 - Row :243 - Parsing item.
03-21-2022 @ 15:23:45 - Row :243 - Processing item.
03-21-2022 @ 15:23:45 - Found simple product object. ID:3413
03-21-2022 @ 15:23:45 - Row :243 - Product updated successfully.
03-21-2022 @ 15:23:45 - Row :244 - Parsing item.
03-21-2022 @ 15:23:45 - Row :244 - Processing item.
03-21-2022 @ 15:23:45 - Found simple product object. ID:3414
03-21-2022 @ 15:23:45 - Row :244 - Product updated successfully.
03-21-2022 @ 15:23:45 - Row :245 - Parsing item.
03-21-2022 @ 15:23:45 - Row :245 - Processing item.
03-21-2022 @ 15:23:45 - Found simple product object. ID:3415
03-21-2022 @ 15:23:45 - Row :245 - Product updated successfully.
03-21-2022 @ 15:23:45 - Row :246 - Parsing item.
03-21-2022 @ 15:23:45 - Row :246 - Processing item.
03-21-2022 @ 15:23:45 - Found simple product object. ID:3416
03-21-2022 @ 15:23:45 - Row :246 - Product updated successfully.
03-21-2022 @ 15:23:45 - Row :247 - Parsing item.
03-21-2022 @ 15:23:45 - Row :247 - Processing item.
03-21-2022 @ 15:23:45 - Found simple product object. ID:3417
03-21-2022 @ 15:23:45 - Row :247 - Product updated successfully.
03-21-2022 @ 15:23:45 - Row :248 - Parsing item.
03-21-2022 @ 15:23:45 - Row :248 - Processing item.
03-21-2022 @ 15:23:45 - Found simple product object. ID:3418
03-21-2022 @ 15:23:45 - Row :248 - Product updated successfully.
03-21-2022 @ 15:23:45 - Row :249 - Parsing item.
03-21-2022 @ 15:23:45 - Row :249 - Processing item.
03-21-2022 @ 15:23:45 - Found simple product object. ID:3419
03-21-2022 @ 15:23:45 - Row :249 - Product updated successfully.
03-21-2022 @ 15:23:45 - Row :250 - Parsing item.
03-21-2022 @ 15:23:45 - Row :250 - Processing item.
03-21-2022 @ 15:23:45 - Found simple product object. ID:3420
03-21-2022 @ 15:23:45 - Row :250 - Product updated successfully.
03-21-2022 @ 15:23:46 - Preparing for import.
03-21-2022 @ 15:23:46 - Row :251 - Parsing item.
03-21-2022 @ 15:23:46 - Row :251 - Processing item.
03-21-2022 @ 15:23:46 - Found simple product object. ID:3421
03-21-2022 @ 15:23:46 - Row :251 - Product updated successfully.
03-21-2022 @ 15:23:46 - Row :252 - Parsing item.
03-21-2022 @ 15:23:46 - Row :252 - Processing item.
03-21-2022 @ 15:23:46 - Found simple product object. ID:3422
03-21-2022 @ 15:23:46 - Row :252 - Product updated successfully.
03-21-2022 @ 15:23:46 - Row :253 - Parsing item.
03-21-2022 @ 15:23:46 - Row :253 - Processing item.
03-21-2022 @ 15:23:46 - Found simple product object. ID:3423
03-21-2022 @ 15:23:46 - Row :253 - Product updated successfully.
03-21-2022 @ 15:23:46 - Row :254 - Parsing item.
03-21-2022 @ 15:23:46 - Row :254 - Processing item.
03-21-2022 @ 15:23:46 - Found simple product object. ID:3424
03-21-2022 @ 15:23:46 - Row :254 - Product updated successfully.
03-21-2022 @ 15:23:46 - Row :255 - Parsing item.
03-21-2022 @ 15:23:46 - Row :255 - Processing item.
03-21-2022 @ 15:23:46 - Found simple product object. ID:3425
03-21-2022 @ 15:23:47 - Row :255 - Product updated successfully.
03-21-2022 @ 15:23:47 - Row :256 - Parsing item.
03-21-2022 @ 15:23:47 - Row :256 - Processing item.
03-21-2022 @ 15:23:47 - Found simple product object. ID:3426
03-21-2022 @ 15:23:47 - Row :256 - Product updated successfully.
03-21-2022 @ 15:23:47 - Row :257 - Parsing item.
03-21-2022 @ 15:23:47 - Row :257 - Processing item.
03-21-2022 @ 15:23:47 - Found simple product object. ID:3427
03-21-2022 @ 15:23:47 - Row :257 - Product updated successfully.
03-21-2022 @ 15:23:47 - Row :258 - Parsing item.
03-21-2022 @ 15:23:47 - Row :258 - Processing item.
03-21-2022 @ 15:23:47 - Found simple product object. ID:3428
03-21-2022 @ 15:23:47 - Row :258 - Product updated successfully.
03-21-2022 @ 15:23:47 - Row :259 - Parsing item.
03-21-2022 @ 15:23:47 - Row :259 - Processing item.
03-21-2022 @ 15:23:47 - Found simple product object. ID:3429
03-21-2022 @ 15:23:47 - Row :259 - Product updated successfully.
03-21-2022 @ 15:23:47 - Row :260 - Parsing item.
03-21-2022 @ 15:23:47 - Row :260 - Processing item.
03-21-2022 @ 15:23:47 - Found simple product object. ID:3430
03-21-2022 @ 15:23:47 - Row :260 - Product updated successfully.
03-21-2022 @ 15:23:48 - Preparing for import.
03-21-2022 @ 15:23:48 - Row :261 - Parsing item.
03-21-2022 @ 15:23:48 - Importing as new product ID:3431
03-21-2022 @ 15:23:48 - Row :261 - Processing item.
03-21-2022 @ 15:23:48 - Found simple product object. ID:3431
03-21-2022 @ 15:23:49 - Row :261 - Product imported successfully.
03-21-2022 @ 15:23:49 - Row :262 - Parsing item.
03-21-2022 @ 15:23:49 - Importing as new product ID:3432
03-21-2022 @ 15:23:49 - Row :262 - Processing item.
03-21-2022 @ 15:23:49 - Found simple product object. ID:3432
03-21-2022 @ 15:23:49 - Row :262 - Product imported successfully.
03-21-2022 @ 15:23:49 - Row :263 - Parsing item.
03-21-2022 @ 15:23:49 - Importing as new product ID:3433
03-21-2022 @ 15:23:49 - Row :263 - Processing item.
03-21-2022 @ 15:23:49 - Found simple product object. ID:3433
03-21-2022 @ 15:23:49 - Row :263 - Product imported successfully.
03-21-2022 @ 15:23:49 - Row :264 - Parsing item.
03-21-2022 @ 15:23:49 - Importing as new product ID:3434
03-21-2022 @ 15:23:49 - Row :264 - Processing item.
03-21-2022 @ 15:23:49 - Found simple product object. ID:3434
03-21-2022 @ 15:23:49 - Row :264 - Product imported successfully.
03-21-2022 @ 15:23:49 - Row :265 - Parsing item.
03-21-2022 @ 15:23:49 - Importing as new product ID:3435
03-21-2022 @ 15:23:49 - Row :265 - Processing item.
03-21-2022 @ 15:23:49 - Found simple product object. ID:3435
03-21-2022 @ 15:23:49 - Row :265 - Product imported successfully.
03-21-2022 @ 15:23:49 - Row :266 - Parsing item.
03-21-2022 @ 15:23:49 - Importing as new product ID:3436
03-21-2022 @ 15:23:49 - Row :266 - Processing item.
03-21-2022 @ 15:23:49 - Found simple product object. ID:3436
03-21-2022 @ 15:23:49 - Row :266 - Product imported successfully.
03-21-2022 @ 15:23:49 - Row :267 - Parsing item.
03-21-2022 @ 15:23:49 - Importing as new product ID:3437
03-21-2022 @ 15:23:49 - Row :267 - Processing item.
03-21-2022 @ 15:23:49 - Found simple product object. ID:3437
03-21-2022 @ 15:23:49 - Row :267 - Product imported successfully.
03-21-2022 @ 15:23:49 - Row :268 - Parsing item.
03-21-2022 @ 15:23:50 - Importing as new product ID:3438
03-21-2022 @ 15:23:50 - Row :268 - Processing item.
03-21-2022 @ 15:23:50 - Found simple product object. ID:3438
03-21-2022 @ 15:23:50 - Row :268 - Product imported successfully.
03-21-2022 @ 15:23:50 - Row :269 - Parsing item.
03-21-2022 @ 15:23:50 - Row :269 - Processing item.
03-21-2022 @ 15:23:50 - Found simple product object. ID:3439
03-21-2022 @ 15:23:50 - Row :269 - Product updated successfully.
03-21-2022 @ 15:23:50 - Row :270 - Parsing item.
03-21-2022 @ 15:23:50 - Row :270 - Processing item.
03-21-2022 @ 15:23:50 - Found simple product object. ID:3442
03-21-2022 @ 15:23:51 - Row :270 - Product updated successfully.
03-21-2022 @ 15:23:52 - Preparing for import.
03-21-2022 @ 15:23:52 - Row :271 - Parsing item.
03-21-2022 @ 15:23:52 - Row :271 - Processing item.
03-21-2022 @ 15:23:52 - Found simple product object. ID:3443
03-21-2022 @ 15:23:53 - Row :271 - Product updated successfully.
03-21-2022 @ 15:23:53 - Row :272 - Parsing item.
03-21-2022 @ 15:23:53 - Row :272 - Processing item.
03-21-2022 @ 15:23:53 - Found simple product object. ID:3444
03-21-2022 @ 15:23:53 - Row :272 - Product updated successfully.
03-21-2022 @ 15:23:53 - Row :273 - Parsing item.
03-21-2022 @ 15:23:53 - Row :273 - Processing item.
03-21-2022 @ 15:23:53 - Found simple product object. ID:3445
03-21-2022 @ 15:23:54 - Row :273 - Product updated successfully.
03-21-2022 @ 15:23:54 - Row :274 - Parsing item.
03-21-2022 @ 15:23:54 - Importing as new product ID:3446
03-21-2022 @ 15:23:54 - Row :274 - Processing item.
03-21-2022 @ 15:23:54 - Found simple product object. ID:3446
03-21-2022 @ 15:23:54 - Row :274 - Product imported successfully.
03-21-2022 @ 15:23:54 - Row :275 - Parsing item.
03-21-2022 @ 15:23:54 - Importing as new product ID:3447
03-21-2022 @ 15:23:54 - Row :275 - Processing item.
03-21-2022 @ 15:23:54 - Found simple product object. ID:3447
03-21-2022 @ 15:23:54 - Row :275 - Product imported successfully.
03-21-2022 @ 15:23:54 - Row :276 - Parsing item.
03-21-2022 @ 15:23:54 - Importing as new product ID:3448
03-21-2022 @ 15:23:54 - Row :276 - Processing item.
03-21-2022 @ 15:23:54 - Found simple product object. ID:3448
03-21-2022 @ 15:23:54 - Row :276 - Product imported successfully.
03-21-2022 @ 15:23:54 - Row :277 - Parsing item.
03-21-2022 @ 15:23:54 - Importing as new product ID:3449
03-21-2022 @ 15:23:54 - Row :277 - Processing item.
03-21-2022 @ 15:23:54 - Found simple product object. ID:3449
03-21-2022 @ 15:23:54 - Row :277 - Product imported successfully.
03-21-2022 @ 15:23:54 - Row :278 - Parsing item.
03-21-2022 @ 15:23:54 - Importing as new product ID:3454
03-21-2022 @ 15:23:54 - Row :278 - Processing item.
03-21-2022 @ 15:23:54 - Found simple product object. ID:3454
03-21-2022 @ 15:23:54 - Row :278 - Product imported successfully.
03-21-2022 @ 15:23:54 - Row :279 - Parsing item.
03-21-2022 @ 15:23:54 - Importing as new product ID:3455
03-21-2022 @ 15:23:54 - Row :279 - Processing item.
03-21-2022 @ 15:23:54 - Found simple product object. ID:3455
03-21-2022 @ 15:23:54 - Row :279 - Product imported successfully.
03-21-2022 @ 15:23:54 - Row :280 - Parsing item.
03-21-2022 @ 15:23:54 - Importing as new product ID:3456
03-21-2022 @ 15:23:54 - Row :280 - Processing item.
03-21-2022 @ 15:23:54 - Found simple product object. ID:3456
03-21-2022 @ 15:23:55 - Row :280 - Product imported successfully.
03-21-2022 @ 15:23:56 - Preparing for import.
03-21-2022 @ 15:23:56 - Row :281 - Parsing item.
03-21-2022 @ 15:23:56 - Importing as new product ID:3457
03-21-2022 @ 15:23:56 - Row :281 - Processing item.
03-21-2022 @ 15:23:56 - Found simple product object. ID:3457
03-21-2022 @ 15:23:56 - Row :281 - Product imported successfully.
03-21-2022 @ 15:23:56 - Row :282 - Parsing item.
03-21-2022 @ 15:23:56 - Importing as new product ID:3458
03-21-2022 @ 15:23:56 - Row :282 - Processing item.
03-21-2022 @ 15:23:56 - Found simple product object. ID:3458
03-21-2022 @ 15:23:56 - Row :282 - Product imported successfully.
03-21-2022 @ 15:23:56 - Row :283 - Parsing item.
03-21-2022 @ 15:23:56 - Importing as new product ID:3459
03-21-2022 @ 15:23:56 - Row :283 - Processing item.
03-21-2022 @ 15:23:56 - Found simple product object. ID:3459
03-21-2022 @ 15:23:56 - Row :283 - Product imported successfully.
03-21-2022 @ 15:23:56 - Row :284 - Parsing item.
03-21-2022 @ 15:23:56 - Importing as new product ID:3460
03-21-2022 @ 15:23:56 - Row :284 - Processing item.
03-21-2022 @ 15:23:56 - Found simple product object. ID:3460
03-21-2022 @ 15:23:57 - Row :284 - Product imported successfully.
03-21-2022 @ 15:23:57 - Row :285 - Parsing item.
03-21-2022 @ 15:23:57 - Importing as new product ID:3461
03-21-2022 @ 15:23:57 - Row :285 - Processing item.
03-21-2022 @ 15:23:57 - Found simple product object. ID:3461
03-21-2022 @ 15:23:57 - Row :285 - Product imported successfully.
03-21-2022 @ 15:23:57 - Row :286 - Parsing item.
03-21-2022 @ 15:23:57 - Importing as new product ID:3462
03-21-2022 @ 15:23:57 - Row :286 - Processing item.
03-21-2022 @ 15:23:57 - Found simple product object. ID:3462
03-21-2022 @ 15:23:57 - Row :286 - Product imported successfully.
03-21-2022 @ 15:23:57 - Row :287 - Parsing item.
03-21-2022 @ 15:23:57 - Importing as new product ID:3463
03-21-2022 @ 15:23:57 - Row :287 - Processing item.
03-21-2022 @ 15:23:57 - Found simple product object. ID:3463
03-21-2022 @ 15:23:57 - Row :287 - Product imported successfully.
03-21-2022 @ 15:23:57 - Row :288 - Parsing item.
03-21-2022 @ 15:23:57 - Importing as new product ID:3464
03-21-2022 @ 15:23:57 - Row :288 - Processing item.
03-21-2022 @ 15:23:57 - Found simple product object. ID:3464
03-21-2022 @ 15:23:57 - Row :288 - Product imported successfully.
03-21-2022 @ 15:23:57 - Row :289 - Parsing item.
03-21-2022 @ 15:23:57 - Importing as new product ID:3465
03-21-2022 @ 15:23:57 - Row :289 - Processing item.
03-21-2022 @ 15:23:57 - Found simple product object. ID:3465
03-21-2022 @ 15:23:57 - Row :289 - Product imported successfully.
03-21-2022 @ 15:23:57 - Row :290 - Parsing item.
03-21-2022 @ 15:23:57 - Importing as new product ID:3466
03-21-2022 @ 15:23:57 - Row :290 - Processing item.
03-21-2022 @ 15:23:57 - Found simple product object. ID:3466
03-21-2022 @ 15:23:57 - Row :290 - Product imported successfully.
03-21-2022 @ 15:23:58 - Preparing for import.
03-21-2022 @ 15:23:58 - Row :291 - Parsing item.
03-21-2022 @ 15:23:58 - Importing as new product ID:3467
03-21-2022 @ 15:23:58 - Row :291 - Processing item.
03-21-2022 @ 15:23:58 - Found simple product object. ID:3467
03-21-2022 @ 15:23:58 - Row :291 - Product imported successfully.
03-21-2022 @ 15:23:58 - Row :292 - Parsing item.
03-21-2022 @ 15:23:58 - Row :292 - Processing item.
03-21-2022 @ 15:23:58 - Found simple product object. ID:3468
03-21-2022 @ 15:23:59 - Row :292 - Product updated successfully.
03-21-2022 @ 15:23:59 - Row :293 - Parsing item.
03-21-2022 @ 15:23:59 - Row :293 - Processing item.
03-21-2022 @ 15:23:59 - Found simple product object. ID:3469
03-21-2022 @ 15:23:59 - Row :293 - Product updated successfully.
03-21-2022 @ 15:23:59 - Row :294 - Parsing item.
03-21-2022 @ 15:23:59 - Row :294 - Processing item.
03-21-2022 @ 15:23:59 - Found simple product object. ID:3470
03-21-2022 @ 15:24:00 - Row :294 - Product updated successfully.
03-21-2022 @ 15:24:00 - Row :295 - Parsing item.
03-21-2022 @ 15:24:00 - Row :295 - Processing item.
03-21-2022 @ 15:24:00 - Found simple product object. ID:3471
03-21-2022 @ 15:24:00 - Row :295 - Product updated successfully.
03-21-2022 @ 15:24:00 - Row :296 - Parsing item.
03-21-2022 @ 15:24:00 - Row :296 - Processing item.
03-21-2022 @ 15:24:00 - Found simple product object. ID:3472
03-21-2022 @ 15:24:01 - Row :296 - Product updated successfully.
03-21-2022 @ 15:24:01 - Row :297 - Parsing item.
03-21-2022 @ 15:24:01 - Row :297 - Processing item.
03-21-2022 @ 15:24:01 - Found simple product object. ID:3473
03-21-2022 @ 15:24:02 - Row :297 - Product updated successfully.
03-21-2022 @ 15:24:02 - Row :298 - Parsing item.
03-21-2022 @ 15:24:02 - Row :298 - Processing item.
03-21-2022 @ 15:24:02 - Found simple product object. ID:3474
03-21-2022 @ 15:24:02 - Row :298 - Product updated successfully.
03-21-2022 @ 15:24:02 - Row :299 - Parsing item.
03-21-2022 @ 15:24:02 - Importing as new product ID:3475
03-21-2022 @ 15:24:02 - Row :299 - Processing item.
03-21-2022 @ 15:24:02 - Found simple product object. ID:3475
03-21-2022 @ 15:24:03 - Row :299 - Product imported successfully.
03-21-2022 @ 15:24:03 - Row :300 - Parsing item.
03-21-2022 @ 15:24:03 - Importing as new product ID:3476
03-21-2022 @ 15:24:03 - Row :300 - Processing item.
03-21-2022 @ 15:24:03 - Found simple product object. ID:3476
03-21-2022 @ 15:24:03 - Row :300 - Product imported successfully.
03-21-2022 @ 15:24:04 - Preparing for import.
03-21-2022 @ 15:24:04 - Row :301 - Parsing item.
03-21-2022 @ 15:24:04 - Importing as new product ID:3477
03-21-2022 @ 15:24:04 - Row :301 - Processing item.
03-21-2022 @ 15:24:04 - Found simple product object. ID:3477
03-21-2022 @ 15:24:04 - Row :301 - Product imported successfully.
03-21-2022 @ 15:24:04 - Row :302 - Parsing item.
03-21-2022 @ 15:24:04 - Importing as new product ID:3478
03-21-2022 @ 15:24:04 - Row :302 - Processing item.
03-21-2022 @ 15:24:04 - Found simple product object. ID:3478
03-21-2022 @ 15:24:04 - Row :302 - Product imported successfully.
03-21-2022 @ 15:24:04 - Row :303 - Parsing item.
03-21-2022 @ 15:24:04 - Importing as new product ID:3479
03-21-2022 @ 15:24:04 - Row :303 - Processing item.
03-21-2022 @ 15:24:04 - Found simple product object. ID:3479
03-21-2022 @ 15:24:04 - Row :303 - Product imported successfully.
03-21-2022 @ 15:24:04 - Row :304 - Parsing item.
03-21-2022 @ 15:24:04 - Importing as new product ID:3480
03-21-2022 @ 15:24:04 - Row :304 - Processing item.
03-21-2022 @ 15:24:04 - Found simple product object. ID:3480
03-21-2022 @ 15:24:04 - Row :304 - Product imported successfully.
03-21-2022 @ 15:24:04 - Row :305 - Parsing item.
03-21-2022 @ 15:24:04 - Importing as new product ID:3481
03-21-2022 @ 15:24:04 - Row :305 - Processing item.
03-21-2022 @ 15:24:04 - Found simple product object. ID:3481
03-21-2022 @ 15:24:05 - Row :305 - Product imported successfully.
03-21-2022 @ 15:24:05 - Row :306 - Parsing item.
03-21-2022 @ 15:24:05 - Importing as new product ID:3482
03-21-2022 @ 15:24:05 - Row :306 - Processing item.
03-21-2022 @ 15:24:05 - Found simple product object. ID:3482
03-21-2022 @ 15:24:05 - Row :306 - Product imported successfully.
03-21-2022 @ 15:24:05 - Row :307 - Parsing item.
03-21-2022 @ 15:24:05 - Importing as new product ID:3483
03-21-2022 @ 15:24:05 - Row :307 - Processing item.
03-21-2022 @ 15:24:05 - Found simple product object. ID:3483
03-21-2022 @ 15:24:05 - Row :307 - Product imported successfully.
03-21-2022 @ 15:24:05 - Row :308 - Parsing item.
03-21-2022 @ 15:24:05 - Importing as new product ID:3484
03-21-2022 @ 15:24:05 - Row :308 - Processing item.
03-21-2022 @ 15:24:05 - Found simple product object. ID:3484
03-21-2022 @ 15:24:05 - Row :308 - Product imported successfully.
03-21-2022 @ 15:24:05 - Row :309 - Parsing item.
03-21-2022 @ 15:24:05 - Importing as new product ID:3485
03-21-2022 @ 15:24:05 - Row :309 - Processing item.
03-21-2022 @ 15:24:05 - Found simple product object. ID:3485
03-21-2022 @ 15:24:05 - Row :309 - Product imported successfully.
03-21-2022 @ 15:24:05 - Row :310 - Parsing item.
03-21-2022 @ 15:24:05 - Importing as new product ID:3486
03-21-2022 @ 15:24:05 - Row :310 - Processing item.
03-21-2022 @ 15:24:05 - Found simple product object. ID:3486
03-21-2022 @ 15:24:05 - Row :310 - Product imported successfully.
03-21-2022 @ 15:24:07 - Preparing for import.
03-21-2022 @ 15:24:07 - Row :311 - Parsing item.
03-21-2022 @ 15:24:07 - Importing as new product ID:3487
03-21-2022 @ 15:24:07 - Row :311 - Processing item.
03-21-2022 @ 15:24:07 - Found simple product object. ID:3487
03-21-2022 @ 15:24:07 - Row :311 - Product imported successfully.
03-21-2022 @ 15:24:07 - Row :312 - Parsing item.
03-21-2022 @ 15:24:07 - Importing as new product ID:3488
03-21-2022 @ 15:24:07 - Row :312 - Processing item.
03-21-2022 @ 15:24:07 - Found simple product object. ID:3488
03-21-2022 @ 15:24:07 - Row :312 - Product imported successfully.
03-21-2022 @ 15:24:07 - Row :313 - Parsing item.
03-21-2022 @ 15:24:07 - Importing as new product ID:3489
03-21-2022 @ 15:24:07 - Row :313 - Processing item.
03-21-2022 @ 15:24:07 - Found simple product object. ID:3489
03-21-2022 @ 15:24:07 - Row :313 - Product imported successfully.
03-21-2022 @ 15:24:07 - Row :314 - Parsing item.
03-21-2022 @ 15:24:07 - Row :314 - Parsing failed. Reason: Le contenu, le titre et lextrait sont vides.
03-21-2022 @ 15:24:07 - Row :315 - Parsing item.
03-21-2022 @ 15:24:07 - Importing as new product ID:3491
03-21-2022 @ 15:24:07 - Row :315 - Processing item.
03-21-2022 @ 15:24:07 - Found simple product object. ID:3491
03-21-2022 @ 15:24:07 - Row :315 - Product imported successfully.
03-21-2022 @ 15:24:07 - Row :316 - Parsing item.
03-21-2022 @ 15:24:07 - Importing as new product ID:3492
03-21-2022 @ 15:24:07 - Row :316 - Processing item.
03-21-2022 @ 15:24:07 - Found simple product object. ID:3492
03-21-2022 @ 15:24:07 - Row :316 - Product imported successfully.
03-21-2022 @ 15:24:07 - Row :317 - Parsing item.
03-21-2022 @ 15:24:07 - Importing as new product ID:3493
03-21-2022 @ 15:24:07 - Row :317 - Processing item.
03-21-2022 @ 15:24:07 - Found simple product object. ID:3493
03-21-2022 @ 15:24:08 - Row :317 - Product imported successfully.
03-21-2022 @ 15:24:08 - Row :318 - Parsing item.
03-21-2022 @ 15:24:08 - Importing as new product ID:3494
03-21-2022 @ 15:24:08 - Row :318 - Processing item.
03-21-2022 @ 15:24:08 - Found simple product object. ID:3494
03-21-2022 @ 15:24:08 - Row :318 - Product imported successfully.
03-21-2022 @ 15:24:08 - Row :319 - Parsing item.
03-21-2022 @ 15:24:08 - Importing as new product ID:3495
03-21-2022 @ 15:24:08 - Row :319 - Processing item.
03-21-2022 @ 15:24:08 - Found simple product object. ID:3495
03-21-2022 @ 15:24:08 - Row :319 - Product imported successfully.
03-21-2022 @ 15:24:08 - Row :320 - Parsing item.
03-21-2022 @ 15:24:08 - Importing as new product ID:3496
03-21-2022 @ 15:24:08 - Row :320 - Processing item.
03-21-2022 @ 15:24:08 - Found simple product object. ID:3496
03-21-2022 @ 15:24:08 - Row :320 - Product imported successfully.
03-21-2022 @ 15:24:09 - Preparing for import.
03-21-2022 @ 15:24:09 - Row :321 - Parsing item.
03-21-2022 @ 15:24:09 - Importing as new product ID:3497
03-21-2022 @ 15:24:09 - Row :321 - Processing item.
03-21-2022 @ 15:24:09 - Found simple product object. ID:3497
03-21-2022 @ 15:24:09 - Row :321 - Product imported successfully.
03-21-2022 @ 15:24:09 - Row :322 - Parsing item.
03-21-2022 @ 15:24:10 - Importing as new product ID:3498
03-21-2022 @ 15:24:10 - Row :322 - Processing item.
03-21-2022 @ 15:24:10 - Found simple product object. ID:3498
03-21-2022 @ 15:24:10 - Row :322 - Product imported successfully.
03-21-2022 @ 15:24:10 - Row :323 - Parsing item.
03-21-2022 @ 15:24:10 - Row :323 - Processing item.
03-21-2022 @ 15:24:10 - Found simple product object. ID:3499
03-21-2022 @ 15:24:10 - Row :323 - Product updated successfully.
03-21-2022 @ 15:24:10 - Row :324 - Parsing item.
03-21-2022 @ 15:24:10 - Row :324 - Processing item.
03-21-2022 @ 15:24:10 - Found simple product object. ID:3500
03-21-2022 @ 15:24:10 - Row :324 - Product updated successfully.
03-21-2022 @ 15:24:10 - Row :325 - Parsing item.
03-21-2022 @ 15:24:10 - Row :325 - Processing item.
03-21-2022 @ 15:24:10 - Found simple product object. ID:3501
03-21-2022 @ 15:24:11 - Row :325 - Product updated successfully.
03-21-2022 @ 15:24:11 - Row :326 - Parsing item.
03-21-2022 @ 15:24:11 - Row :326 - Processing item.
03-21-2022 @ 15:24:11 - Found simple product object. ID:3502
03-21-2022 @ 15:24:13 - Row :326 - Product updated successfully.
03-21-2022 @ 15:24:13 - Row :327 - Parsing item.
03-21-2022 @ 15:24:13 - Row :327 - Processing item.
03-21-2022 @ 15:24:13 - Found simple product object. ID:3503
03-21-2022 @ 15:24:13 - Row :327 - Product updated successfully.
03-21-2022 @ 15:24:13 - Row :328 - Parsing item.
03-21-2022 @ 15:24:13 - Importing as new product ID:3504
03-21-2022 @ 15:24:13 - Row :328 - Processing item.
03-21-2022 @ 15:24:13 - Found simple product object. ID:3504
03-21-2022 @ 15:24:13 - Row :328 - Product imported successfully.
03-21-2022 @ 15:24:13 - Row :329 - Parsing item.
03-21-2022 @ 15:24:13 - Importing as new product ID:3505
03-21-2022 @ 15:24:13 - Row :329 - Processing item.
03-21-2022 @ 15:24:13 - Found simple product object. ID:3505
03-21-2022 @ 15:24:13 - Row :329 - Product imported successfully.
03-21-2022 @ 15:24:13 - Row :330 - Parsing item.
03-21-2022 @ 15:24:13 - Importing as new product ID:3506
03-21-2022 @ 15:24:13 - Row :330 - Processing item.
03-21-2022 @ 15:24:13 - Found simple product object. ID:3506
03-21-2022 @ 15:24:14 - Row :330 - Product imported successfully.
03-21-2022 @ 15:24:15 - Preparing for import.
03-21-2022 @ 15:24:15 - Row :331 - Parsing item.
03-21-2022 @ 15:24:15 - Importing as new product ID:3507
03-21-2022 @ 15:24:15 - Row :331 - Processing item.
03-21-2022 @ 15:24:15 - Found simple product object. ID:3507
03-21-2022 @ 15:24:15 - Row :331 - Product imported successfully.
03-21-2022 @ 15:24:15 - Row :332 - Parsing item.
03-21-2022 @ 15:24:15 - Importing as new product ID:3508
03-21-2022 @ 15:24:15 - Row :332 - Processing item.
03-21-2022 @ 15:24:15 - Found simple product object. ID:3508
03-21-2022 @ 15:24:15 - Row :332 - Product imported successfully.
03-21-2022 @ 15:24:15 - Row :333 - Parsing item.
03-21-2022 @ 15:24:15 - Importing as new product ID:3509
03-21-2022 @ 15:24:15 - Row :333 - Processing item.
03-21-2022 @ 15:24:15 - Found simple product object. ID:3509
03-21-2022 @ 15:24:15 - Row :333 - Product imported successfully.
03-21-2022 @ 15:24:15 - Row :334 - Parsing item.
03-21-2022 @ 15:24:15 - Importing as new product ID:3510
03-21-2022 @ 15:24:15 - Row :334 - Processing item.
03-21-2022 @ 15:24:15 - Found simple product object. ID:3510
03-21-2022 @ 15:24:15 - Row :334 - Product imported successfully.
03-21-2022 @ 15:24:15 - Row :335 - Parsing item.
03-21-2022 @ 15:24:15 - Importing as new product ID:3511
03-21-2022 @ 15:24:15 - Row :335 - Processing item.
03-21-2022 @ 15:24:15 - Found simple product object. ID:3511
03-21-2022 @ 15:24:15 - Row :335 - Product imported successfully.
03-21-2022 @ 15:24:15 - Row :336 - Parsing item.
03-21-2022 @ 15:24:15 - Importing as new product ID:3512
03-21-2022 @ 15:24:15 - Row :336 - Processing item.
03-21-2022 @ 15:24:15 - Found simple product object. ID:3512
03-21-2022 @ 15:24:16 - Row :336 - Product imported successfully.
03-21-2022 @ 15:24:16 - Row :337 - Parsing item.
03-21-2022 @ 15:24:16 - Importing as new product ID:3513
03-21-2022 @ 15:24:16 - Row :337 - Processing item.
03-21-2022 @ 15:24:16 - Found simple product object. ID:3513
03-21-2022 @ 15:24:16 - Row :337 - Product imported successfully.
03-21-2022 @ 15:24:16 - Row :338 - Parsing item.
03-21-2022 @ 15:24:16 - Importing as new product ID:3514
03-21-2022 @ 15:24:16 - Row :338 - Processing item.
03-21-2022 @ 15:24:16 - Found simple product object. ID:3514
03-21-2022 @ 15:24:16 - Row :338 - Product imported successfully.
03-21-2022 @ 15:24:16 - Row :339 - Parsing item.
03-21-2022 @ 15:24:16 - Importing as new product ID:3515
03-21-2022 @ 15:24:16 - Row :339 - Processing item.
03-21-2022 @ 15:24:16 - Found simple product object. ID:3515
03-21-2022 @ 15:24:16 - Row :339 - Product imported successfully.
03-21-2022 @ 15:24:16 - Row :340 - Parsing item.
03-21-2022 @ 15:24:16 - Importing as new product ID:3516
03-21-2022 @ 15:24:16 - Row :340 - Processing item.
03-21-2022 @ 15:24:16 - Found simple product object. ID:3516
03-21-2022 @ 15:24:16 - Row :340 - Product imported successfully.
03-21-2022 @ 15:24:17 - Preparing for import.
03-21-2022 @ 15:24:17 - Row :341 - Parsing item.
03-21-2022 @ 15:24:17 - Importing as new product ID:3517
03-21-2022 @ 15:24:17 - Row :341 - Processing item.
03-21-2022 @ 15:24:17 - Found simple product object. ID:3517
03-21-2022 @ 15:24:17 - Row :341 - Product imported successfully.
03-21-2022 @ 15:24:17 - Row :342 - Parsing item.
03-21-2022 @ 15:24:17 - Importing as new product ID:3518
03-21-2022 @ 15:24:17 - Row :342 - Processing item.
03-21-2022 @ 15:24:17 - Found simple product object. ID:3518
03-21-2022 @ 15:24:17 - Row :342 - Product imported successfully.
03-21-2022 @ 15:24:17 - Row :343 - Parsing item.
03-21-2022 @ 15:24:17 - Importing as new product ID:3519
03-21-2022 @ 15:24:17 - Row :343 - Processing item.
03-21-2022 @ 15:24:17 - Found simple product object. ID:3519
03-21-2022 @ 15:24:17 - Row :343 - Product imported successfully.
03-21-2022 @ 15:24:17 - Row :344 - Parsing item.
03-21-2022 @ 15:24:18 - Importing as new product ID:3520
03-21-2022 @ 15:24:18 - Row :344 - Processing item.
03-21-2022 @ 15:24:18 - Found simple product object. ID:3520
03-21-2022 @ 15:24:18 - Row :344 - Product imported successfully.
03-21-2022 @ 15:24:18 - Row :345 - Parsing item.
03-21-2022 @ 15:24:18 - Importing as new product ID:3521
03-21-2022 @ 15:24:18 - Row :345 - Processing item.
03-21-2022 @ 15:24:18 - Found simple product object. ID:3521
03-21-2022 @ 15:24:18 - Row :345 - Product imported successfully.
03-21-2022 @ 15:24:18 - Row :346 - Parsing item.
03-21-2022 @ 15:24:18 - Importing as new product ID:3522
03-21-2022 @ 15:24:18 - Row :346 - Processing item.
03-21-2022 @ 15:24:18 - Found simple product object. ID:3522
03-21-2022 @ 15:24:18 - Row :346 - Product imported successfully.
03-21-2022 @ 15:24:18 - Row :347 - Parsing item.
03-21-2022 @ 15:24:18 - Importing as new product ID:3523
03-21-2022 @ 15:24:18 - Row :347 - Processing item.
03-21-2022 @ 15:24:18 - Found simple product object. ID:3523
03-21-2022 @ 15:24:18 - Row :347 - Product imported successfully.
03-21-2022 @ 15:24:18 - Row :348 - Parsing item.
03-21-2022 @ 15:24:18 - Importing as new product ID:3524
03-21-2022 @ 15:24:18 - Row :348 - Processing item.
03-21-2022 @ 15:24:18 - Found simple product object. ID:3524
03-21-2022 @ 15:24:18 - Row :348 - Product imported successfully.
03-21-2022 @ 15:24:18 - Row :349 - Parsing item.
03-21-2022 @ 15:24:18 - Row :349 - Processing item.
03-21-2022 @ 15:24:18 - Found simple product object. ID:4046
03-21-2022 @ 15:24:18 - Row :349 - Product updated successfully.
03-21-2022 @ 15:24:18 - Row :350 - Parsing item.
03-21-2022 @ 15:24:18 - Row :350 - Parsing failed. Reason: Le contenu, le titre et lextrait sont vides.
03-21-2022 @ 15:24:19 - Preparing for import.
03-21-2022 @ 15:24:19 - Row :351 - Parsing item.
03-21-2022 @ 15:24:19 - Row :351 - Parsing failed. Reason: Le contenu, le titre et lextrait sont vides.
03-21-2022 @ 15:24:19 - Row :352 - Parsing item.
03-21-2022 @ 15:24:19 - Row :352 - Parsing failed. Reason: Le contenu, le titre et lextrait sont vides.
03-21-2022 @ 15:24:19 - Row :353 - Parsing item.
03-21-2022 @ 15:24:19 - Row :353 - Parsing failed. Reason: Le contenu, le titre et lextrait sont vides.
03-21-2022 @ 15:24:19 - Row :354 - Parsing item.
03-21-2022 @ 15:24:19 - Row :354 - Parsing failed. Reason: Le contenu, le titre et lextrait sont vides.
03-21-2022 @ 15:24:19 - Row :355 - Parsing item.
03-21-2022 @ 15:24:19 - Row :355 - Parsing failed. Reason: Le contenu, le titre et lextrait sont vides.
03-21-2022 @ 15:24:19 - Row :356 - Parsing item.
03-21-2022 @ 15:24:19 - Row :356 - Parsing failed. Reason: Le contenu, le titre et lextrait sont vides.
03-21-2022 @ 15:24:19 - Row :357 - Parsing item.
03-21-2022 @ 15:24:19 - Row :357 - Parsing failed. Reason: Le contenu, le titre et lextrait sont vides.
03-21-2022 @ 15:24:19 - Row :358 - Parsing item.
03-21-2022 @ 15:24:19 - Row :358 - Parsing failed. Reason: Le contenu, le titre et lextrait sont vides.
03-21-2022 @ 15:24:19 - Row :359 - Parsing item.
03-21-2022 @ 15:24:19 - Row :359 - Parsing failed. Reason: Le contenu, le titre et lextrait sont vides.
03-21-2022 @ 15:24:19 - Row :360 - Parsing item.
03-21-2022 @ 15:24:19 - Row :360 - Parsing failed. Reason: Le contenu, le titre et lextrait sont vides.
03-21-2022 @ 15:24:20 - Preparing for import.
03-21-2022 @ 15:24:20 - Row :361 - Parsing item.
03-21-2022 @ 15:24:20 - Row :361 - Parsing failed. Reason: Le contenu, le titre et lextrait sont vides.
03-21-2022 @ 15:24:20 - Row :362 - Parsing item.
03-21-2022 @ 15:24:20 - Row :362 - Processing item.
03-21-2022 @ 15:24:20 - Found simple product object. ID:5484
03-21-2022 @ 15:24:20 - Row :362 - Product updated successfully.
03-21-2022 @ 15:24:20 - Row :363 - Parsing item.
03-21-2022 @ 15:24:20 - Row :363 - Processing item.
03-21-2022 @ 15:24:20 - Found simple product object. ID:5486
03-21-2022 @ 15:24:20 - Row :363 - Product updated successfully.
03-21-2022 @ 15:24:20 - Row :364 - Parsing item.
03-21-2022 @ 15:24:20 - Row :364 - Processing item.
03-21-2022 @ 15:24:20 - Found simple product object. ID:5488
03-21-2022 @ 15:24:20 - Row :364 - Product updated successfully.
03-21-2022 @ 15:24:20 - Row :365 - Parsing item.
03-21-2022 @ 15:24:20 - Row :365 - Processing item.
03-21-2022 @ 15:24:20 - Found simple product object. ID:5490
03-21-2022 @ 15:24:20 - Row :365 - Product updated successfully.
03-21-2022 @ 15:24:20 - Row :366 - Parsing item.
03-21-2022 @ 15:24:20 - Row :366 - Processing item.
03-21-2022 @ 15:24:20 - Found simple product object. ID:5492
03-21-2022 @ 15:24:20 - Row :366 - Product updated successfully.
03-21-2022 @ 15:24:20 - Row :367 - Parsing item.
03-21-2022 @ 15:24:20 - Row :367 - Processing item.
03-21-2022 @ 15:24:20 - Found simple product object. ID:5494
03-21-2022 @ 15:24:20 - Row :367 - Product updated successfully.
03-21-2022 @ 15:24:20 - Row :368 - Parsing item.
03-21-2022 @ 15:24:20 - Row :368 - Processing item.
03-21-2022 @ 15:24:20 - Found simple product object. ID:5496
03-21-2022 @ 15:24:20 - Row :368 - Product updated successfully.
03-21-2022 @ 15:24:20 - Row :369 - Parsing item.
03-21-2022 @ 15:24:20 - Row :369 - Processing item.
03-21-2022 @ 15:24:20 - Found simple product object. ID:5498
03-21-2022 @ 15:24:20 - Row :369 - Product updated successfully.
03-21-2022 @ 15:24:20 - Row :370 - Parsing item.
03-21-2022 @ 15:24:20 - Row :370 - Processing item.
03-21-2022 @ 15:24:20 - Found simple product object. ID:5500
03-21-2022 @ 15:24:20 - Row :370 - Product updated successfully.
03-21-2022 @ 15:24:21 - Preparing for import.
03-21-2022 @ 15:24:21 - Row :371 - Parsing item.
03-21-2022 @ 15:24:21 - Row :371 - Processing item.
03-21-2022 @ 15:24:21 - Found simple product object. ID:5502
03-21-2022 @ 15:24:21 - Row :371 - Product updated successfully.
03-21-2022 @ 15:24:21 - Row :372 - Parsing item.
03-21-2022 @ 15:24:21 - Row :372 - Processing item.
03-21-2022 @ 15:24:21 - Found simple product object. ID:5504
03-21-2022 @ 15:24:21 - Row :372 - Product updated successfully.
03-21-2022 @ 15:24:21 - Row :373 - Parsing item.
03-21-2022 @ 15:24:21 - Row :373 - Processing item.
03-21-2022 @ 15:24:21 - Found simple product object. ID:5506
03-21-2022 @ 15:24:21 - Row :373 - Product updated successfully.
03-21-2022 @ 15:24:21 - Row :374 - Parsing item.
03-21-2022 @ 15:24:21 - Row :374 - Processing item.
03-21-2022 @ 15:24:21 - Found simple product object. ID:5508
03-21-2022 @ 15:24:21 - Row :374 - Product updated successfully.
03-21-2022 @ 15:24:21 - Row :375 - Parsing item.
03-21-2022 @ 15:24:21 - Row :375 - Processing item.
03-21-2022 @ 15:24:21 - Found simple product object. ID:5510
03-21-2022 @ 15:24:21 - Row :375 - Product updated successfully.
03-21-2022 @ 15:24:21 - Row :376 - Parsing item.
03-21-2022 @ 15:24:21 - Row :376 - Processing item.
03-21-2022 @ 15:24:21 - Found simple product object. ID:5512
03-21-2022 @ 15:24:21 - Row :376 - Product updated successfully.
03-21-2022 @ 15:24:21 - Row :377 - Parsing item.
03-21-2022 @ 15:24:21 - Row :377 - Processing item.
03-21-2022 @ 15:24:21 - Found simple product object. ID:5514
03-21-2022 @ 15:24:21 - Row :377 - Product updated successfully.
03-21-2022 @ 15:24:21 - Row :378 - Parsing item.
03-21-2022 @ 15:24:21 - Row :378 - Processing item.
03-21-2022 @ 15:24:21 - Found simple product object. ID:5516
03-21-2022 @ 15:24:21 - Row :378 - Product updated successfully.
03-21-2022 @ 15:24:21 - Row :379 - Parsing item.
03-21-2022 @ 15:24:21 - Row :379 - Processing item.
03-21-2022 @ 15:24:21 - Found simple product object. ID:5518
03-21-2022 @ 15:24:21 - Row :379 - Product updated successfully.
03-21-2022 @ 15:24:21 - Row :380 - Parsing item.
03-21-2022 @ 15:24:21 - Row :380 - Processing item.
03-21-2022 @ 15:24:21 - Found simple product object. ID:5520
03-21-2022 @ 15:24:21 - Row :380 - Product updated successfully.
03-21-2022 @ 15:24:21 - Preparing for import.
03-21-2022 @ 15:24:21 - Row :381 - Parsing item.
03-21-2022 @ 15:24:21 - Row :381 - Processing item.
03-21-2022 @ 15:24:21 - Found simple product object. ID:5522
03-21-2022 @ 15:24:21 - Row :381 - Product updated successfully.
03-21-2022 @ 15:24:21 - Row :382 - Parsing item.
03-21-2022 @ 15:24:21 - Row :382 - Processing item.
03-21-2022 @ 15:24:21 - Found simple product object. ID:5524
03-21-2022 @ 15:24:21 - Row :382 - Product updated successfully.
03-21-2022 @ 15:24:21 - Row :383 - Parsing item.
03-21-2022 @ 15:24:21 - Row :383 - Processing item.
03-21-2022 @ 15:24:21 - Found simple product object. ID:5526
03-21-2022 @ 15:24:21 - Row :383 - Product updated successfully.
03-21-2022 @ 15:24:21 - Row :384 - Parsing item.
03-21-2022 @ 15:24:21 - Row :384 - Processing item.
03-21-2022 @ 15:24:21 - Found simple product object. ID:5528
03-21-2022 @ 15:24:21 - Row :384 - Product updated successfully.
03-21-2022 @ 15:24:21 - Row :385 - Parsing item.
03-21-2022 @ 15:24:21 - Row :385 - Processing item.
03-21-2022 @ 15:24:21 - Found simple product object. ID:5530
03-21-2022 @ 15:24:22 - Row :385 - Product updated successfully.
03-21-2022 @ 15:24:22 - Row :386 - Parsing item.
03-21-2022 @ 15:24:22 - Row :386 - Processing item.
03-21-2022 @ 15:24:22 - Found simple product object. ID:5532
03-21-2022 @ 15:24:22 - Row :386 - Product updated successfully.
03-21-2022 @ 15:24:22 - Row :387 - Parsing item.
03-21-2022 @ 15:24:22 - Row :387 - Processing item.
03-21-2022 @ 15:24:22 - Found simple product object. ID:5534
03-21-2022 @ 15:24:22 - Row :387 - Product updated successfully.
03-21-2022 @ 15:24:22 - Row :388 - Parsing item.
03-21-2022 @ 15:24:22 - Row :388 - Parsing failed. Reason: Le contenu, le titre et lextrait sont vides.
03-21-2022 @ 15:24:22 - Row :389 - Parsing item.
03-21-2022 @ 15:24:22 - Row :389 - Parsing failed. Reason: Le contenu, le titre et lextrait sont vides.
03-21-2022 @ 15:24:22 - Row :390 - Parsing item.
03-21-2022 @ 15:24:22 - Row :390 - Parsing failed. Reason: Le contenu, le titre et lextrait sont vides.
03-21-2022 @ 15:24:22 - Preparing for import.
03-21-2022 @ 15:24:22 - Row :391 - Parsing item.
03-21-2022 @ 15:24:22 - Row :391 - Processing item.
03-21-2022 @ 15:24:22 - Found simple product object. ID:5603
03-21-2022 @ 15:24:22 - Row :391 - Product updated successfully.
03-21-2022 @ 15:24:22 - Row :392 - Parsing item.
03-21-2022 @ 15:24:22 - Row :392 - Processing item.
03-21-2022 @ 15:24:22 - Found simple product object. ID:5608
03-21-2022 @ 15:24:22 - Row :392 - Product updated successfully.
03-21-2022 @ 15:24:22 - Row :393 - Parsing item.
03-21-2022 @ 15:24:22 - Row :393 - Processing item.
03-21-2022 @ 15:24:22 - Found simple product object. ID:5611
03-21-2022 @ 15:24:22 - Row :393 - Product updated successfully.
03-21-2022 @ 15:24:22 - Row :394 - Parsing item.
03-21-2022 @ 15:24:22 - Row :394 - Processing item.
03-21-2022 @ 15:24:22 - Found simple product object. ID:5613
03-21-2022 @ 15:24:22 - Row :394 - Product updated successfully.
03-21-2022 @ 15:24:22 - Row :395 - Parsing item.
03-21-2022 @ 15:24:22 - Row :395 - Processing item.
03-21-2022 @ 15:24:22 - Found simple product object. ID:5615
03-21-2022 @ 15:24:22 - Row :395 - Product updated successfully.
03-21-2022 @ 15:24:22 - Row :396 - Parsing item.
03-21-2022 @ 15:24:22 - Row :396 - Processing item.
03-21-2022 @ 15:24:22 - Found simple product object. ID:5617
03-21-2022 @ 15:24:22 - Row :396 - Product updated successfully.
03-21-2022 @ 15:24:22 - Row :397 - Parsing item.
03-21-2022 @ 15:24:22 - Row :397 - Processing item.
03-21-2022 @ 15:24:22 - Found simple product object. ID:5618
03-21-2022 @ 15:24:22 - Row :397 - Product updated successfully.
03-21-2022 @ 15:24:22 - Row :398 - Parsing item.
03-21-2022 @ 15:24:22 - Row :398 - Processing item.
03-21-2022 @ 15:24:22 - Found simple product object. ID:5620
03-21-2022 @ 15:24:22 - Row :398 - Product updated successfully.
03-21-2022 @ 15:24:22 - Row :399 - Parsing item.
03-21-2022 @ 15:24:22 - Row :399 - Processing item.
03-21-2022 @ 15:24:22 - Found simple product object. ID:5622
03-21-2022 @ 15:24:22 - Row :399 - Product updated successfully.
03-21-2022 @ 15:24:22 - Row :400 - Parsing item.
03-21-2022 @ 15:24:22 - Row :400 - Processing item.
03-21-2022 @ 15:24:22 - Found simple product object. ID:5625
03-21-2022 @ 15:24:22 - Row :400 - Product updated successfully.
03-21-2022 @ 15:24:23 - Preparing for import.
03-21-2022 @ 15:24:23 - Row :401 - Parsing item.
03-21-2022 @ 15:24:23 - Row :401 - Processing item.
03-21-2022 @ 15:24:23 - Found simple product object. ID:5628
03-21-2022 @ 15:24:23 - Row :401 - Product updated successfully.
03-21-2022 @ 15:24:23 - Row :402 - Parsing item.
03-21-2022 @ 15:24:23 - Row :402 - Processing item.
03-21-2022 @ 15:24:23 - Found simple product object. ID:6470
03-21-2022 @ 15:24:23 - Row :402 - Product updated successfully.
03-21-2022 @ 15:24:23 - Row :403 - Parsing item.
03-21-2022 @ 15:24:23 - Row :403 - Parsing failed. Reason: Le contenu, le titre et lextrait sont vides.
03-21-2022 @ 15:24:23 - Row :404 - Parsing item.
03-21-2022 @ 15:24:23 - Row :404 - Parsing failed. Reason: Le contenu, le titre et lextrait sont vides.
03-21-2022 @ 15:24:23 - Row :405 - Parsing item.
03-21-2022 @ 15:24:23 - Row :405 - Parsing failed. Reason: Le contenu, le titre et lextrait sont vides.
03-21-2022 @ 15:24:23 - Row :406 - Parsing item.
03-21-2022 @ 15:24:23 - Row :406 - Parsing failed. Reason: Le contenu, le titre et lextrait sont vides.
03-21-2022 @ 15:24:23 - Row :407 - Parsing item.
03-21-2022 @ 15:24:23 - Row :407 - Parsing failed. Reason: Le contenu, le titre et lextrait sont vides.
03-21-2022 @ 15:24:23 - Row :408 - Parsing item.
03-21-2022 @ 15:24:23 - Row :408 - Parsing failed. Reason: Le contenu, le titre et lextrait sont vides.
03-21-2022 @ 15:24:23 - Row :409 - Parsing item.
03-21-2022 @ 15:24:23 - Row :409 - Parsing failed. Reason: Le contenu, le titre et lextrait sont vides.
03-21-2022 @ 15:24:23 - Row :410 - Parsing item.
03-21-2022 @ 15:24:23 - Row :410 - Parsing failed. Reason: Le contenu, le titre et lextrait sont vides.
03-21-2022 @ 15:24:24 - Preparing for import.
03-21-2022 @ 15:24:24 - Row :411 - Parsing item.
03-21-2022 @ 15:24:24 - Row :411 - Parsing failed. Reason: Le contenu, le titre et lextrait sont vides.
03-21-2022 @ 15:24:24 - Row :412 - Parsing item.
03-21-2022 @ 15:24:24 - Row :412 - Parsing failed. Reason: Le contenu, le titre et lextrait sont vides.
03-21-2022 @ 15:24:24 - Row :413 - Parsing item.
03-21-2022 @ 15:24:24 - Row :413 - Parsing failed. Reason: Le contenu, le titre et lextrait sont vides.
03-21-2022 @ 15:24:24 - Row :414 - Parsing item.
03-21-2022 @ 15:24:24 - Row :414 - Parsing failed. Reason: Le contenu, le titre et lextrait sont vides.
03-21-2022 @ 15:24:24 - Row :415 - Parsing item.
03-21-2022 @ 15:24:24 - Row :415 - Parsing failed. Reason: Le contenu, le titre et lextrait sont vides.
03-21-2022 @ 15:24:24 - Row :416 - Parsing item.
03-21-2022 @ 15:24:24 - Row :416 - Parsing failed. Reason: Le contenu, le titre et lextrait sont vides.
03-21-2022 @ 15:24:24 - Row :417 - Parsing item.
03-21-2022 @ 15:24:24 - Row :417 - Parsing failed. Reason: Le contenu, le titre et lextrait sont vides.
03-21-2022 @ 15:24:24 - Row :418 - Parsing item.
03-21-2022 @ 15:24:24 - Row :418 - Parsing failed. Reason: Le contenu, le titre et lextrait sont vides.
03-21-2022 @ 15:24:24 - Row :419 - Parsing item.
03-21-2022 @ 15:24:24 - Row :419 - Parsing failed. Reason: Le contenu, le titre et lextrait sont vides.
03-21-2022 @ 15:24:24 - ---[ Import ended at 2022-03-21 15:24:24]---
