03-22-2022 @ 11:23:20 - ---[ New import started at 2022-03-22 11:23:20 ] PHP Memory: 512 MB, WP Memory: 40 MB
03-22-2022 @ 11:23:20 - Preparing for import.
03-22-2022 @ 11:23:20 - Row :1 - Parsing item.
03-22-2022 @ 11:23:20 - Row :1 - Processing item.
03-22-2022 @ 11:23:20 - Processing users.
03-22-2022 @ 11:23:20 - > &#8220;1713&#8221;User updated successfully. ID:1713
03-22-2022 @ 11:23:20 - > Finished importing user 1713
03-22-2022 @ 11:23:20 - Row :1 - User updated successfully.
03-22-2022 @ 11:23:20 - Row :2 - Parsing item.
03-22-2022 @ 11:23:20 - Row :2 - Processing item.
03-22-2022 @ 11:23:20 - Processing users.
03-22-2022 @ 11:23:20 - > &#8220;1055&#8221;User updated successfully. ID:1055
03-22-2022 @ 11:23:20 - > Finished importing user 1055
03-22-2022 @ 11:23:20 - Row :2 - User updated successfully.
03-22-2022 @ 11:23:20 - Row :3 - Parsing item.
03-22-2022 @ 11:23:20 - Row :3 - Processing item.
03-22-2022 @ 11:23:20 - Processing users.
03-22-2022 @ 11:23:20 - > &#8220;1755&#8221;User updated successfully. ID:1755
03-22-2022 @ 11:23:20 - > Finished importing user 1755
03-22-2022 @ 11:23:20 - Row :3 - User updated successfully.
03-22-2022 @ 11:23:20 - Row :4 - Parsing item.
03-22-2022 @ 11:23:20 - Row :4 - Processing item.
03-22-2022 @ 11:23:20 - Processing users.
03-22-2022 @ 11:23:20 - > &#8220;1661&#8221;User updated successfully. ID:1661
03-22-2022 @ 11:23:20 - > Finished importing user 1661
03-22-2022 @ 11:23:20 - Row :4 - User updated successfully.
03-22-2022 @ 11:23:20 - Row :5 - Parsing item.
03-22-2022 @ 11:23:21 - Row :5 - Processing item.
03-22-2022 @ 11:23:21 - Processing users.
03-22-2022 @ 11:23:21 - > &#8220;1416&#8221;User updated successfully. ID:1416
03-22-2022 @ 11:23:21 - > Finished importing user 1416
03-22-2022 @ 11:23:21 - Row :5 - User updated successfully.
03-22-2022 @ 11:23:21 - Row :6 - Parsing item.
03-22-2022 @ 11:23:21 - Row :6 - Processing item.
03-22-2022 @ 11:23:21 - Processing users.
03-22-2022 @ 11:23:21 - > &#8220;1107&#8221;User updated successfully. ID:1107
03-22-2022 @ 11:23:21 - > Finished importing user 1107
03-22-2022 @ 11:23:21 - Row :6 - User updated successfully.
03-22-2022 @ 11:23:21 - Row :7 - Parsing item.
03-22-2022 @ 11:23:21 - Row :7 - Processing item.
03-22-2022 @ 11:23:21 - Processing users.
03-22-2022 @ 11:23:21 - > &#8220;1386&#8221;User updated successfully. ID:1386
03-22-2022 @ 11:23:21 - > Finished importing user 1386
03-22-2022 @ 11:23:21 - Row :7 - User updated successfully.
03-22-2022 @ 11:23:21 - Row :8 - Parsing item.
03-22-2022 @ 11:23:21 - Row :8 - Processing item.
03-22-2022 @ 11:23:21 - Processing users.
03-22-2022 @ 11:23:21 - > &#8220;1984&#8221;User updated successfully. ID:1984
03-22-2022 @ 11:23:21 - > Finished importing user 1984
03-22-2022 @ 11:23:21 - Row :8 - User updated successfully.
03-22-2022 @ 11:23:21 - Row :9 - Parsing item.
03-22-2022 @ 11:23:21 - Row :9 - Processing item.
03-22-2022 @ 11:23:21 - Processing users.
03-22-2022 @ 11:23:21 - > &#8220;1012&#8221;User updated successfully. ID:1012
03-22-2022 @ 11:23:21 - > Finished importing user 1012
03-22-2022 @ 11:23:21 - Row :9 - User updated successfully.
03-22-2022 @ 11:23:21 - Row :10 - Parsing item.
03-22-2022 @ 11:23:21 - Row :10 - Processing item.
03-22-2022 @ 11:23:21 - Processing users.
03-22-2022 @ 11:23:21 - > &#8220;1046&#8221;User updated successfully. ID:1046
03-22-2022 @ 11:23:21 - > Finished importing user 1046
03-22-2022 @ 11:23:21 - Row :10 - User updated successfully.
03-22-2022 @ 11:23:21 - Preparing for import.
03-22-2022 @ 11:23:21 - Row :11 - Parsing item.
03-22-2022 @ 11:23:21 - Row :11 - Processing item.
03-22-2022 @ 11:23:21 - Processing users.
03-22-2022 @ 11:23:21 - > &#8220;1340&#8221;User updated successfully. ID:1340
03-22-2022 @ 11:23:21 - > Finished importing user 1340
03-22-2022 @ 11:23:21 - Row :11 - User updated successfully.
03-22-2022 @ 11:23:21 - Row :12 - Parsing item.
03-22-2022 @ 11:23:21 - Row :12 - Processing item.
03-22-2022 @ 11:23:21 - Processing users.
03-22-2022 @ 11:23:21 - > &#8220;1148&#8221;User updated successfully. ID:1148
03-22-2022 @ 11:23:21 - > Finished importing user 1148
03-22-2022 @ 11:23:21 - Row :12 - User updated successfully.
03-22-2022 @ 11:23:21 - Row :13 - Parsing item.
03-22-2022 @ 11:23:21 - Row :13 - Processing item.
03-22-2022 @ 11:23:21 - Processing users.
03-22-2022 @ 11:23:21 - > &#8220;1591&#8221;User updated successfully. ID:1591
03-22-2022 @ 11:23:21 - > Finished importing user 1591
03-22-2022 @ 11:23:21 - Row :13 - User updated successfully.
03-22-2022 @ 11:23:21 - Row :14 - Parsing item.
03-22-2022 @ 11:23:21 - Row :14 - Processing item.
03-22-2022 @ 11:23:21 - Processing users.
03-22-2022 @ 11:23:21 - > &#8220;1278&#8221;User updated successfully. ID:1278
03-22-2022 @ 11:23:21 - > Finished importing user 1278
03-22-2022 @ 11:23:21 - Row :14 - User updated successfully.
03-22-2022 @ 11:23:21 - Row :15 - Parsing item.
03-22-2022 @ 11:23:21 - Row :15 - Processing item.
03-22-2022 @ 11:23:21 - Processing users.
03-22-2022 @ 11:23:21 - > &#8220;1082&#8221;User updated successfully. ID:1082
03-22-2022 @ 11:23:21 - > Finished importing user 1082
03-22-2022 @ 11:23:21 - Row :15 - User updated successfully.
03-22-2022 @ 11:23:21 - Row :16 - Parsing item.
03-22-2022 @ 11:23:21 - Row :16 - Processing item.
03-22-2022 @ 11:23:21 - Processing users.
03-22-2022 @ 11:23:21 - > &#8220;1878&#8221;User updated successfully. ID:1878
03-22-2022 @ 11:23:21 - > Finished importing user 1878
03-22-2022 @ 11:23:21 - Row :16 - User updated successfully.
03-22-2022 @ 11:23:21 - Row :17 - Parsing item.
03-22-2022 @ 11:23:21 - Row :17 - Processing item.
03-22-2022 @ 11:23:21 - Processing users.
03-22-2022 @ 11:23:21 - > &#8220;1216&#8221;User updated successfully. ID:1216
03-22-2022 @ 11:23:21 - > Finished importing user 1216
03-22-2022 @ 11:23:21 - Row :17 - User updated successfully.
03-22-2022 @ 11:23:21 - Row :18 - Parsing item.
03-22-2022 @ 11:23:21 - Row :18 - Processing item.
03-22-2022 @ 11:23:21 - Processing users.
03-22-2022 @ 11:23:22 - > &#8220;1515&#8221;User updated successfully. ID:1515
03-22-2022 @ 11:23:22 - > Finished importing user 1515
03-22-2022 @ 11:23:22 - Row :18 - User updated successfully.
03-22-2022 @ 11:23:22 - Row :19 - Parsing item.
03-22-2022 @ 11:23:22 - Row :19 - Processing item.
03-22-2022 @ 11:23:22 - Processing users.
03-22-2022 @ 11:23:22 - > &#8220;1478&#8221;User updated successfully. ID:1478
03-22-2022 @ 11:23:22 - > Finished importing user 1478
03-22-2022 @ 11:23:22 - Row :19 - User updated successfully.
03-22-2022 @ 11:23:22 - Row :20 - Parsing item.
03-22-2022 @ 11:23:22 - Row :20 - Processing item.
03-22-2022 @ 11:23:22 - Processing users.
03-22-2022 @ 11:23:22 - > &#8220;1290&#8221;User updated successfully. ID:1290
03-22-2022 @ 11:23:22 - > Finished importing user 1290
03-22-2022 @ 11:23:22 - Row :20 - User updated successfully.
03-22-2022 @ 11:23:22 - Preparing for import.
03-22-2022 @ 11:23:22 - Row :21 - Parsing item.
03-22-2022 @ 11:23:22 - Row :21 - Processing item.
03-22-2022 @ 11:23:22 - Processing users.
03-22-2022 @ 11:23:22 - > &#8220;1633&#8221;User updated successfully. ID:1633
03-22-2022 @ 11:23:22 - > Finished importing user 1633
03-22-2022 @ 11:23:22 - Row :21 - User updated successfully.
03-22-2022 @ 11:23:22 - Row :22 - Parsing item.
03-22-2022 @ 11:23:22 - Row :22 - Processing item.
03-22-2022 @ 11:23:22 - Processing users.
03-22-2022 @ 11:23:22 - > &#8220;1897&#8221;User updated successfully. ID:1897
03-22-2022 @ 11:23:22 - > Finished importing user 1897
03-22-2022 @ 11:23:22 - Row :22 - User updated successfully.
03-22-2022 @ 11:23:22 - Row :23 - Parsing item.
03-22-2022 @ 11:23:22 - Row :23 - Processing item.
03-22-2022 @ 11:23:22 - Processing users.
03-22-2022 @ 11:23:22 - > &#8220;1535&#8221;User updated successfully. ID:1535
03-22-2022 @ 11:23:22 - > Finished importing user 1535
03-22-2022 @ 11:23:22 - Row :23 - User updated successfully.
03-22-2022 @ 11:23:22 - Row :24 - Parsing item.
03-22-2022 @ 11:23:22 - Row :24 - Processing item.
03-22-2022 @ 11:23:22 - Processing users.
03-22-2022 @ 11:23:22 - > &#8220;1835&#8221;User updated successfully. ID:1835
03-22-2022 @ 11:23:22 - > Finished importing user 1835
03-22-2022 @ 11:23:22 - Row :24 - User updated successfully.
03-22-2022 @ 11:23:22 - Row :25 - Parsing item.
03-22-2022 @ 11:23:22 - Row :25 - Processing item.
03-22-2022 @ 11:23:22 - Processing users.
03-22-2022 @ 11:23:22 - > &#8220;1860&#8221;User updated successfully. ID:1860
03-22-2022 @ 11:23:22 - > Finished importing user 1860
03-22-2022 @ 11:23:22 - Row :25 - User updated successfully.
03-22-2022 @ 11:23:22 - Row :26 - Parsing item.
03-22-2022 @ 11:23:22 - Row :26 - Processing item.
03-22-2022 @ 11:23:22 - Processing users.
03-22-2022 @ 11:23:22 - > &#8220;1470&#8221;User updated successfully. ID:1470
03-22-2022 @ 11:23:22 - > Finished importing user 1470
03-22-2022 @ 11:23:22 - Row :26 - User updated successfully.
03-22-2022 @ 11:23:22 - Row :27 - Parsing item.
03-22-2022 @ 11:23:22 - Row :27 - Processing item.
03-22-2022 @ 11:23:22 - Processing users.
03-22-2022 @ 11:23:22 - > &#8220;1085&#8221;User updated successfully. ID:1085
03-22-2022 @ 11:23:22 - > Finished importing user 1085
03-22-2022 @ 11:23:22 - Row :27 - User updated successfully.
03-22-2022 @ 11:23:22 - Row :28 - Parsing item.
03-22-2022 @ 11:23:22 - Row :28 - Processing item.
03-22-2022 @ 11:23:22 - Processing users.
03-22-2022 @ 11:23:22 - > &#8220;1017&#8221;User updated successfully. ID:1017
03-22-2022 @ 11:23:22 - > Finished importing user 1017
03-22-2022 @ 11:23:22 - Row :28 - User updated successfully.
03-22-2022 @ 11:23:22 - Row :29 - Parsing item.
03-22-2022 @ 11:23:22 - Row :29 - Processing item.
03-22-2022 @ 11:23:22 - Processing users.
03-22-2022 @ 11:23:22 - > &#8220;5&#8221;User updated successfully. ID:5
03-22-2022 @ 11:23:22 - > Finished importing user 5
03-22-2022 @ 11:23:22 - Row :29 - User updated successfully.
03-22-2022 @ 11:23:22 - Row :30 - Parsing item.
03-22-2022 @ 11:23:22 - Row :30 - Processing item.
03-22-2022 @ 11:23:22 - Processing users.
03-22-2022 @ 11:23:22 - > &#8220;1517&#8221;User updated successfully. ID:1517
03-22-2022 @ 11:23:22 - > Finished importing user 1517
03-22-2022 @ 11:23:22 - Row :30 - User updated successfully.
03-22-2022 @ 11:23:23 - Preparing for import.
03-22-2022 @ 11:23:23 - Row :31 - Parsing item.
03-22-2022 @ 11:23:23 - Row :31 - Processing item.
03-22-2022 @ 11:23:23 - Processing users.
03-22-2022 @ 11:23:23 - > &#8220;1165&#8221;User updated successfully. ID:1165
03-22-2022 @ 11:23:23 - > Finished importing user 1165
03-22-2022 @ 11:23:23 - Row :31 - User updated successfully.
03-22-2022 @ 11:23:23 - Row :32 - Parsing item.
03-22-2022 @ 11:23:23 - Row :32 - Processing item.
03-22-2022 @ 11:23:23 - Processing users.
03-22-2022 @ 11:23:23 - > &#8220;1788&#8221;User updated successfully. ID:1788
03-22-2022 @ 11:23:23 - > Finished importing user 1788
03-22-2022 @ 11:23:23 - Row :32 - User updated successfully.
03-22-2022 @ 11:23:23 - Row :33 - Parsing item.
03-22-2022 @ 11:23:23 - Row :33 - Processing item.
03-22-2022 @ 11:23:23 - Processing users.
03-22-2022 @ 11:23:23 - > &#8220;1400&#8221;User updated successfully. ID:1400
03-22-2022 @ 11:23:23 - > Finished importing user 1400
03-22-2022 @ 11:23:23 - Row :33 - User updated successfully.
03-22-2022 @ 11:23:23 - Row :34 - Parsing item.
03-22-2022 @ 11:23:23 - Row :34 - Processing item.
03-22-2022 @ 11:23:23 - Processing users.
03-22-2022 @ 11:23:23 - > &#8220;1169&#8221;User updated successfully. ID:1169
03-22-2022 @ 11:23:23 - > Finished importing user 1169
03-22-2022 @ 11:23:23 - Row :34 - User updated successfully.
03-22-2022 @ 11:23:23 - Row :35 - Parsing item.
03-22-2022 @ 11:23:23 - Row :35 - Processing item.
03-22-2022 @ 11:23:23 - Processing users.
03-22-2022 @ 11:23:23 - > &#8220;1799&#8221;User updated successfully. ID:1799
03-22-2022 @ 11:23:23 - > Finished importing user 1799
03-22-2022 @ 11:23:23 - Row :35 - User updated successfully.
03-22-2022 @ 11:23:23 - Row :36 - Parsing item.
03-22-2022 @ 11:23:23 - Row :36 - Processing item.
03-22-2022 @ 11:23:23 - Processing users.
03-22-2022 @ 11:23:23 - > &#8220;1752&#8221;User updated successfully. ID:1752
03-22-2022 @ 11:23:23 - > Finished importing user 1752
03-22-2022 @ 11:23:23 - Row :36 - User updated successfully.
03-22-2022 @ 11:23:23 - Row :37 - Parsing item.
03-22-2022 @ 11:23:23 - Row :37 - Processing item.
03-22-2022 @ 11:23:23 - Processing users.
03-22-2022 @ 11:23:23 - > &#8220;1973&#8221;User updated successfully. ID:1973
03-22-2022 @ 11:23:23 - > Finished importing user 1973
03-22-2022 @ 11:23:23 - Row :37 - User updated successfully.
03-22-2022 @ 11:23:23 - Row :38 - Parsing item.
03-22-2022 @ 11:23:23 - Row :38 - Processing item.
03-22-2022 @ 11:23:23 - Processing users.
03-22-2022 @ 11:23:23 - > &#8220;1916&#8221;User updated successfully. ID:1916
03-22-2022 @ 11:23:23 - > Finished importing user 1916
03-22-2022 @ 11:23:23 - Row :38 - User updated successfully.
03-22-2022 @ 11:23:23 - Row :39 - Parsing item.
03-22-2022 @ 11:23:23 - Row :39 - Processing item.
03-22-2022 @ 11:23:23 - Processing users.
03-22-2022 @ 11:23:23 - > &#8220;1651&#8221;User updated successfully. ID:1651
03-22-2022 @ 11:23:23 - > Finished importing user 1651
03-22-2022 @ 11:23:23 - Row :39 - User updated successfully.
03-22-2022 @ 11:23:23 - Row :40 - Parsing item.
03-22-2022 @ 11:23:23 - Row :40 - Processing item.
03-22-2022 @ 11:23:23 - Processing users.
03-22-2022 @ 11:23:23 - > &#8220;1295&#8221;User updated successfully. ID:1295
03-22-2022 @ 11:23:23 - > Finished importing user 1295
03-22-2022 @ 11:23:23 - Row :40 - User updated successfully.
03-22-2022 @ 11:23:24 - Preparing for import.
03-22-2022 @ 11:23:24 - Row :41 - Parsing item.
03-22-2022 @ 11:23:24 - Row :41 - Processing item.
03-22-2022 @ 11:23:24 - Processing users.
03-22-2022 @ 11:23:24 - > &#8220;1815&#8221;User updated successfully. ID:1815
03-22-2022 @ 11:23:24 - > Finished importing user 1815
03-22-2022 @ 11:23:24 - Row :41 - User updated successfully.
03-22-2022 @ 11:23:24 - Row :42 - Parsing item.
03-22-2022 @ 11:23:24 - Row :42 - Processing item.
03-22-2022 @ 11:23:24 - Processing users.
03-22-2022 @ 11:23:24 - > &#8220;1689&#8221;User updated successfully. ID:1689
03-22-2022 @ 11:23:24 - > Finished importing user 1689
03-22-2022 @ 11:23:24 - Row :42 - User updated successfully.
03-22-2022 @ 11:23:24 - Row :43 - Parsing item.
03-22-2022 @ 11:23:24 - Row :43 - Processing item.
03-22-2022 @ 11:23:24 - Processing users.
03-22-2022 @ 11:23:24 - > &#8220;1731&#8221;User updated successfully. ID:1731
03-22-2022 @ 11:23:24 - > Finished importing user 1731
03-22-2022 @ 11:23:24 - Row :43 - User updated successfully.
03-22-2022 @ 11:23:24 - Row :44 - Parsing item.
03-22-2022 @ 11:23:24 - Row :44 - Processing item.
03-22-2022 @ 11:23:24 - Processing users.
03-22-2022 @ 11:23:24 - > &#8220;1721&#8221;User updated successfully. ID:1721
03-22-2022 @ 11:23:24 - > Finished importing user 1721
03-22-2022 @ 11:23:24 - Row :44 - User updated successfully.
03-22-2022 @ 11:23:24 - Row :45 - Parsing item.
03-22-2022 @ 11:23:24 - Row :45 - Processing item.
03-22-2022 @ 11:23:24 - Processing users.
03-22-2022 @ 11:23:24 - > &#8220;1566&#8221;User updated successfully. ID:1566
03-22-2022 @ 11:23:24 - > Finished importing user 1566
03-22-2022 @ 11:23:24 - Row :45 - User updated successfully.
03-22-2022 @ 11:23:24 - Row :46 - Parsing item.
03-22-2022 @ 11:23:24 - Row :46 - Processing item.
03-22-2022 @ 11:23:24 - Processing users.
03-22-2022 @ 11:23:24 - > &#8220;1330&#8221;User updated successfully. ID:1330
03-22-2022 @ 11:23:24 - > Finished importing user 1330
03-22-2022 @ 11:23:24 - Row :46 - User updated successfully.
03-22-2022 @ 11:23:24 - Row :47 - Parsing item.
03-22-2022 @ 11:23:24 - Row :47 - Processing item.
03-22-2022 @ 11:23:24 - Processing users.
03-22-2022 @ 11:23:24 - > &#8220;1702&#8221;User updated successfully. ID:1702
03-22-2022 @ 11:23:24 - > Finished importing user 1702
03-22-2022 @ 11:23:24 - Row :47 - User updated successfully.
03-22-2022 @ 11:23:24 - Row :48 - Parsing item.
03-22-2022 @ 11:23:24 - Row :48 - Processing item.
03-22-2022 @ 11:23:24 - Processing users.
03-22-2022 @ 11:23:25 - > &#8220;1040&#8221;User updated successfully. ID:1040
03-22-2022 @ 11:23:25 - > Finished importing user 1040
03-22-2022 @ 11:23:25 - Row :48 - User updated successfully.
03-22-2022 @ 11:23:25 - Row :49 - Parsing item.
03-22-2022 @ 11:23:25 - Row :49 - Processing item.
03-22-2022 @ 11:23:25 - Processing users.
03-22-2022 @ 11:23:25 - > &#8220;1059&#8221;User updated successfully. ID:1059
03-22-2022 @ 11:23:25 - > Finished importing user 1059
03-22-2022 @ 11:23:25 - Row :49 - User updated successfully.
03-22-2022 @ 11:23:25 - Row :50 - Parsing item.
03-22-2022 @ 11:23:25 - Row :50 - Processing item.
03-22-2022 @ 11:23:25 - Processing users.
03-22-2022 @ 11:23:25 - > &#8220;1929&#8221;User updated successfully. ID:1929
03-22-2022 @ 11:23:25 - > Finished importing user 1929
03-22-2022 @ 11:23:25 - Row :50 - User updated successfully.
03-22-2022 @ 11:23:26 - Preparing for import.
03-22-2022 @ 11:23:26 - Row :51 - Parsing item.
03-22-2022 @ 11:23:26 - Row :51 - Processing item.
03-22-2022 @ 11:23:26 - Processing users.
03-22-2022 @ 11:23:26 - > &#8220;1930&#8221;User updated successfully. ID:1930
03-22-2022 @ 11:23:26 - > Finished importing user 1930
03-22-2022 @ 11:23:26 - Row :51 - User updated successfully.
03-22-2022 @ 11:23:26 - Row :52 - Parsing item.
03-22-2022 @ 11:23:26 - Row :52 - Processing item.
03-22-2022 @ 11:23:26 - Processing users.
03-22-2022 @ 11:23:26 - > &#8220;1504&#8221;User updated successfully. ID:1504
03-22-2022 @ 11:23:26 - > Finished importing user 1504
03-22-2022 @ 11:23:26 - Row :52 - User updated successfully.
03-22-2022 @ 11:23:26 - Row :53 - Parsing item.
03-22-2022 @ 11:23:26 - Row :53 - Processing item.
03-22-2022 @ 11:23:26 - Processing users.
03-22-2022 @ 11:23:26 - > &#8220;1600&#8221;User updated successfully. ID:1600
03-22-2022 @ 11:23:26 - > Finished importing user 1600
03-22-2022 @ 11:23:26 - Row :53 - User updated successfully.
03-22-2022 @ 11:23:26 - Row :54 - Parsing item.
03-22-2022 @ 11:23:26 - Row :54 - Processing item.
03-22-2022 @ 11:23:26 - Processing users.
03-22-2022 @ 11:23:26 - > &#8220;1728&#8221;User updated successfully. ID:1728
03-22-2022 @ 11:23:26 - > Finished importing user 1728
03-22-2022 @ 11:23:26 - Row :54 - User updated successfully.
03-22-2022 @ 11:23:26 - Row :55 - Parsing item.
03-22-2022 @ 11:23:26 - Row :55 - Processing item.
03-22-2022 @ 11:23:26 - Processing users.
03-22-2022 @ 11:23:26 - > &#8220;1942&#8221;User updated successfully. ID:1942
03-22-2022 @ 11:23:26 - > Finished importing user 1942
03-22-2022 @ 11:23:26 - Row :55 - User updated successfully.
03-22-2022 @ 11:23:26 - Row :56 - Parsing item.
03-22-2022 @ 11:23:26 - Row :56 - Processing item.
03-22-2022 @ 11:23:26 - Processing users.
03-22-2022 @ 11:23:26 - > &#8220;1902&#8221;User updated successfully. ID:1902
03-22-2022 @ 11:23:26 - > Finished importing user 1902
03-22-2022 @ 11:23:26 - Row :56 - User updated successfully.
03-22-2022 @ 11:23:26 - Row :57 - Parsing item.
03-22-2022 @ 11:23:26 - Row :57 - Processing item.
03-22-2022 @ 11:23:26 - Processing users.
03-22-2022 @ 11:23:26 - > &#8220;1619&#8221;User updated successfully. ID:1619
03-22-2022 @ 11:23:26 - > Finished importing user 1619
03-22-2022 @ 11:23:26 - Row :57 - User updated successfully.
03-22-2022 @ 11:23:26 - Row :58 - Parsing item.
03-22-2022 @ 11:23:26 - Row :58 - Processing item.
03-22-2022 @ 11:23:26 - Processing users.
03-22-2022 @ 11:23:26 - > &#8220;1213&#8221;User updated successfully. ID:1213
03-22-2022 @ 11:23:26 - > Finished importing user 1213
03-22-2022 @ 11:23:26 - Row :58 - User updated successfully.
03-22-2022 @ 11:23:26 - Row :59 - Parsing item.
03-22-2022 @ 11:23:26 - Row :59 - Processing item.
03-22-2022 @ 11:23:26 - Processing users.
03-22-2022 @ 11:23:26 - > &#8220;1249&#8221;User updated successfully. ID:1249
03-22-2022 @ 11:23:26 - > Finished importing user 1249
03-22-2022 @ 11:23:26 - Row :59 - User updated successfully.
03-22-2022 @ 11:23:26 - Row :60 - Parsing item.
03-22-2022 @ 11:23:26 - Row :60 - Processing item.
03-22-2022 @ 11:23:26 - Processing users.
03-22-2022 @ 11:23:26 - > &#8220;1890&#8221;User updated successfully. ID:1890
03-22-2022 @ 11:23:26 - > Finished importing user 1890
03-22-2022 @ 11:23:26 - Row :60 - User updated successfully.
